
RAxML-NG v. 1.2.2 released on 11.04.2024 by The Exelixis Lab.
Developed by: Alexey M. Kozlov and Alexandros Stamatakis.
Contributors: Diego Darriba, Tomas Flouri, Benoit Morel, Sarah Lutteropp, Ben Bettisworth, Julia Haag, Anastasis Togkousidis.
Latest version: https://github.com/amkozlov/raxml-ng
Questions/problems/suggestions? Please visit: https://groups.google.com/forum/#!forum/raxml

System: Intel(R) Xeon(R) CPU E7-8867 v4 @ 2.40GHz, 72 cores, 3023 GB RAM (allocated: 36 physical cores)

RAxML-NG was called at 14-Jun-2024 14:31:26 as follows:

raxml-ng --all --threads 32 --msa strand_1_maf_9_heterozygosityAncient_recombinationAll_aidaexclusionsRepeatRNA_minorafcovper95_full_qc.fa --outgroup YAC --model GTR+G --prefix full_tree_alignment_1000bs_ML_all_production_run_fullqc_tbe_bs --bs-trees 1000 --bs-metric TBE

Analysis options:
  run mode: ML tree search + bootstrapping (Transfer Bootstrap)
  start tree(s): random (10) + parsimony (10)
  bootstrap replicates: parsimony (1000)
  outgroup taxa: YAC
  random seed: 1718368286
  tip-inner: OFF
  pattern compression: ON
  per-rate scalers: OFF
  site repeats: ON
  logLH epsilon: general: 10.000000, brlen-triplet: 1000.000000
  fast spr radius: AUTO
  spr subtree cutoff: 1.000000
  fast CLV updates: ON
  branch lengths: proportional (ML estimate, algorithm: NR-FAST)
  SIMD kernels: AVX2
  parallelization: coarse-grained (auto), PTHREADS (32 threads), thread pinning: OFF

[00:00:00] Reading alignment from file: strand_1_maf_9_heterozygosityAncient_recombinationAll_aidaexclusionsRepeatRNA_minorafcovper95_full_qc.fa
[00:00:00] Loaded alignment with 201 taxa and 4444 sites

Alignment comprises 1 partitions and 4442 patterns

Partition 0: noname
Model: GTR+FO+G4m
Alignment sites / patterns: 4444 / 4442
Gaps: 7.41 %
Invariant sites: 0.00 %


NOTE: Binary MSA file created: full_tree_alignment_1000bs_ML_all_production_run_fullqc_tbe_bs.raxml.rba

Parallelization scheme autoconfig: 8 worker(s) x 4 thread(s)

[00:00:00] Generating 10 random starting tree(s) with 201 taxa
[00:00:00] Generating 10 parsimony starting tree(s) with 201 taxa
Parallel parsimony with 32 threads
Parallel reduction/worker buffer size: 1 KB  / 0 KB

[00:00:00] Data distribution: max. partitions/sites/weight per thread: 1 / 1111 / 17776
[00:00:00] Data distribution: max. searches per worker: 128

Starting ML tree search with 20 distinct starting trees

[00:01:28] [worker #7] ML tree search #8, logLikelihood: -35586.275985
[00:01:29] [worker #1] ML tree search #2, logLikelihood: -35586.281378
[00:01:29] [worker #5] ML tree search #6, logLikelihood: -35586.282629
[00:01:30] [worker #6] ML tree search #7, logLikelihood: -35586.279885
[00:01:30] [worker #3] ML tree search #4, logLikelihood: -35586.276863
[00:01:31] [worker #4] ML tree search #5, logLikelihood: -35586.275994
[00:01:33] [worker #0] ML tree search #1, logLikelihood: -35586.278619
[00:01:38] [worker #2] ML tree search #3, logLikelihood: -35586.278873
[00:02:15] [worker #5] ML tree search #14, logLikelihood: -35586.275457
[00:02:18] [worker #4] ML tree search #13, logLikelihood: -35586.274830
[00:02:22] [worker #3] ML tree search #12, logLikelihood: -35586.276291
[00:02:27] [worker #7] ML tree search #16, logLikelihood: -35586.273660
[00:02:28] [worker #6] ML tree search #15, logLikelihood: -35586.273627
[00:02:37] [worker #2] ML tree search #11, logLikelihood: -35586.273714
[00:02:56] [worker #0] ML tree search #9, logLikelihood: -35586.275040
[00:02:56] [worker #1] ML tree search #10, logLikelihood: -35586.275198
[00:03:09] [worker #3] ML tree search #20, logLikelihood: -35586.277252
[00:03:23] [worker #2] ML tree search #19, logLikelihood: -35586.276213
[00:03:42] [worker #1] ML tree search #18, logLikelihood: -35586.274993
[00:03:45] [worker #0] ML tree search #17, logLikelihood: -35586.275534

[00:03:45] ML tree search completed, best tree logLH: -35586.273627

[00:03:45] Starting bootstrapping analysis with 1000 replicates.

[00:04:17] [worker #6] Bootstrap tree #7, logLikelihood: -35556.822147
[00:04:17] [worker #2] Bootstrap tree #3, logLikelihood: -35532.683334
[00:04:17] [worker #0] Bootstrap tree #1, logLikelihood: -35215.749469
[00:04:17] [worker #1] Bootstrap tree #2, logLikelihood: -35404.620013
[00:04:19] [worker #3] Bootstrap tree #4, logLikelihood: -35399.742143
[00:04:21] [worker #4] Bootstrap tree #5, logLikelihood: -35397.272734
[00:04:22] [worker #7] Bootstrap tree #8, logLikelihood: -35317.964474
[00:04:22] [worker #5] Bootstrap tree #6, logLikelihood: -35381.921041
[00:04:48] [worker #6] Bootstrap tree #15, logLikelihood: -35288.702133
[00:04:50] [worker #1] Bootstrap tree #10, logLikelihood: -35377.624339
[00:04:51] [worker #2] Bootstrap tree #11, logLikelihood: -35453.152629
[00:04:54] [worker #5] Bootstrap tree #14, logLikelihood: -35290.934067
[00:04:56] [worker #4] Bootstrap tree #13, logLikelihood: -35594.982015
[00:04:57] [worker #0] Bootstrap tree #9, logLikelihood: -35329.270905
[00:05:02] [worker #7] Bootstrap tree #16, logLikelihood: -35375.909703
[00:05:02] [worker #3] Bootstrap tree #12, logLikelihood: -35295.086887
[00:05:22] [worker #1] Bootstrap tree #18, logLikelihood: -35638.617569
[00:05:23] [worker #6] Bootstrap tree #23, logLikelihood: -35612.540257
[00:05:23] [worker #2] Bootstrap tree #19, logLikelihood: -35366.860665
[00:05:29] [worker #4] Bootstrap tree #21, logLikelihood: -35283.064247
[00:05:32] [worker #3] Bootstrap tree #20, logLikelihood: -35326.101682
[00:05:35] [worker #0] Bootstrap tree #17, logLikelihood: -35241.103866
[00:05:37] [worker #5] Bootstrap tree #22, logLikelihood: -35436.374716
[00:05:38] [worker #7] Bootstrap tree #24, logLikelihood: -35484.513484
[00:05:53] [worker #1] Bootstrap tree #26, logLikelihood: -35336.127521
[00:05:54] [worker #6] Bootstrap tree #31, logLikelihood: -35635.914664
[00:05:58] [worker #2] Bootstrap tree #27, logLikelihood: -35400.978645
[00:06:03] [worker #4] Bootstrap tree #29, logLikelihood: -35350.205967
[00:06:08] [worker #3] Bootstrap tree #28, logLikelihood: -35570.526255
[00:06:09] [worker #0] Bootstrap tree #25, logLikelihood: -35071.515805
[00:06:10] [worker #5] Bootstrap tree #30, logLikelihood: -35509.190013
[00:06:11] [worker #7] Bootstrap tree #32, logLikelihood: -35320.332906
[00:06:32] [worker #1] Bootstrap tree #34, logLikelihood: -35301.849792
[00:06:33] [worker #6] Bootstrap tree #39, logLikelihood: -35393.912415
[00:06:36] [worker #2] Bootstrap tree #35, logLikelihood: -35529.939249
[00:06:40] [worker #4] Bootstrap tree #37, logLikelihood: -35457.645916
[00:06:43] [worker #3] Bootstrap tree #36, logLikelihood: -35542.156717
[00:06:45] [worker #0] Bootstrap tree #33, logLikelihood: -35445.562682
[00:06:46] [worker #7] Bootstrap tree #40, logLikelihood: -35422.907300
[00:06:48] [worker #5] Bootstrap tree #38, logLikelihood: -35369.443057
[00:07:02] [worker #1] Bootstrap tree #42, logLikelihood: -35343.939708
[00:07:07] [worker #6] Bootstrap tree #47, logLikelihood: -35506.816771
[00:07:14] [worker #2] Bootstrap tree #43, logLikelihood: -35441.942595
[00:07:16] [worker #0] Bootstrap tree #41, logLikelihood: -35593.665919
[00:07:17] [worker #4] Bootstrap tree #45, logLikelihood: -35426.572333
[00:07:19] [worker #3] Bootstrap tree #44, logLikelihood: -35655.784905
[00:07:22] [worker #5] Bootstrap tree #46, logLikelihood: -35555.833385
[00:07:22] [worker #7] Bootstrap tree #48, logLikelihood: -35341.454161
[00:07:32] [worker #1] Bootstrap tree #50, logLikelihood: -35292.646760
[00:07:46] [worker #0] Bootstrap tree #49, logLikelihood: -35438.556929
[00:08:19] [worker #4] Bootstrap tree #53, logLikelihood: -35288.178847
[00:08:19] [worker #1] Bootstrap tree #58, logLikelihood: -35515.369699
[00:08:21] [worker #2] Bootstrap tree #51, logLikelihood: -35457.557617
[00:08:21] [worker #3] Bootstrap tree #52, logLikelihood: -35469.166614
[00:08:24] [worker #6] Bootstrap tree #55, logLikelihood: -35414.790889
[00:08:25] [worker #5] Bootstrap tree #54, logLikelihood: -35406.980712
[00:08:26] [worker #7] Bootstrap tree #56, logLikelihood: -35439.850564
[00:08:29] [worker #0] Bootstrap tree #57, logLikelihood: -35517.855247
[00:08:50] [worker #1] Bootstrap tree #66, logLikelihood: -35456.633745
[00:08:50] [worker #4] Bootstrap tree #61, logLikelihood: -35389.388101
[00:08:51] [worker #2] Bootstrap tree #59, logLikelihood: -35408.409198
[00:08:55] [worker #3] Bootstrap tree #60, logLikelihood: -35466.022564
[00:08:57] [worker #6] Bootstrap tree #63, logLikelihood: -35572.029164
[00:08:57] [worker #7] Bootstrap tree #64, logLikelihood: -35400.422784
[00:09:00] [worker #5] Bootstrap tree #62, logLikelihood: -35610.388418
[00:09:03] [worker #0] Bootstrap tree #65, logLikelihood: -35436.473966
[00:09:19] [worker #1] Bootstrap tree #74, logLikelihood: -35343.513516
[00:09:25] [worker #4] Bootstrap tree #69, logLikelihood: -35451.227029
[00:09:25] [worker #2] Bootstrap tree #67, logLikelihood: -35263.645297
[00:09:27] [worker #3] Bootstrap tree #68, logLikelihood: -35567.381184
[00:09:28] [worker #6] Bootstrap tree #71, logLikelihood: -35295.252598
[00:09:33] [worker #7] Bootstrap tree #72, logLikelihood: -35665.287831
[00:09:35] [worker #5] Bootstrap tree #70, logLikelihood: -35333.047315
[00:09:41] [worker #0] Bootstrap tree #73, logLikelihood: -35472.587273
[00:09:52] [worker #1] Bootstrap tree #82, logLikelihood: -35568.315901
[00:09:58] [worker #2] Bootstrap tree #75, logLikelihood: -35400.012303
[00:09:58] [worker #4] Bootstrap tree #77, logLikelihood: -35655.842436
[00:10:02] [worker #3] Bootstrap tree #76, logLikelihood: -35552.630447
[00:10:04] [worker #6] Bootstrap tree #79, logLikelihood: -35450.071432
[00:10:06] [worker #7] Bootstrap tree #80, logLikelihood: -35382.001717
[00:10:13] [worker #5] Bootstrap tree #78, logLikelihood: -35496.814611
[00:10:18] [worker #0] Bootstrap tree #81, logLikelihood: -35224.302774
[00:10:20] [worker #1] Bootstrap tree #90, logLikelihood: -35476.250976
[00:10:30] [worker #4] Bootstrap tree #85, logLikelihood: -35379.945085
[00:10:33] [worker #3] Bootstrap tree #84, logLikelihood: -35430.148127
[00:10:41] [worker #7] Bootstrap tree #88, logLikelihood: -35691.594849
[00:10:42] [worker #2] Bootstrap tree #83, logLikelihood: -35385.614394
[00:10:47] [worker #6] Bootstrap tree #87, logLikelihood: -35276.573704
[00:10:49] [worker #1] Bootstrap tree #98, logLikelihood: -35294.975205
[00:10:51] [worker #0] Bootstrap tree #89, logLikelihood: -35494.078383
[00:10:56] [worker #5] Bootstrap tree #86, logLikelihood: -35342.488698
[00:11:03] [worker #4] Bootstrap tree #93, logLikelihood: -35355.086517
[00:11:04] [worker #3] Bootstrap tree #92, logLikelihood: -35661.197716
[00:11:17] [worker #7] Bootstrap tree #96, logLikelihood: -35453.150606
[00:11:19] [worker #2] Bootstrap tree #91, logLikelihood: -35435.909526
[00:11:20] [worker #6] Bootstrap tree #95, logLikelihood: -35525.304989
[00:11:25] [worker #0] Bootstrap tree #97, logLikelihood: -35407.768902
[00:11:27] [worker #5] Bootstrap tree #94, logLikelihood: -35556.933190
[00:11:40] [worker #3] Bootstrap tree #100, logLikelihood: -35464.320845
[00:11:57] [worker #2] Bootstrap tree #99, logLikelihood: -35443.814904
[00:12:28] [worker #7] Bootstrap tree #104, logLikelihood: -35402.805609
[00:12:28] [worker #1] Bootstrap tree #106, logLikelihood: -35583.623298
[00:12:30] [worker #3] Bootstrap tree #108, logLikelihood: -35522.570992
[00:12:33] [worker #5] Bootstrap tree #102, logLikelihood: -35538.069957
[00:12:33] [worker #2] Bootstrap tree #107, logLikelihood: -35473.655925
[00:12:34] [worker #6] Bootstrap tree #103, logLikelihood: -35473.089908
[00:12:34] [worker #0] Bootstrap tree #105, logLikelihood: -35601.240900
[00:12:40] [worker #4] Bootstrap tree #101, logLikelihood: -35374.172416
[00:13:03] [worker #7] Bootstrap tree #112, logLikelihood: -35435.859685
[00:13:05] [worker #3] Bootstrap tree #116, logLikelihood: -35088.016041
[00:13:05] [worker #1] Bootstrap tree #114, logLikelihood: -35186.607013
[00:13:06] [worker #5] Bootstrap tree #110, logLikelihood: -35343.469507
[00:13:11] [worker #0] Bootstrap tree #113, logLikelihood: -35465.991962
[00:13:12] [worker #2] Bootstrap tree #115, logLikelihood: -35480.857977
[00:13:12] [worker #6] Bootstrap tree #111, logLikelihood: -35322.842972
[00:13:15] [worker #4] Bootstrap tree #109, logLikelihood: -35267.613992
[00:13:36] [worker #7] Bootstrap tree #120, logLikelihood: -35338.525171
[00:13:37] [worker #1] Bootstrap tree #122, logLikelihood: -35320.791254
[00:13:40] [worker #3] Bootstrap tree #124, logLikelihood: -35479.753023
[00:13:42] [worker #5] Bootstrap tree #118, logLikelihood: -35500.617939
[00:13:45] [worker #0] Bootstrap tree #121, logLikelihood: -35275.422492
[00:13:46] [worker #2] Bootstrap tree #123, logLikelihood: -35526.578542
[00:13:47] [worker #6] Bootstrap tree #119, logLikelihood: -35194.217327
[00:13:48] [worker #4] Bootstrap tree #117, logLikelihood: -35336.508215
[00:14:12] [worker #1] Bootstrap tree #130, logLikelihood: -35520.305349
[00:14:13] [worker #3] Bootstrap tree #132, logLikelihood: -35587.597681
[00:14:18] [worker #5] Bootstrap tree #126, logLikelihood: -35700.126575
[00:14:19] [worker #6] Bootstrap tree #127, logLikelihood: -35444.094135
[00:14:19] [worker #0] Bootstrap tree #129, logLikelihood: -35518.432360
[00:14:20] [worker #7] Bootstrap tree #128, logLikelihood: -35528.377129
[00:14:24] [worker #4] Bootstrap tree #125, logLikelihood: -35470.169270
[00:14:25] [worker #2] Bootstrap tree #131, logLikelihood: -35417.107237
[00:14:42] [worker #1] Bootstrap tree #138, logLikelihood: -35752.460833
[00:14:49] [worker #3] Bootstrap tree #140, logLikelihood: -35401.141276
[00:14:51] [worker #5] Bootstrap tree #134, logLikelihood: -35532.002180
[00:14:51] [worker #6] Bootstrap tree #135, logLikelihood: -35556.033074
[00:14:53] [worker #7] Bootstrap tree #136, logLikelihood: -35240.245456
[00:14:55] [worker #2] Bootstrap tree #139, logLikelihood: -35430.508866
[00:14:56] [worker #0] Bootstrap tree #137, logLikelihood: -35340.842360
[00:15:00] [worker #4] Bootstrap tree #133, logLikelihood: -35407.494304
[00:15:12] [worker #1] Bootstrap tree #146, logLikelihood: -35442.482967
[00:15:24] [worker #3] Bootstrap tree #148, logLikelihood: -35383.786812
[00:15:25] [worker #5] Bootstrap tree #142, logLikelihood: -35600.197196
[00:15:26] [worker #2] Bootstrap tree #147, logLikelihood: -35368.323182
[00:15:27] [worker #7] Bootstrap tree #144, logLikelihood: -35518.703817
[00:15:30] [worker #6] Bootstrap tree #143, logLikelihood: -35238.249489
[00:15:34] [worker #4] Bootstrap tree #141, logLikelihood: -35435.014184
[00:15:35] [worker #0] Bootstrap tree #145, logLikelihood: -35576.613597
[00:16:01] [worker #5] Bootstrap tree #150, logLikelihood: -35311.362136
[00:16:06] [worker #4] Bootstrap tree #149, logLikelihood: -35407.960974
[00:16:37] [worker #1] Bootstrap tree #154, logLikelihood: -35201.090131
[00:16:39] [worker #6] Bootstrap tree #151, logLikelihood: -35478.341778
[00:16:41] [worker #0] Bootstrap tree #153, logLikelihood: -35232.378355
[00:16:42] [worker #5] Bootstrap tree #158, logLikelihood: -35492.401842
[00:16:43] [worker #3] Bootstrap tree #156, logLikelihood: -35523.289603
[00:16:44] [worker #7] Bootstrap tree #152, logLikelihood: -35444.067210
[00:16:46] [worker #4] Bootstrap tree #157, logLikelihood: -35384.114687
[00:16:46] [worker #2] Bootstrap tree #155, logLikelihood: -35364.264354
[00:17:11] [worker #1] Bootstrap tree #162, logLikelihood: -35469.022830
[00:17:14] [worker #6] Bootstrap tree #159, logLikelihood: -35558.726061
[00:17:15] [worker #3] Bootstrap tree #164, logLikelihood: -35543.333093
[00:17:16] [worker #0] Bootstrap tree #161, logLikelihood: -35460.129401
[00:17:18] [worker #4] Bootstrap tree #165, logLikelihood: -35351.420425
[00:17:19] [worker #7] Bootstrap tree #160, logLikelihood: -35650.211246
[00:17:21] [worker #5] Bootstrap tree #166, logLikelihood: -35267.375640
[00:17:21] [worker #2] Bootstrap tree #163, logLikelihood: -35268.488559
[00:17:44] [worker #1] Bootstrap tree #170, logLikelihood: -35579.885471
[00:17:46] [worker #6] Bootstrap tree #167, logLikelihood: -35407.249985
[00:17:48] [worker #3] Bootstrap tree #172, logLikelihood: -35670.547142
[00:17:53] [worker #0] Bootstrap tree #169, logLikelihood: -35506.969341
[00:17:53] [worker #7] Bootstrap tree #168, logLikelihood: -35529.663212
[00:17:53] [worker #4] Bootstrap tree #173, logLikelihood: -35394.440640
[00:17:55] [worker #2] Bootstrap tree #171, logLikelihood: -35310.110613
[00:17:57] [worker #5] Bootstrap tree #174, logLikelihood: -35311.523996
[00:18:16] [worker #1] Bootstrap tree #178, logLikelihood: -35336.047674
[00:18:20] [worker #3] Bootstrap tree #180, logLikelihood: -35293.258162
[00:18:22] [worker #6] Bootstrap tree #175, logLikelihood: -35366.539396
[00:18:27] [worker #0] Bootstrap tree #177, logLikelihood: -35373.591518
[00:18:27] [worker #4] Bootstrap tree #181, logLikelihood: -35420.818508
[00:18:28] [worker #7] Bootstrap tree #176, logLikelihood: -35410.263434
[00:18:28] [worker #5] Bootstrap tree #182, logLikelihood: -35484.615089
[00:18:34] [worker #2] Bootstrap tree #179, logLikelihood: -35596.673014
[00:18:49] [worker #1] Bootstrap tree #186, logLikelihood: -35693.022734
[00:18:53] [worker #3] Bootstrap tree #188, logLikelihood: -35508.882936
[00:18:59] [worker #6] Bootstrap tree #183, logLikelihood: -35414.546863
[00:18:59] [worker #4] Bootstrap tree #189, logLikelihood: -35634.512261
[00:19:00] [worker #7] Bootstrap tree #184, logLikelihood: -35442.246153
[00:19:02] [worker #5] Bootstrap tree #190, logLikelihood: -35428.669212
[00:19:02] [worker #0] Bootstrap tree #185, logLikelihood: -35388.175320
[00:19:08] [worker #2] Bootstrap tree #187, logLikelihood: -35344.222279
[00:19:21] [worker #1] Bootstrap tree #194, logLikelihood: -35458.319308
[00:19:25] [worker #3] Bootstrap tree #196, logLikelihood: -35445.104345
[00:19:31] [worker #4] Bootstrap tree #197, logLikelihood: -35461.464544
[00:19:34] [worker #0] Bootstrap tree #193, logLikelihood: -35347.359178
[00:19:36] [worker #6] Bootstrap tree #191, logLikelihood: -35339.260734
[00:19:36] [worker #7] Bootstrap tree #192, logLikelihood: -35328.604060
[00:19:36] [worker #5] Bootstrap tree #198, logLikelihood: -35476.023486
[00:19:41] [worker #2] Bootstrap tree #195, logLikelihood: -35438.436542
[00:20:07] [worker #6] Bootstrap tree #199, logLikelihood: -35340.728004
[00:20:09] [worker #7] Bootstrap tree #200, logLikelihood: -35264.560227
[00:20:39] [worker #1] Bootstrap tree #202, logLikelihood: -35275.306131
[00:20:42] [worker #0] Bootstrap tree #201, logLikelihood: -35306.402521
[00:20:43] [worker #6] Bootstrap tree #207, logLikelihood: -35547.869671
[00:20:45] [worker #2] Bootstrap tree #203, logLikelihood: -35367.191631
[00:20:47] [worker #7] Bootstrap tree #208, logLikelihood: -35347.347682
[00:20:49] [worker #3] Bootstrap tree #204, logLikelihood: -35487.233631
[00:20:49] [worker #5] Bootstrap tree #206, logLikelihood: -35494.784297
[00:20:52] [worker #4] Bootstrap tree #205, logLikelihood: -35529.225576
[00:21:17] [worker #1] Bootstrap tree #210, logLikelihood: -35568.120862
[00:21:18] [worker #6] Bootstrap tree #215, logLikelihood: -35679.276258
[00:21:19] [worker #2] Bootstrap tree #211, logLikelihood: -35220.199443
[00:21:19] [worker #7] Bootstrap tree #216, logLikelihood: -35467.416193
[00:21:20] [worker #0] Bootstrap tree #209, logLikelihood: -35420.858247
[00:21:21] [worker #3] Bootstrap tree #212, logLikelihood: -35600.086084
[00:21:25] [worker #5] Bootstrap tree #214, logLikelihood: -35110.282808
[00:21:27] [worker #4] Bootstrap tree #213, logLikelihood: -35353.301285
[00:21:46] [worker #1] Bootstrap tree #218, logLikelihood: -35379.879114
[00:21:49] [worker #7] Bootstrap tree #224, logLikelihood: -35585.392797
[00:21:51] [worker #0] Bootstrap tree #217, logLikelihood: -35345.118356
[00:21:52] [worker #2] Bootstrap tree #219, logLikelihood: -35494.785395
[00:21:54] [worker #3] Bootstrap tree #220, logLikelihood: -35511.578718
[00:21:57] [worker #5] Bootstrap tree #222, logLikelihood: -35309.742459
[00:21:59] [worker #6] Bootstrap tree #223, logLikelihood: -35124.325078
[00:22:00] [worker #4] Bootstrap tree #221, logLikelihood: -35308.353593
[00:22:20] [worker #1] Bootstrap tree #226, logLikelihood: -35275.614971
[00:22:23] [worker #7] Bootstrap tree #232, logLikelihood: -35437.647117
[00:22:25] [worker #2] Bootstrap tree #227, logLikelihood: -35419.215616
[00:22:25] [worker #0] Bootstrap tree #225, logLikelihood: -35486.193755
[00:22:29] [worker #6] Bootstrap tree #231, logLikelihood: -35370.705996
[00:22:29] [worker #3] Bootstrap tree #228, logLikelihood: -35422.532180
[00:22:36] [worker #5] Bootstrap tree #230, logLikelihood: -35483.005777
[00:22:44] [worker #4] Bootstrap tree #229, logLikelihood: -35414.612283
[00:22:53] [worker #1] Bootstrap tree #234, logLikelihood: -35243.128043
[00:23:00] [worker #0] Bootstrap tree #233, logLikelihood: -35310.922306
[00:23:01] [worker #7] Bootstrap tree #240, logLikelihood: -35515.634683
[00:23:01] [worker #2] Bootstrap tree #235, logLikelihood: -35367.149392
[00:23:03] [worker #6] Bootstrap tree #239, logLikelihood: -35486.679324
[00:23:05] [worker #3] Bootstrap tree #236, logLikelihood: -35409.298271
[00:23:08] [worker #5] Bootstrap tree #238, logLikelihood: -35388.973557
[00:23:17] [worker #4] Bootstrap tree #237, logLikelihood: -35633.175908
[00:23:25] [worker #1] Bootstrap tree #242, logLikelihood: -35323.002645
[00:23:32] [worker #0] Bootstrap tree #241, logLikelihood: -35308.998718
[00:23:34] [worker #7] Bootstrap tree #248, logLikelihood: -35335.921042
[00:23:35] [worker #6] Bootstrap tree #247, logLikelihood: -35574.238113
[00:23:37] [worker #2] Bootstrap tree #243, logLikelihood: -35694.584597
[00:23:37] [worker #3] Bootstrap tree #244, logLikelihood: -35232.350204
[00:23:42] [worker #5] Bootstrap tree #246, logLikelihood: -35508.525529
[00:23:50] [worker #4] Bootstrap tree #245, logLikelihood: -35449.497955
[00:23:58] [worker #1] Bootstrap tree #250, logLikelihood: -35339.758577
[00:24:08] [worker #0] Bootstrap tree #249, logLikelihood: -35481.331459
[00:24:38] [worker #4] Bootstrap tree #253, logLikelihood: -35357.888279
[00:24:40] [worker #5] Bootstrap tree #254, logLikelihood: -35499.441548
[00:24:40] [worker #7] Bootstrap tree #256, logLikelihood: -35357.898205
[00:24:42] [worker #2] Bootstrap tree #251, logLikelihood: -35576.156299
[00:24:44] [worker #6] Bootstrap tree #255, logLikelihood: -35348.000622
[00:24:44] [worker #0] Bootstrap tree #257, logLikelihood: -35469.706684
[00:24:44] [worker #1] Bootstrap tree #258, logLikelihood: -35300.758869
[00:24:44] [worker #3] Bootstrap tree #252, logLikelihood: -35418.585758
[00:25:09] [worker #4] Bootstrap tree #261, logLikelihood: -35459.311607
[00:25:13] [worker #1] Bootstrap tree #266, logLikelihood: -35654.783070
[00:25:16] [worker #7] Bootstrap tree #264, logLikelihood: -35529.157025
[00:25:16] [worker #2] Bootstrap tree #259, logLikelihood: -35595.442561
[00:25:18] [worker #3] Bootstrap tree #260, logLikelihood: -35182.568960
[00:25:19] [worker #0] Bootstrap tree #265, logLikelihood: -35615.021446
[00:25:19] [worker #5] Bootstrap tree #262, logLikelihood: -35375.396430
[00:25:22] [worker #6] Bootstrap tree #263, logLikelihood: -35431.373602
[00:25:42] [worker #4] Bootstrap tree #269, logLikelihood: -35638.401877
[00:25:52] [worker #3] Bootstrap tree #268, logLikelihood: -35459.500741
[00:25:54] [worker #0] Bootstrap tree #273, logLikelihood: -35282.978385
[00:25:54] [worker #2] Bootstrap tree #267, logLikelihood: -35570.507112
[00:25:55] [worker #5] Bootstrap tree #270, logLikelihood: -35347.237879
[00:25:55] [worker #1] Bootstrap tree #274, logLikelihood: -35464.686328
[00:25:55] [worker #7] Bootstrap tree #272, logLikelihood: -35386.712198
[00:25:57] [worker #6] Bootstrap tree #271, logLikelihood: -35477.720171
[00:26:17] [worker #4] Bootstrap tree #277, logLikelihood: -35390.643238
[00:26:25] [worker #2] Bootstrap tree #275, logLikelihood: -35381.512984
[00:26:26] [worker #3] Bootstrap tree #276, logLikelihood: -35330.089351
[00:26:27] [worker #1] Bootstrap tree #282, logLikelihood: -35449.598829
[00:26:28] [worker #5] Bootstrap tree #278, logLikelihood: -35354.227305
[00:26:29] [worker #0] Bootstrap tree #281, logLikelihood: -35215.703433
[00:26:31] [worker #6] Bootstrap tree #279, logLikelihood: -35315.907545
[00:26:31] [worker #7] Bootstrap tree #280, logLikelihood: -35366.632654
[00:26:55] [worker #4] Bootstrap tree #285, logLikelihood: -35386.909181
[00:27:01] [worker #1] Bootstrap tree #290, logLikelihood: -35531.517618
[00:27:02] [worker #3] Bootstrap tree #284, logLikelihood: -35562.495912
[00:27:05] [worker #7] Bootstrap tree #288, logLikelihood: -35227.265477
[00:27:06] [worker #2] Bootstrap tree #283, logLikelihood: -35502.157727
[00:27:06] [worker #0] Bootstrap tree #289, logLikelihood: -35702.914426
[00:27:07] [worker #6] Bootstrap tree #287, logLikelihood: -35505.926868
[00:27:09] [worker #5] Bootstrap tree #286, logLikelihood: -35661.225487
[00:27:27] [worker #4] Bootstrap tree #293, logLikelihood: -35400.460409
[00:27:34] [worker #1] Bootstrap tree #298, logLikelihood: -35393.466867
[00:27:38] [worker #2] Bootstrap tree #291, logLikelihood: -35289.678730
[00:27:39] [worker #3] Bootstrap tree #292, logLikelihood: -35218.356630
[00:27:39] [worker #7] Bootstrap tree #296, logLikelihood: -35442.809166
[00:27:39] [worker #0] Bootstrap tree #297, logLikelihood: -35475.045574
[00:27:45] [worker #6] Bootstrap tree #295, logLikelihood: -35511.381154
[00:27:49] [worker #5] Bootstrap tree #294, logLikelihood: -35642.981520
[00:28:15] [worker #3] Bootstrap tree #300, logLikelihood: -35408.643366
[00:28:16] [worker #2] Bootstrap tree #299, logLikelihood: -35465.826822
[00:28:45] [worker #6] Bootstrap tree #303, logLikelihood: -35430.045189
[00:28:49] [worker #1] Bootstrap tree #306, logLikelihood: -35441.981287
[00:28:50] [worker #3] Bootstrap tree #308, logLikelihood: -35361.778402
[00:28:50] [worker #2] Bootstrap tree #307, logLikelihood: -35585.182331
[00:28:51] [worker #4] Bootstrap tree #301, logLikelihood: -35237.185566
[00:28:52] [worker #7] Bootstrap tree #304, logLikelihood: -35470.786205
[00:28:54] [worker #0] Bootstrap tree #305, logLikelihood: -35369.674416
[00:28:57] [worker #5] Bootstrap tree #302, logLikelihood: -35575.416611
[00:29:22] [worker #1] Bootstrap tree #314, logLikelihood: -35554.517164
[00:29:25] [worker #3] Bootstrap tree #316, logLikelihood: -35632.624297
[00:29:26] [worker #4] Bootstrap tree #309, logLikelihood: -35321.320443
[00:29:29] [worker #0] Bootstrap tree #313, logLikelihood: -35291.893235
[00:29:30] [worker #7] Bootstrap tree #312, logLikelihood: -35520.786139
[00:29:30] [worker #6] Bootstrap tree #311, logLikelihood: -35507.762485
[00:29:33] [worker #2] Bootstrap tree #315, logLikelihood: -35440.427963
[00:29:37] [worker #5] Bootstrap tree #310, logLikelihood: -35278.232882
[00:29:50] [worker #1] Bootstrap tree #322, logLikelihood: -35442.907068
[00:29:59] [worker #3] Bootstrap tree #324, logLikelihood: -35315.083938
[00:30:04] [worker #7] Bootstrap tree #320, logLikelihood: -35419.180279
[00:30:04] [worker #6] Bootstrap tree #319, logLikelihood: -35456.902824
[00:30:05] [worker #2] Bootstrap tree #323, logLikelihood: -35454.664707
[00:30:07] [worker #4] Bootstrap tree #317, logLikelihood: -35576.695704
[00:30:11] [worker #0] Bootstrap tree #321, logLikelihood: -35474.241361
[00:30:11] [worker #5] Bootstrap tree #318, logLikelihood: -35443.395795
[00:30:32] [worker #1] Bootstrap tree #330, logLikelihood: -35503.562044
[00:30:32] [worker #3] Bootstrap tree #332, logLikelihood: -35345.527424
[00:30:36] [worker #7] Bootstrap tree #328, logLikelihood: -35322.731500
[00:30:40] [worker #2] Bootstrap tree #331, logLikelihood: -35472.176066
[00:30:40] [worker #6] Bootstrap tree #327, logLikelihood: -35623.797153
[00:30:43] [worker #4] Bootstrap tree #325, logLikelihood: -35332.503896
[00:30:43] [worker #0] Bootstrap tree #329, logLikelihood: -35209.349965
[00:30:52] [worker #5] Bootstrap tree #326, logLikelihood: -35595.830815
[00:31:05] [worker #1] Bootstrap tree #338, logLikelihood: -35322.374640
[00:31:05] [worker #3] Bootstrap tree #340, logLikelihood: -35438.118376
[00:31:07] [worker #7] Bootstrap tree #336, logLikelihood: -35468.062377
[00:31:13] [worker #6] Bootstrap tree #335, logLikelihood: -35467.043172
[00:31:13] [worker #0] Bootstrap tree #337, logLikelihood: -35541.346684
[00:31:15] [worker #2] Bootstrap tree #339, logLikelihood: -35384.023311
[00:31:17] [worker #4] Bootstrap tree #333, logLikelihood: -35401.351301
[00:31:21] [worker #5] Bootstrap tree #334, logLikelihood: -35304.274445
[00:31:37] [worker #1] Bootstrap tree #346, logLikelihood: -35387.578372
[00:31:40] [worker #3] Bootstrap tree #348, logLikelihood: -35302.507889
[00:31:47] [worker #7] Bootstrap tree #344, logLikelihood: -35571.526407
[00:31:49] [worker #0] Bootstrap tree #345, logLikelihood: -35213.880160
[00:31:51] [worker #4] Bootstrap tree #341, logLikelihood: -35433.849720
[00:31:52] [worker #5] Bootstrap tree #342, logLikelihood: -35395.474085
[00:31:55] [worker #6] Bootstrap tree #343, logLikelihood: -35685.121956
[00:31:58] [worker #2] Bootstrap tree #347, logLikelihood: -35420.970851
[00:32:24] [worker #4] Bootstrap tree #349, logLikelihood: -35438.874469
[00:32:25] [worker #5] Bootstrap tree #350, logLikelihood: -35316.922219
[00:32:57] [worker #4] Bootstrap tree #357, logLikelihood: -35349.913053
[00:32:58] [worker #6] Bootstrap tree #351, logLikelihood: -35462.427496
[00:32:58] [worker #1] Bootstrap tree #354, logLikelihood: -35784.722700
[00:32:59] [worker #7] Bootstrap tree #352, logLikelihood: -35697.163673
[00:33:01] [worker #5] Bootstrap tree #358, logLikelihood: -35341.992847
[00:33:02] [worker #3] Bootstrap tree #356, logLikelihood: -35427.615152
[00:33:03] [worker #2] Bootstrap tree #355, logLikelihood: -35282.145157
[00:33:04] [worker #0] Bootstrap tree #353, logLikelihood: -35341.873683
[00:33:26] [worker #1] Bootstrap tree #362, logLikelihood: -35645.573480
[00:33:31] [worker #7] Bootstrap tree #360, logLikelihood: -35547.464742
[00:33:32] [worker #4] Bootstrap tree #365, logLikelihood: -35537.957836
[00:33:34] [worker #6] Bootstrap tree #359, logLikelihood: -35336.268385
[00:33:37] [worker #5] Bootstrap tree #366, logLikelihood: -35315.233793
[00:33:39] [worker #0] Bootstrap tree #361, logLikelihood: -35541.842997
[00:33:40] [worker #3] Bootstrap tree #364, logLikelihood: -35488.627904
[00:33:48] [worker #2] Bootstrap tree #363, logLikelihood: -35293.874734
[00:34:01] [worker #1] Bootstrap tree #370, logLikelihood: -35590.120308
[00:34:03] [worker #4] Bootstrap tree #373, logLikelihood: -35372.296363
[00:34:09] [worker #7] Bootstrap tree #368, logLikelihood: -35461.335962
[00:34:10] [worker #6] Bootstrap tree #367, logLikelihood: -35370.702204
[00:34:13] [worker #3] Bootstrap tree #372, logLikelihood: -35552.371583
[00:34:14] [worker #0] Bootstrap tree #369, logLikelihood: -35563.976102
[00:34:21] [worker #5] Bootstrap tree #374, logLikelihood: -35656.980282
[00:34:23] [worker #2] Bootstrap tree #371, logLikelihood: -35638.687050
[00:34:33] [worker #1] Bootstrap tree #378, logLikelihood: -35482.108250
[00:34:38] [worker #4] Bootstrap tree #381, logLikelihood: -35574.847724
[00:34:41] [worker #6] Bootstrap tree #375, logLikelihood: -35200.852955
[00:34:41] [worker #7] Bootstrap tree #376, logLikelihood: -35559.345022
[00:34:47] [worker #3] Bootstrap tree #380, logLikelihood: -35386.040439
[00:34:47] [worker #0] Bootstrap tree #377, logLikelihood: -35644.692436
[00:34:58] [worker #2] Bootstrap tree #379, logLikelihood: -35297.216762
[00:34:58] [worker #5] Bootstrap tree #382, logLikelihood: -35648.692703
[00:35:04] [worker #1] Bootstrap tree #386, logLikelihood: -35422.073760
[00:35:16] [worker #6] Bootstrap tree #383, logLikelihood: -35534.548844
[00:35:20] [worker #4] Bootstrap tree #389, logLikelihood: -35258.448462
[00:35:21] [worker #7] Bootstrap tree #384, logLikelihood: -35450.207320
[00:35:21] [worker #0] Bootstrap tree #385, logLikelihood: -35451.142223
[00:35:30] [worker #3] Bootstrap tree #388, logLikelihood: -35255.261791
[00:35:32] [worker #5] Bootstrap tree #390, logLikelihood: -35505.622585
[00:35:34] [worker #1] Bootstrap tree #394, logLikelihood: -35564.654124
[00:35:38] [worker #2] Bootstrap tree #387, logLikelihood: -35554.493440
[00:35:47] [worker #6] Bootstrap tree #391, logLikelihood: -35408.124751
[00:35:53] [worker #7] Bootstrap tree #392, logLikelihood: -35569.113189
[00:35:54] [worker #4] Bootstrap tree #397, logLikelihood: -35514.964112
[00:35:55] [worker #0] Bootstrap tree #393, logLikelihood: -35505.760761
[00:36:07] [worker #3] Bootstrap tree #396, logLikelihood: -35265.007149
[00:36:08] [worker #5] Bootstrap tree #398, logLikelihood: -35470.432175
[00:36:11] [worker #2] Bootstrap tree #395, logLikelihood: -35434.757442
[00:36:19] [worker #6] Bootstrap tree #399, logLikelihood: -35293.399507
[00:36:23] [worker #7] Bootstrap tree #400, logLikelihood: -35376.305287
[00:36:56] [worker #2] Bootstrap tree #403, logLikelihood: -35421.416310
[00:36:58] [worker #6] Bootstrap tree #407, logLikelihood: -35334.951868
[00:36:59] [worker #7] Bootstrap tree #408, logLikelihood: -35543.586066
[00:36:59] [worker #0] Bootstrap tree #401, logLikelihood: -35173.526726
[00:36:59] [worker #3] Bootstrap tree #404, logLikelihood: -35436.235868
[00:37:02] [worker #4] Bootstrap tree #405, logLikelihood: -35389.601702
[00:37:03] [worker #5] Bootstrap tree #406, logLikelihood: -35525.626327
[00:37:10] [worker #1] Bootstrap tree #402, logLikelihood: -35455.859773
[00:37:30] [worker #2] Bootstrap tree #411, logLikelihood: -35458.821261
[00:37:35] [worker #3] Bootstrap tree #412, logLikelihood: -35408.207046
[00:37:36] [worker #4] Bootstrap tree #413, logLikelihood: -35153.237091
[00:37:40] [worker #5] Bootstrap tree #414, logLikelihood: -35760.909574
[00:37:40] [worker #0] Bootstrap tree #409, logLikelihood: -35275.410806
[00:37:42] [worker #7] Bootstrap tree #416, logLikelihood: -35492.410975
[00:37:44] [worker #6] Bootstrap tree #415, logLikelihood: -35545.771409
[00:37:47] [worker #1] Bootstrap tree #410, logLikelihood: -35377.872962
[00:38:05] [worker #2] Bootstrap tree #419, logLikelihood: -35300.131147
[00:38:09] [worker #3] Bootstrap tree #420, logLikelihood: -35438.430910
[00:38:13] [worker #4] Bootstrap tree #421, logLikelihood: -35349.642026
[00:38:15] [worker #5] Bootstrap tree #422, logLikelihood: -35814.566013
[00:38:17] [worker #0] Bootstrap tree #417, logLikelihood: -35430.566018
[00:38:17] [worker #7] Bootstrap tree #424, logLikelihood: -35239.292682
[00:38:20] [worker #1] Bootstrap tree #418, logLikelihood: -35431.763768
[00:38:21] [worker #6] Bootstrap tree #423, logLikelihood: -35267.657416
[00:38:34] [worker #2] Bootstrap tree #427, logLikelihood: -35384.907277
[00:38:49] [worker #1] Bootstrap tree #426, logLikelihood: -35455.759943
[00:38:50] [worker #0] Bootstrap tree #425, logLikelihood: -35405.863060
[00:38:50] [worker #3] Bootstrap tree #428, logLikelihood: -35305.254865
[00:38:52] [worker #4] Bootstrap tree #429, logLikelihood: -35388.945532
[00:38:54] [worker #7] Bootstrap tree #432, logLikelihood: -35394.675841
[00:38:55] [worker #5] Bootstrap tree #430, logLikelihood: -35559.654143
[00:38:57] [worker #6] Bootstrap tree #431, logLikelihood: -35600.631258
[00:39:07] [worker #2] Bootstrap tree #435, logLikelihood: -35479.330457
[00:39:22] [worker #1] Bootstrap tree #434, logLikelihood: -35369.000745
[00:39:23] [worker #3] Bootstrap tree #436, logLikelihood: -35533.576979
[00:39:24] [worker #0] Bootstrap tree #433, logLikelihood: -35529.942684
[00:39:27] [worker #4] Bootstrap tree #437, logLikelihood: -35354.188996
[00:39:29] [worker #7] Bootstrap tree #440, logLikelihood: -35363.256773
[00:39:29] [worker #5] Bootstrap tree #438, logLikelihood: -35400.651496
[00:39:30] [worker #6] Bootstrap tree #439, logLikelihood: -35369.287858
[00:39:45] [worker #2] Bootstrap tree #443, logLikelihood: -35326.601645
[00:39:54] [worker #1] Bootstrap tree #442, logLikelihood: -35475.659689
[00:39:58] [worker #0] Bootstrap tree #441, logLikelihood: -35554.864417
[00:39:59] [worker #3] Bootstrap tree #444, logLikelihood: -35391.252444
[00:40:01] [worker #4] Bootstrap tree #445, logLikelihood: -35421.133689
[00:40:03] [worker #6] Bootstrap tree #447, logLikelihood: -35599.734311
[00:40:03] [worker #7] Bootstrap tree #448, logLikelihood: -35396.131674
[00:40:10] [worker #5] Bootstrap tree #446, logLikelihood: -35610.705448
[00:40:22] [worker #1] Bootstrap tree #450, logLikelihood: -35587.899706
[00:40:32] [worker #0] Bootstrap tree #449, logLikelihood: -35603.532748
[00:41:01] [worker #1] Bootstrap tree #458, logLikelihood: -35299.173369
[00:41:02] [worker #4] Bootstrap tree #453, logLikelihood: -35527.732162
[00:41:03] [worker #5] Bootstrap tree #454, logLikelihood: -35601.440091
[00:41:04] [worker #0] Bootstrap tree #457, logLikelihood: -35394.091806
[00:41:05] [worker #3] Bootstrap tree #452, logLikelihood: -35494.096943
[00:41:05] [worker #2] Bootstrap tree #451, logLikelihood: -35254.941279
[00:41:08] [worker #6] Bootstrap tree #455, logLikelihood: -35390.258201
[00:41:09] [worker #7] Bootstrap tree #456, logLikelihood: -35430.697526
[00:41:34] [worker #1] Bootstrap tree #466, logLikelihood: -35322.694438
[00:41:35] [worker #4] Bootstrap tree #461, logLikelihood: -35396.167776
[00:41:35] [worker #5] Bootstrap tree #462, logLikelihood: -35451.117935
[00:41:39] [worker #2] Bootstrap tree #459, logLikelihood: -35464.542290
[00:41:39] [worker #0] Bootstrap tree #465, logLikelihood: -35593.067875
[00:41:43] [worker #3] Bootstrap tree #460, logLikelihood: -35392.308486
[00:41:44] [worker #6] Bootstrap tree #463, logLikelihood: -35553.444152
[00:41:44] [worker #7] Bootstrap tree #464, logLikelihood: -35490.078656
[00:42:08] [worker #1] Bootstrap tree #474, logLikelihood: -35634.882103
[00:42:09] [worker #0] Bootstrap tree #473, logLikelihood: -35461.450902
[00:42:11] [worker #2] Bootstrap tree #467, logLikelihood: -35389.506976
[00:42:13] [worker #4] Bootstrap tree #469, logLikelihood: -35401.905719
[00:42:14] [worker #5] Bootstrap tree #470, logLikelihood: -35547.331003
[00:42:17] [worker #7] Bootstrap tree #472, logLikelihood: -35555.793840
[00:42:17] [worker #3] Bootstrap tree #468, logLikelihood: -35309.049767
[00:42:20] [worker #6] Bootstrap tree #471, logLikelihood: -35171.604328
[00:42:45] [worker #0] Bootstrap tree #481, logLikelihood: -35507.291078
[00:42:45] [worker #2] Bootstrap tree #475, logLikelihood: -35349.160942
[00:42:49] [worker #1] Bootstrap tree #482, logLikelihood: -35421.751881
[00:42:50] [worker #4] Bootstrap tree #477, logLikelihood: -35438.443570
[00:42:51] [worker #7] Bootstrap tree #480, logLikelihood: -35694.829485
[00:42:52] [worker #5] Bootstrap tree #478, logLikelihood: -35571.988776
[00:42:52] [worker #3] Bootstrap tree #476, logLikelihood: -35507.974681
[00:42:54] [worker #6] Bootstrap tree #479, logLikelihood: -35306.162297
[00:43:18] [worker #0] Bootstrap tree #489, logLikelihood: -35678.543544
[00:43:18] [worker #2] Bootstrap tree #483, logLikelihood: -35368.700331
[00:43:23] [worker #7] Bootstrap tree #488, logLikelihood: -35332.889961
[00:43:23] [worker #4] Bootstrap tree #485, logLikelihood: -35492.088133
[00:43:23] [worker #3] Bootstrap tree #484, logLikelihood: -35588.465623
[00:43:25] [worker #1] Bootstrap tree #490, logLikelihood: -35417.015270
[00:43:27] [worker #5] Bootstrap tree #486, logLikelihood: -35442.738894
[00:43:32] [worker #6] Bootstrap tree #487, logLikelihood: -35385.831052
[00:43:50] [worker #2] Bootstrap tree #491, logLikelihood: -35409.320198
[00:43:51] [worker #0] Bootstrap tree #497, logLikelihood: -35582.914728
[00:43:54] [worker #7] Bootstrap tree #496, logLikelihood: -35555.137202
[00:43:58] [worker #3] Bootstrap tree #492, logLikelihood: -35674.638185
[00:44:01] [worker #4] Bootstrap tree #493, logLikelihood: -35384.847689
[00:44:03] [worker #1] Bootstrap tree #498, logLikelihood: -35600.623230
[00:44:07] [worker #5] Bootstrap tree #494, logLikelihood: -35237.532061
[00:44:07] [worker #6] Bootstrap tree #495, logLikelihood: -35737.461243
[00:44:27] [worker #2] Bootstrap tree #499, logLikelihood: -35279.758176
[00:44:33] [worker #3] Bootstrap tree #500, logLikelihood: -35386.352320
[00:45:04] [worker #1] Bootstrap tree #506, logLikelihood: -35545.548934
[00:45:04] [worker #0] Bootstrap tree #505, logLikelihood: -35346.530822
[00:45:04] [worker #3] Bootstrap tree #508, logLikelihood: -35576.215935
[00:45:06] [worker #7] Bootstrap tree #504, logLikelihood: -35478.930378
[00:45:06] [worker #6] Bootstrap tree #503, logLikelihood: -35602.794316
[00:45:07] [worker #2] Bootstrap tree #507, logLikelihood: -35578.706092
[00:45:09] [worker #5] Bootstrap tree #502, logLikelihood: -35528.325328
[00:45:10] [worker #4] Bootstrap tree #501, logLikelihood: -35172.320585
[00:45:36] [worker #0] Bootstrap tree #513, logLikelihood: -35750.630345
[00:45:38] [worker #2] Bootstrap tree #515, logLikelihood: -35492.723700
[00:45:39] [worker #1] Bootstrap tree #514, logLikelihood: -35282.252952
[00:45:39] [worker #7] Bootstrap tree #512, logLikelihood: -35608.520102
[00:45:40] [worker #6] Bootstrap tree #511, logLikelihood: -35551.358811
[00:45:44] [worker #5] Bootstrap tree #510, logLikelihood: -35458.107710
[00:45:45] [worker #3] Bootstrap tree #516, logLikelihood: -35379.982043
[00:45:50] [worker #4] Bootstrap tree #509, logLikelihood: -35469.289727
[00:46:09] [worker #1] Bootstrap tree #522, logLikelihood: -35471.152337
[00:46:10] [worker #0] Bootstrap tree #521, logLikelihood: -35330.439163
[00:46:11] [worker #7] Bootstrap tree #520, logLikelihood: -35182.345204
[00:46:11] [worker #2] Bootstrap tree #523, logLikelihood: -35176.464545
[00:46:18] [worker #5] Bootstrap tree #518, logLikelihood: -35627.628871
[00:46:18] [worker #6] Bootstrap tree #519, logLikelihood: -35409.097783
[00:46:21] [worker #4] Bootstrap tree #517, logLikelihood: -35358.642674
[00:46:21] [worker #3] Bootstrap tree #524, logLikelihood: -35406.271974
[00:46:40] [worker #0] Bootstrap tree #529, logLikelihood: -35282.140913
[00:46:42] [worker #7] Bootstrap tree #528, logLikelihood: -35559.336559
[00:46:47] [worker #2] Bootstrap tree #531, logLikelihood: -35366.015431
[00:46:47] [worker #1] Bootstrap tree #530, logLikelihood: -35507.830928
[00:46:52] [worker #5] Bootstrap tree #526, logLikelihood: -35415.005219
[00:46:54] [worker #3] Bootstrap tree #532, logLikelihood: -35362.712395
[00:46:54] [worker #4] Bootstrap tree #525, logLikelihood: -35509.717955
[00:46:55] [worker #6] Bootstrap tree #527, logLikelihood: -35316.893971
[00:47:12] [worker #0] Bootstrap tree #537, logLikelihood: -35340.102777
[00:47:14] [worker #7] Bootstrap tree #536, logLikelihood: -35410.123447
[00:47:21] [worker #2] Bootstrap tree #539, logLikelihood: -35300.312868
[00:47:22] [worker #1] Bootstrap tree #538, logLikelihood: -35427.755646
[00:47:26] [worker #3] Bootstrap tree #540, logLikelihood: -35465.827583
[00:47:27] [worker #4] Bootstrap tree #533, logLikelihood: -35365.259726
[00:47:28] [worker #5] Bootstrap tree #534, logLikelihood: -35563.369930
[00:47:34] [worker #6] Bootstrap tree #535, logLikelihood: -35551.164087
[00:47:46] [worker #0] Bootstrap tree #545, logLikelihood: -35237.566694
[00:47:55] [worker #1] Bootstrap tree #546, logLikelihood: -35423.989573
[00:47:55] [worker #2] Bootstrap tree #547, logLikelihood: -35668.759301
[00:47:57] [worker #7] Bootstrap tree #544, logLikelihood: -35383.419583
[00:47:58] [worker #4] Bootstrap tree #541, logLikelihood: -35639.438540
[00:48:02] [worker #3] Bootstrap tree #548, logLikelihood: -35385.128564
[00:48:04] [worker #5] Bootstrap tree #542, logLikelihood: -35312.562379
[00:48:05] [worker #6] Bootstrap tree #543, logLikelihood: -35407.442450
[00:48:32] [worker #4] Bootstrap tree #549, logLikelihood: -35567.459085
[00:48:37] [worker #5] Bootstrap tree #550, logLikelihood: -35562.742845
[00:49:08] [worker #0] Bootstrap tree #553, logLikelihood: -35654.872718
[00:49:09] [worker #6] Bootstrap tree #551, logLikelihood: -35380.685093
[00:49:10] [worker #5] Bootstrap tree #558, logLikelihood: -35679.213382
[00:49:10] [worker #1] Bootstrap tree #554, logLikelihood: -35696.625388
[00:49:11] [worker #2] Bootstrap tree #555, logLikelihood: -35567.704446
[00:49:12] [worker #7] Bootstrap tree #552, logLikelihood: -35283.310456
[00:49:12] [worker #4] Bootstrap tree #557, logLikelihood: -35545.349875
[00:49:12] [worker #3] Bootstrap tree #556, logLikelihood: -35388.584643
[00:49:42] [worker #5] Bootstrap tree #566, logLikelihood: -35523.535523
[00:49:43] [worker #1] Bootstrap tree #562, logLikelihood: -35598.069880
[00:49:43] [worker #2] Bootstrap tree #563, logLikelihood: -35445.749980
[00:49:43] [worker #7] Bootstrap tree #560, logLikelihood: -35498.023485
[00:49:43] [worker #6] Bootstrap tree #559, logLikelihood: -35455.143310
[00:49:44] [worker #0] Bootstrap tree #561, logLikelihood: -35526.403360
[00:49:45] [worker #4] Bootstrap tree #565, logLikelihood: -35367.986374
[00:49:48] [worker #3] Bootstrap tree #564, logLikelihood: -35460.302708
[00:50:15] [worker #6] Bootstrap tree #567, logLikelihood: -35460.712700
[00:50:15] [worker #7] Bootstrap tree #568, logLikelihood: -35569.493559
[00:50:16] [worker #1] Bootstrap tree #570, logLikelihood: -35359.289165
[00:50:17] [worker #4] Bootstrap tree #573, logLikelihood: -35511.673718
[00:50:19] [worker #2] Bootstrap tree #571, logLikelihood: -35342.585409
[00:50:19] [worker #0] Bootstrap tree #569, logLikelihood: -35405.989356
[00:50:20] [worker #3] Bootstrap tree #572, logLikelihood: -35515.879081
[00:50:20] [worker #5] Bootstrap tree #574, logLikelihood: -35412.778475
[00:50:50] [worker #7] Bootstrap tree #576, logLikelihood: -35514.040891
[00:50:51] [worker #6] Bootstrap tree #575, logLikelihood: -35409.372622
[00:50:51] [worker #4] Bootstrap tree #581, logLikelihood: -35307.293103
[00:50:51] [worker #2] Bootstrap tree #579, logLikelihood: -35341.193269
[00:50:52] [worker #3] Bootstrap tree #580, logLikelihood: -35345.134195
[00:50:52] [worker #1] Bootstrap tree #578, logLikelihood: -35685.215620
[00:50:53] [worker #0] Bootstrap tree #577, logLikelihood: -35495.749045
[00:50:54] [worker #5] Bootstrap tree #582, logLikelihood: -35230.228143
[00:51:24] [worker #4] Bootstrap tree #589, logLikelihood: -35354.148448
[00:51:26] [worker #1] Bootstrap tree #586, logLikelihood: -35603.180001
[00:51:27] [worker #3] Bootstrap tree #588, logLikelihood: -35512.175970
[00:51:27] [worker #6] Bootstrap tree #583, logLikelihood: -35451.403515
[00:51:28] [worker #2] Bootstrap tree #587, logLikelihood: -35328.623877
[00:51:29] [worker #7] Bootstrap tree #584, logLikelihood: -35328.276080
[00:51:29] [worker #0] Bootstrap tree #585, logLikelihood: -35436.614160
[00:51:31] [worker #5] Bootstrap tree #590, logLikelihood: -35387.064293
[00:51:57] [worker #4] Bootstrap tree #597, logLikelihood: -35522.384657
[00:51:58] [worker #3] Bootstrap tree #596, logLikelihood: -35396.731079
[00:52:01] [worker #0] Bootstrap tree #593, logLikelihood: -35417.183679
[00:52:03] [worker #2] Bootstrap tree #595, logLikelihood: -35343.151866
[00:52:04] [worker #1] Bootstrap tree #594, logLikelihood: -35387.156509
[00:52:04] [worker #6] Bootstrap tree #591, logLikelihood: -35280.859413
[00:52:08] [worker #5] Bootstrap tree #598, logLikelihood: -35531.498685
[00:52:12] [worker #7] Bootstrap tree #592, logLikelihood: -35430.475914
[00:52:35] [worker #6] Bootstrap tree #599, logLikelihood: -35423.445089
[00:52:45] [worker #7] Bootstrap tree #600, logLikelihood: -35390.158993
[00:53:16] [worker #5] Bootstrap tree #606, logLikelihood: -35384.315244
[00:53:17] [worker #7] Bootstrap tree #608, logLikelihood: -35455.822632
[00:53:20] [worker #1] Bootstrap tree #602, logLikelihood: -35301.263310
[00:53:20] [worker #2] Bootstrap tree #603, logLikelihood: -35312.403911
[00:53:20] [worker #3] Bootstrap tree #604, logLikelihood: -35530.535581
[00:53:21] [worker #6] Bootstrap tree #607, logLikelihood: -35204.580600
[00:53:24] [worker #4] Bootstrap tree #605, logLikelihood: -35341.444275
[00:53:24] [worker #0] Bootstrap tree #601, logLikelihood: -35443.946088
[00:53:49] [worker #7] Bootstrap tree #616, logLikelihood: -35380.435837
[00:53:49] [worker #1] Bootstrap tree #610, logLikelihood: -35591.997919
[00:53:49] [worker #5] Bootstrap tree #614, logLikelihood: -35415.769157
[00:53:54] [worker #3] Bootstrap tree #612, logLikelihood: -35246.870534
[00:53:55] [worker #2] Bootstrap tree #611, logLikelihood: -35379.056659
[00:53:59] [worker #0] Bootstrap tree #609, logLikelihood: -35410.361839
[00:54:00] [worker #6] Bootstrap tree #615, logLikelihood: -35687.267553
[00:54:02] [worker #4] Bootstrap tree #613, logLikelihood: -35474.879218
[00:54:19] [worker #1] Bootstrap tree #618, logLikelihood: -35343.681960
[00:54:22] [worker #7] Bootstrap tree #624, logLikelihood: -35497.063666
[00:54:26] [worker #5] Bootstrap tree #622, logLikelihood: -35599.693061
[00:54:27] [worker #2] Bootstrap tree #619, logLikelihood: -35418.751877
[00:54:32] [worker #0] Bootstrap tree #617, logLikelihood: -35356.519808
[00:54:34] [worker #3] Bootstrap tree #620, logLikelihood: -35323.412286
[00:54:35] [worker #6] Bootstrap tree #623, logLikelihood: -35556.895322
[00:54:40] [worker #4] Bootstrap tree #621, logLikelihood: -35543.115828
[00:54:50] [worker #1] Bootstrap tree #626, logLikelihood: -35612.222781
[00:54:57] [worker #7] Bootstrap tree #632, logLikelihood: -35544.731232
[00:55:02] [worker #2] Bootstrap tree #627, logLikelihood: -35459.562341
[00:55:02] [worker #5] Bootstrap tree #630, logLikelihood: -35582.819090
[00:55:06] [worker #6] Bootstrap tree #631, logLikelihood: -35563.981282
[00:55:10] [worker #3] Bootstrap tree #628, logLikelihood: -35373.639476
[00:55:13] [worker #0] Bootstrap tree #625, logLikelihood: -35412.937925
[00:55:14] [worker #4] Bootstrap tree #629, logLikelihood: -35550.170397
[00:55:23] [worker #1] Bootstrap tree #634, logLikelihood: -35367.272077
[00:55:35] [worker #5] Bootstrap tree #638, logLikelihood: -35529.956513
[00:55:38] [worker #2] Bootstrap tree #635, logLikelihood: -35453.256160
[00:55:40] [worker #7] Bootstrap tree #640, logLikelihood: -35324.195429
[00:55:41] [worker #6] Bootstrap tree #639, logLikelihood: -35345.590449
[00:55:48] [worker #0] Bootstrap tree #633, logLikelihood: -35234.779304
[00:55:49] [worker #3] Bootstrap tree #636, logLikelihood: -35622.337737
[00:55:53] [worker #4] Bootstrap tree #637, logLikelihood: -35543.797450
[00:55:54] [worker #1] Bootstrap tree #642, logLikelihood: -35326.756141
[00:56:09] [worker #2] Bootstrap tree #643, logLikelihood: -35464.675059
[00:56:14] [worker #5] Bootstrap tree #646, logLikelihood: -35622.681580
[00:56:15] [worker #6] Bootstrap tree #647, logLikelihood: -35359.630042
[00:56:15] [worker #7] Bootstrap tree #648, logLikelihood: -35559.634316
[00:56:20] [worker #0] Bootstrap tree #641, logLikelihood: -35340.001801
[00:56:21] [worker #3] Bootstrap tree #644, logLikelihood: -35553.918296
[00:56:22] [worker #4] Bootstrap tree #645, logLikelihood: -35400.731968
[00:56:22] [worker #1] Bootstrap tree #650, logLikelihood: -35529.852431
[00:56:49] [worker #0] Bootstrap tree #649, logLikelihood: -35583.781210
[00:57:19] [worker #2] Bootstrap tree #651, logLikelihood: -35526.163066
[00:57:20] [worker #3] Bootstrap tree #652, logLikelihood: -35416.486045
[00:57:21] [worker #6] Bootstrap tree #655, logLikelihood: -35590.911479
[00:57:23] [worker #5] Bootstrap tree #654, logLikelihood: -35367.039690
[00:57:23] [worker #4] Bootstrap tree #653, logLikelihood: -35453.467634
[00:57:25] [worker #7] Bootstrap tree #656, logLikelihood: -35570.208704
[00:57:26] [worker #1] Bootstrap tree #658, logLikelihood: -35631.244573
[00:57:27] [worker #0] Bootstrap tree #657, logLikelihood: -35567.733263
[00:57:52] [worker #6] Bootstrap tree #663, logLikelihood: -35259.251472
[00:57:55] [worker #7] Bootstrap tree #664, logLikelihood: -35627.022248
[00:57:55] [worker #3] Bootstrap tree #660, logLikelihood: -35524.647507
[00:57:58] [worker #4] Bootstrap tree #661, logLikelihood: -35373.854685
[00:58:00] [worker #1] Bootstrap tree #666, logLikelihood: -35333.612393
[00:58:01] [worker #0] Bootstrap tree #665, logLikelihood: -35615.675336
[00:58:02] [worker #2] Bootstrap tree #659, logLikelihood: -35606.300465
[00:58:03] [worker #5] Bootstrap tree #662, logLikelihood: -35281.584480
[00:58:30] [worker #1] Bootstrap tree #674, logLikelihood: -35505.474119
[00:58:30] [worker #6] Bootstrap tree #671, logLikelihood: -35398.957545
[00:58:32] [worker #4] Bootstrap tree #669, logLikelihood: -35574.414447
[00:58:34] [worker #3] Bootstrap tree #668, logLikelihood: -35464.752572
[00:58:36] [worker #0] Bootstrap tree #673, logLikelihood: -35570.694265
[00:58:36] [worker #7] Bootstrap tree #672, logLikelihood: -35361.994435
[00:58:36] [worker #5] Bootstrap tree #670, logLikelihood: -35508.507609
[00:58:37] [worker #2] Bootstrap tree #667, logLikelihood: -35244.807769
[00:59:01] [worker #1] Bootstrap tree #682, logLikelihood: -35253.790093
[00:59:05] [worker #4] Bootstrap tree #677, logLikelihood: -35343.976875
[00:59:05] [worker #6] Bootstrap tree #679, logLikelihood: -35350.179518
[00:59:07] [worker #3] Bootstrap tree #676, logLikelihood: -35387.357661
[00:59:08] [worker #0] Bootstrap tree #681, logLikelihood: -35355.028451
[00:59:09] [worker #7] Bootstrap tree #680, logLikelihood: -35562.669649
[00:59:11] [worker #2] Bootstrap tree #675, logLikelihood: -35594.165400
[00:59:15] [worker #5] Bootstrap tree #678, logLikelihood: -35617.222765
[00:59:37] [worker #4] Bootstrap tree #685, logLikelihood: -35351.234594
[00:59:38] [worker #3] Bootstrap tree #684, logLikelihood: -35462.957544
[00:59:39] [worker #1] Bootstrap tree #690, logLikelihood: -35255.010540
[00:59:44] [worker #0] Bootstrap tree #689, logLikelihood: -35443.831139
[00:59:45] [worker #6] Bootstrap tree #687, logLikelihood: -35450.627310
[00:59:45] [worker #7] Bootstrap tree #688, logLikelihood: -35591.945312
[00:59:45] [worker #5] Bootstrap tree #686, logLikelihood: -35559.542421
[00:59:46] [worker #2] Bootstrap tree #683, logLikelihood: -35433.952782
[01:00:12] [worker #1] Bootstrap tree #698, logLikelihood: -35453.749149
[01:00:13] [worker #4] Bootstrap tree #693, logLikelihood: -35423.070365
[01:00:14] [worker #6] Bootstrap tree #695, logLikelihood: -35572.810936
[01:00:15] [worker #0] Bootstrap tree #697, logLikelihood: -35517.451217
[01:00:15] [worker #3] Bootstrap tree #692, logLikelihood: -35305.222108
[01:00:17] [worker #2] Bootstrap tree #691, logLikelihood: -35406.954624
[01:00:21] [worker #5] Bootstrap tree #694, logLikelihood: -35395.465295
[01:00:25] [worker #7] Bootstrap tree #696, logLikelihood: -35750.326804
[01:00:50] [worker #2] Bootstrap tree #699, logLikelihood: -35495.537179
[01:00:53] [worker #3] Bootstrap tree #700, logLikelihood: -35251.104334
[01:01:26] [worker #2] Bootstrap tree #707, logLikelihood: -35632.872015
[01:01:27] [worker #1] Bootstrap tree #706, logLikelihood: -35341.440166
[01:01:27] [worker #7] Bootstrap tree #704, logLikelihood: -35377.530150
[01:01:28] [worker #6] Bootstrap tree #703, logLikelihood: -35306.150530
[01:01:28] [worker #0] Bootstrap tree #705, logLikelihood: -35502.489662
[01:01:29] [worker #5] Bootstrap tree #702, logLikelihood: -35420.127003
[01:01:29] [worker #3] Bootstrap tree #708, logLikelihood: -35527.473197
[01:01:30] [worker #4] Bootstrap tree #701, logLikelihood: -35491.922199
[01:01:57] [worker #2] Bootstrap tree #715, logLikelihood: -35491.288488
[01:02:00] [worker #1] Bootstrap tree #714, logLikelihood: -35448.651886
[01:02:01] [worker #3] Bootstrap tree #716, logLikelihood: -35313.807211
[01:02:01] [worker #6] Bootstrap tree #711, logLikelihood: -35519.160742
[01:02:01] [worker #4] Bootstrap tree #709, logLikelihood: -35619.821636
[01:02:03] [worker #5] Bootstrap tree #710, logLikelihood: -35438.654150
[01:02:04] [worker #7] Bootstrap tree #712, logLikelihood: -35492.661739
[01:02:08] [worker #0] Bootstrap tree #713, logLikelihood: -35499.244860
[01:02:30] [worker #2] Bootstrap tree #723, logLikelihood: -35544.365769
[01:02:34] [worker #6] Bootstrap tree #719, logLikelihood: -35272.322721
[01:02:34] [worker #3] Bootstrap tree #724, logLikelihood: -35443.747597
[01:02:36] [worker #1] Bootstrap tree #722, logLikelihood: -35301.605446
[01:02:37] [worker #4] Bootstrap tree #717, logLikelihood: -35632.322705
[01:02:39] [worker #5] Bootstrap tree #718, logLikelihood: -35316.862303
[01:02:41] [worker #7] Bootstrap tree #720, logLikelihood: -35633.669708
[01:02:46] [worker #0] Bootstrap tree #721, logLikelihood: -35445.683657
[01:03:02] [worker #2] Bootstrap tree #731, logLikelihood: -35373.313352
[01:03:07] [worker #3] Bootstrap tree #732, logLikelihood: -35554.106871
[01:03:07] [worker #4] Bootstrap tree #725, logLikelihood: -35529.377063
[01:03:09] [worker #6] Bootstrap tree #727, logLikelihood: -35480.449251
[01:03:12] [worker #1] Bootstrap tree #730, logLikelihood: -35507.420183
[01:03:13] [worker #7] Bootstrap tree #728, logLikelihood: -35573.388827
[01:03:17] [worker #5] Bootstrap tree #726, logLikelihood: -35389.186528
[01:03:26] [worker #0] Bootstrap tree #729, logLikelihood: -35824.504920
[01:03:33] [worker #2] Bootstrap tree #739, logLikelihood: -35324.292081
[01:03:40] [worker #3] Bootstrap tree #740, logLikelihood: -35449.740608
[01:03:42] [worker #7] Bootstrap tree #736, logLikelihood: -35391.694410
[01:03:42] [worker #4] Bootstrap tree #733, logLikelihood: -35422.080756
[01:03:45] [worker #1] Bootstrap tree #738, logLikelihood: -35549.495351
[01:03:48] [worker #6] Bootstrap tree #735, logLikelihood: -35299.894709
[01:03:56] [worker #5] Bootstrap tree #734, logLikelihood: -35763.523188
[01:04:08] [worker #0] Bootstrap tree #737, logLikelihood: -35252.410741
[01:04:11] [worker #3] Bootstrap tree #748, logLikelihood: -35552.814102
[01:04:11] [worker #2] Bootstrap tree #747, logLikelihood: -35616.125059
[01:04:16] [worker #4] Bootstrap tree #741, logLikelihood: -35560.645830
[01:04:17] [worker #7] Bootstrap tree #744, logLikelihood: -35403.265121
[01:04:18] [worker #1] Bootstrap tree #746, logLikelihood: -35664.493577
[01:04:23] [worker #6] Bootstrap tree #743, logLikelihood: -35586.304791
[01:04:31] [worker #5] Bootstrap tree #742, logLikelihood: -35387.014506
[01:04:44] [worker #0] Bootstrap tree #745, logLikelihood: -35377.968839
[01:04:48] [worker #4] Bootstrap tree #749, logLikelihood: -35493.785179
[01:05:07] [worker #5] Bootstrap tree #750, logLikelihood: -35325.271576
[01:05:38] [worker #1] Bootstrap tree #754, logLikelihood: -35340.646539
[01:05:39] [worker #7] Bootstrap tree #752, logLikelihood: -35429.945325
[01:05:39] [worker #0] Bootstrap tree #753, logLikelihood: -35463.417913
[01:05:40] [worker #2] Bootstrap tree #755, logLikelihood: -35497.918215
[01:05:41] [worker #5] Bootstrap tree #758, logLikelihood: -35554.743797
[01:05:42] [worker #6] Bootstrap tree #751, logLikelihood: -35503.386721
[01:05:44] [worker #4] Bootstrap tree #757, logLikelihood: -35317.056934
[01:05:54] [worker #3] Bootstrap tree #756, logLikelihood: -35315.728304
[01:06:11] [worker #2] Bootstrap tree #763, logLikelihood: -35504.070117
[01:06:12] [worker #1] Bootstrap tree #762, logLikelihood: -35259.241553
[01:06:13] [worker #7] Bootstrap tree #760, logLikelihood: -35358.761256
[01:06:16] [worker #4] Bootstrap tree #765, logLikelihood: -35340.776028
[01:06:17] [worker #5] Bootstrap tree #766, logLikelihood: -35412.915784
[01:06:18] [worker #0] Bootstrap tree #761, logLikelihood: -35403.083702
[01:06:19] [worker #6] Bootstrap tree #759, logLikelihood: -35214.521703
[01:06:26] [worker #3] Bootstrap tree #764, logLikelihood: -35344.853348
[01:06:44] [worker #1] Bootstrap tree #770, logLikelihood: -35581.882338
[01:06:44] [worker #2] Bootstrap tree #771, logLikelihood: -35497.538161
[01:06:50] [worker #4] Bootstrap tree #773, logLikelihood: -35533.911225
[01:06:51] [worker #5] Bootstrap tree #774, logLikelihood: -35342.488114
[01:06:52] [worker #0] Bootstrap tree #769, logLikelihood: -35276.417933
[01:06:52] [worker #7] Bootstrap tree #768, logLikelihood: -35458.026893
[01:06:55] [worker #6] Bootstrap tree #767, logLikelihood: -35730.134226
[01:07:00] [worker #3] Bootstrap tree #772, logLikelihood: -35390.202862
[01:07:18] [worker #2] Bootstrap tree #779, logLikelihood: -35633.773137
[01:07:20] [worker #1] Bootstrap tree #778, logLikelihood: -35470.657393
[01:07:21] [worker #4] Bootstrap tree #781, logLikelihood: -35310.087464
[01:07:22] [worker #7] Bootstrap tree #776, logLikelihood: -35221.785659
[01:07:24] [worker #5] Bootstrap tree #782, logLikelihood: -35459.161220
[01:07:27] [worker #6] Bootstrap tree #775, logLikelihood: -35586.411085
[01:07:30] [worker #0] Bootstrap tree #777, logLikelihood: -35408.111805
[01:07:36] [worker #3] Bootstrap tree #780, logLikelihood: -35555.381565
[01:07:51] [worker #1] Bootstrap tree #786, logLikelihood: -35385.496508
[01:07:57] [worker #7] Bootstrap tree #784, logLikelihood: -35689.597010
[01:07:58] [worker #6] Bootstrap tree #783, logLikelihood: -35276.338096
[01:07:58] [worker #5] Bootstrap tree #790, logLikelihood: -35447.946015
[01:08:01] [worker #4] Bootstrap tree #789, logLikelihood: -35223.883399
[01:08:01] [worker #2] Bootstrap tree #787, logLikelihood: -35436.832651
[01:08:04] [worker #0] Bootstrap tree #785, logLikelihood: -35256.265282
[01:08:11] [worker #3] Bootstrap tree #788, logLikelihood: -35383.845190
[01:08:19] [worker #1] Bootstrap tree #794, logLikelihood: -35573.218240
[01:08:29] [worker #5] Bootstrap tree #798, logLikelihood: -35773.930772
[01:08:29] [worker #6] Bootstrap tree #791, logLikelihood: -35284.163254
[01:08:31] [worker #2] Bootstrap tree #795, logLikelihood: -35239.356962
[01:08:32] [worker #7] Bootstrap tree #792, logLikelihood: -35443.120172
[01:08:33] [worker #4] Bootstrap tree #797, logLikelihood: -35226.076105
[01:08:36] [worker #0] Bootstrap tree #793, logLikelihood: -35379.187103
[01:08:48] [worker #3] Bootstrap tree #796, logLikelihood: -35468.535369
[01:09:02] [worker #7] Bootstrap tree #800, logLikelihood: -35284.851545
[01:09:03] [worker #6] Bootstrap tree #799, logLikelihood: -35356.093106
[01:09:32] [worker #1] Bootstrap tree #802, logLikelihood: -35231.713574
[01:09:34] [worker #3] Bootstrap tree #804, logLikelihood: -35617.301765
[01:09:35] [worker #2] Bootstrap tree #803, logLikelihood: -35483.979508
[01:09:35] [worker #5] Bootstrap tree #806, logLikelihood: -35457.650842
[01:09:38] [worker #0] Bootstrap tree #801, logLikelihood: -35425.666341
[01:09:38] [worker #4] Bootstrap tree #805, logLikelihood: -35542.642226
[01:09:38] [worker #6] Bootstrap tree #807, logLikelihood: -35316.473135
[01:09:41] [worker #7] Bootstrap tree #808, logLikelihood: -35597.271449
[01:10:02] [worker #1] Bootstrap tree #810, logLikelihood: -35432.205139
[01:10:05] [worker #3] Bootstrap tree #812, logLikelihood: -35443.069423
[01:10:07] [worker #5] Bootstrap tree #814, logLikelihood: -35397.836934
[01:10:08] [worker #4] Bootstrap tree #813, logLikelihood: -35337.519822
[01:10:09] [worker #2] Bootstrap tree #811, logLikelihood: -35341.327006
[01:10:12] [worker #6] Bootstrap tree #815, logLikelihood: -35556.258869
[01:10:13] [worker #0] Bootstrap tree #809, logLikelihood: -35405.275329
[01:10:17] [worker #7] Bootstrap tree #816, logLikelihood: -35264.139994
[01:10:31] [worker #1] Bootstrap tree #818, logLikelihood: -35355.771029
[01:10:37] [worker #3] Bootstrap tree #820, logLikelihood: -35379.227347
[01:10:42] [worker #4] Bootstrap tree #821, logLikelihood: -35453.011832
[01:10:43] [worker #2] Bootstrap tree #819, logLikelihood: -35433.154827
[01:10:46] [worker #5] Bootstrap tree #822, logLikelihood: -35450.605852
[01:10:49] [worker #6] Bootstrap tree #823, logLikelihood: -35497.761644
[01:10:52] [worker #0] Bootstrap tree #817, logLikelihood: -35475.999683
[01:10:55] [worker #7] Bootstrap tree #824, logLikelihood: -35367.417238
[01:11:03] [worker #1] Bootstrap tree #826, logLikelihood: -35494.013810
[01:11:16] [worker #3] Bootstrap tree #828, logLikelihood: -35357.648487
[01:11:16] [worker #4] Bootstrap tree #829, logLikelihood: -35392.675161
[01:11:17] [worker #2] Bootstrap tree #827, logLikelihood: -35391.867216
[01:11:21] [worker #6] Bootstrap tree #831, logLikelihood: -35303.936903
[01:11:23] [worker #0] Bootstrap tree #825, logLikelihood: -35534.192021
[01:11:24] [worker #5] Bootstrap tree #830, logLikelihood: -35346.056241
[01:11:29] [worker #7] Bootstrap tree #832, logLikelihood: -35243.819707
[01:11:34] [worker #1] Bootstrap tree #834, logLikelihood: -35052.992942
[01:11:49] [worker #4] Bootstrap tree #837, logLikelihood: -35329.357809
[01:11:52] [worker #2] Bootstrap tree #835, logLikelihood: -35282.646999
[01:11:54] [worker #5] Bootstrap tree #838, logLikelihood: -35539.486314
[01:11:57] [worker #0] Bootstrap tree #833, logLikelihood: -35332.213185
[01:11:57] [worker #6] Bootstrap tree #839, logLikelihood: -35517.171775
[01:11:59] [worker #3] Bootstrap tree #836, logLikelihood: -35451.662315
[01:12:03] [worker #7] Bootstrap tree #840, logLikelihood: -35591.788148
[01:12:10] [worker #1] Bootstrap tree #842, logLikelihood: -35422.149024
[01:12:21] [worker #4] Bootstrap tree #845, logLikelihood: -35330.829225
[01:12:23] [worker #2] Bootstrap tree #843, logLikelihood: -35471.261382
[01:12:26] [worker #5] Bootstrap tree #846, logLikelihood: -35382.553518
[01:12:31] [worker #6] Bootstrap tree #847, logLikelihood: -35049.042193
[01:12:31] [worker #3] Bootstrap tree #844, logLikelihood: -35577.717750
[01:12:32] [worker #0] Bootstrap tree #841, logLikelihood: -35456.930470
[01:12:37] [worker #7] Bootstrap tree #848, logLikelihood: -35477.125404
[01:12:43] [worker #1] Bootstrap tree #850, logLikelihood: -35429.859372
[01:13:03] [worker #0] Bootstrap tree #849, logLikelihood: -35304.971208
[01:13:33] [worker #1] Bootstrap tree #858, logLikelihood: -35361.136407
[01:13:35] [worker #7] Bootstrap tree #856, logLikelihood: -35320.643186
[01:13:37] [worker #6] Bootstrap tree #855, logLikelihood: -35388.239630
[01:13:37] [worker #5] Bootstrap tree #854, logLikelihood: -35416.093228
[01:13:38] [worker #0] Bootstrap tree #857, logLikelihood: -35573.700869
[01:13:38] [worker #4] Bootstrap tree #853, logLikelihood: -35550.411577
[01:13:38] [worker #3] Bootstrap tree #852, logLikelihood: -35376.751108
[01:13:39] [worker #2] Bootstrap tree #851, logLikelihood: -35384.862798
[01:14:05] [worker #1] Bootstrap tree #866, logLikelihood: -35349.106979
[01:14:10] [worker #7] Bootstrap tree #864, logLikelihood: -35666.443797
[01:14:11] [worker #2] Bootstrap tree #859, logLikelihood: -35511.776568
[01:14:11] [worker #0] Bootstrap tree #865, logLikelihood: -35556.484148
[01:14:11] [worker #6] Bootstrap tree #863, logLikelihood: -35417.564862
[01:14:14] [worker #3] Bootstrap tree #860, logLikelihood: -35368.003276
[01:14:19] [worker #4] Bootstrap tree #861, logLikelihood: -35177.681133
[01:14:21] [worker #5] Bootstrap tree #862, logLikelihood: -35430.153524
[01:14:37] [worker #1] Bootstrap tree #874, logLikelihood: -35288.337042
[01:14:45] [worker #2] Bootstrap tree #867, logLikelihood: -35387.706827
[01:14:45] [worker #0] Bootstrap tree #873, logLikelihood: -35189.220330
[01:14:46] [worker #6] Bootstrap tree #871, logLikelihood: -35418.583194
[01:14:46] [worker #7] Bootstrap tree #872, logLikelihood: -35212.185929
[01:14:48] [worker #3] Bootstrap tree #868, logLikelihood: -35394.085131
[01:14:53] [worker #4] Bootstrap tree #869, logLikelihood: -35420.285511
[01:14:56] [worker #5] Bootstrap tree #870, logLikelihood: -35384.393741
[01:15:10] [worker #1] Bootstrap tree #882, logLikelihood: -35623.338141
[01:15:16] [worker #7] Bootstrap tree #880, logLikelihood: -35396.316166
[01:15:18] [worker #6] Bootstrap tree #879, logLikelihood: -35504.191639
[01:15:19] [worker #3] Bootstrap tree #876, logLikelihood: -35243.562239
[01:15:21] [worker #2] Bootstrap tree #875, logLikelihood: -35591.048677
[01:15:23] [worker #0] Bootstrap tree #881, logLikelihood: -35488.284330
[01:15:26] [worker #4] Bootstrap tree #877, logLikelihood: -35421.299707
[01:15:31] [worker #5] Bootstrap tree #878, logLikelihood: -35164.699332
[01:15:41] [worker #1] Bootstrap tree #890, logLikelihood: -35348.525593
[01:15:49] [worker #6] Bootstrap tree #887, logLikelihood: -35608.996917
[01:15:53] [worker #3] Bootstrap tree #884, logLikelihood: -35546.877323
[01:15:54] [worker #7] Bootstrap tree #888, logLikelihood: -35283.570978
[01:15:54] [worker #2] Bootstrap tree #883, logLikelihood: -35390.281695
[01:16:00] [worker #0] Bootstrap tree #889, logLikelihood: -35490.969366
[01:16:05] [worker #4] Bootstrap tree #885, logLikelihood: -35695.141899
[01:16:09] [worker #5] Bootstrap tree #886, logLikelihood: -35430.246259
[01:16:15] [worker #1] Bootstrap tree #898, logLikelihood: -35631.943734
[01:16:24] [worker #6] Bootstrap tree #895, logLikelihood: -35492.728442
[01:16:31] [worker #3] Bootstrap tree #892, logLikelihood: -35357.097083
[01:16:32] [worker #0] Bootstrap tree #897, logLikelihood: -35633.815685
[01:16:32] [worker #2] Bootstrap tree #891, logLikelihood: -35381.006076
[01:16:37] [worker #7] Bootstrap tree #896, logLikelihood: -35547.206763
[01:16:39] [worker #4] Bootstrap tree #893, logLikelihood: -35436.388555
[01:16:45] [worker #5] Bootstrap tree #894, logLikelihood: -35540.939605
[01:17:03] [worker #3] Bootstrap tree #900, logLikelihood: -35196.636082
[01:17:05] [worker #2] Bootstrap tree #899, logLikelihood: -35238.919286
[01:17:35] [worker #2] Bootstrap tree #907, logLikelihood: -35396.687489
[01:17:36] [worker #3] Bootstrap tree #908, logLikelihood: -35406.377969
[01:17:37] [worker #1] Bootstrap tree #906, logLikelihood: -35487.756970
[01:17:37] [worker #5] Bootstrap tree #902, logLikelihood: -35487.037477
[01:17:38] [worker #0] Bootstrap tree #905, logLikelihood: -35421.369920
[01:17:38] [worker #4] Bootstrap tree #901, logLikelihood: -35239.893068
[01:17:39] [worker #7] Bootstrap tree #904, logLikelihood: -35469.529851
[01:17:40] [worker #6] Bootstrap tree #903, logLikelihood: -35420.710100
[01:18:10] [worker #2] Bootstrap tree #915, logLikelihood: -35506.081755
[01:18:13] [worker #0] Bootstrap tree #913, logLikelihood: -35494.228033
[01:18:13] [worker #1] Bootstrap tree #914, logLikelihood: -35440.494750
[01:18:15] [worker #7] Bootstrap tree #912, logLikelihood: -35334.657923
[01:18:15] [worker #3] Bootstrap tree #916, logLikelihood: -35312.718801
[01:18:16] [worker #5] Bootstrap tree #910, logLikelihood: -35376.256605
[01:18:19] [worker #6] Bootstrap tree #911, logLikelihood: -35535.696642
[01:18:21] [worker #4] Bootstrap tree #909, logLikelihood: -35433.725624
[01:18:44] [worker #2] Bootstrap tree #923, logLikelihood: -35428.995351
[01:18:46] [worker #1] Bootstrap tree #922, logLikelihood: -35317.629630
[01:18:47] [worker #0] Bootstrap tree #921, logLikelihood: -35404.024461
[01:18:49] [worker #5] Bootstrap tree #918, logLikelihood: -35534.202367
[01:18:50] [worker #3] Bootstrap tree #924, logLikelihood: -35318.910369
[01:18:51] [worker #7] Bootstrap tree #920, logLikelihood: -35365.084975
[01:18:52] [worker #6] Bootstrap tree #919, logLikelihood: -35332.417991
[01:18:54] [worker #4] Bootstrap tree #917, logLikelihood: -35357.706780
[01:19:15] [worker #2] Bootstrap tree #931, logLikelihood: -35354.203032
[01:19:15] [worker #1] Bootstrap tree #930, logLikelihood: -35641.620211
[01:19:20] [worker #0] Bootstrap tree #929, logLikelihood: -35462.158016
[01:19:21] [worker #3] Bootstrap tree #932, logLikelihood: -35303.576461
[01:19:23] [worker #5] Bootstrap tree #926, logLikelihood: -35402.992020
[01:19:23] [worker #7] Bootstrap tree #928, logLikelihood: -35740.131735
[01:19:27] [worker #6] Bootstrap tree #927, logLikelihood: -35180.035092
[01:19:29] [worker #4] Bootstrap tree #925, logLikelihood: -35610.970464
[01:19:46] [worker #1] Bootstrap tree #938, logLikelihood: -35675.808637
[01:19:49] [worker #2] Bootstrap tree #939, logLikelihood: -35214.377478
[01:19:55] [worker #0] Bootstrap tree #937, logLikelihood: -35523.473060
[01:19:56] [worker #3] Bootstrap tree #940, logLikelihood: -35506.399812
[01:19:57] [worker #7] Bootstrap tree #936, logLikelihood: -35197.264241
[01:19:58] [worker #5] Bootstrap tree #934, logLikelihood: -35547.947261
[01:20:01] [worker #4] Bootstrap tree #933, logLikelihood: -35582.309193
[01:20:05] [worker #6] Bootstrap tree #935, logLikelihood: -35490.389333
[01:20:12] [worker #1] Bootstrap tree #946, logLikelihood: -35569.848925
[01:20:19] [worker #2] Bootstrap tree #947, logLikelihood: -35450.798147
[01:20:31] [worker #3] Bootstrap tree #948, logLikelihood: -35351.129775
[01:20:32] [worker #7] Bootstrap tree #944, logLikelihood: -35408.604192
[01:20:34] [worker #0] Bootstrap tree #945, logLikelihood: -35346.195620
[01:20:34] [worker #5] Bootstrap tree #942, logLikelihood: -35271.177419
[01:20:35] [worker #4] Bootstrap tree #941, logLikelihood: -35359.793694
[01:20:41] [worker #6] Bootstrap tree #943, logLikelihood: -35491.525662
[01:21:09] [worker #5] Bootstrap tree #950, logLikelihood: -35340.229143
[01:21:10] [worker #4] Bootstrap tree #949, logLikelihood: -35439.937417
[01:21:42] [worker #2] Bootstrap tree #955, logLikelihood: -35395.621698
[01:21:42] [worker #7] Bootstrap tree #952, logLikelihood: -35419.175747
[01:21:43] [worker #6] Bootstrap tree #951, logLikelihood: -35236.708105
[01:21:43] [worker #5] Bootstrap tree #958, logLikelihood: -35358.773572
[01:21:44] [worker #4] Bootstrap tree #957, logLikelihood: -35579.354468
[01:21:45] [worker #3] Bootstrap tree #956, logLikelihood: -35494.820911
[01:21:48] [worker #1] Bootstrap tree #954, logLikelihood: -35470.449167
[01:21:54] [worker #0] Bootstrap tree #953, logLikelihood: -35323.224942
[01:22:13] [worker #7] Bootstrap tree #960, logLikelihood: -35463.151298
[01:22:16] [worker #6] Bootstrap tree #959, logLikelihood: -35273.323210
[01:22:17] [worker #4] Bootstrap tree #965, logLikelihood: -35428.856161
[01:22:17] [worker #5] Bootstrap tree #966, logLikelihood: -35366.060459
[01:22:18] [worker #3] Bootstrap tree #964, logLikelihood: -35291.311615
[01:22:20] [worker #1] Bootstrap tree #962, logLikelihood: -35570.956446
[01:22:22] [worker #2] Bootstrap tree #963, logLikelihood: -35447.577924
[01:22:27] [worker #0] Bootstrap tree #961, logLikelihood: -35363.205432
[01:22:44] [worker #7] Bootstrap tree #968, logLikelihood: -35587.197668
[01:22:50] [worker #4] Bootstrap tree #973, logLikelihood: -35403.085569
[01:22:51] [worker #6] Bootstrap tree #967, logLikelihood: -35576.214137
[01:22:52] [worker #1] Bootstrap tree #970, logLikelihood: -35437.714056
[01:22:54] [worker #3] Bootstrap tree #972, logLikelihood: -35333.110640
[01:22:54] [worker #5] Bootstrap tree #974, logLikelihood: -35339.788774
[01:23:00] [worker #0] Bootstrap tree #969, logLikelihood: -35400.485271
[01:23:07] [worker #2] Bootstrap tree #971, logLikelihood: -35469.760491
[01:23:17] [worker #7] Bootstrap tree #976, logLikelihood: -35351.879553
[01:23:24] [worker #6] Bootstrap tree #975, logLikelihood: -35208.127180
[01:23:25] [worker #3] Bootstrap tree #980, logLikelihood: -35184.345415
[01:23:25] [worker #1] Bootstrap tree #978, logLikelihood: -35653.211335
[01:23:26] [worker #4] Bootstrap tree #981, logLikelihood: -35401.796440
[01:23:28] [worker #5] Bootstrap tree #982, logLikelihood: -35438.414755
[01:23:34] [worker #0] Bootstrap tree #977, logLikelihood: -35276.921684
[01:23:46] [worker #2] Bootstrap tree #979, logLikelihood: -35504.975826
[01:23:52] [worker #7] Bootstrap tree #984, logLikelihood: -35470.205022
[01:23:57] [worker #1] Bootstrap tree #986, logLikelihood: -35272.104726
[01:23:58] [worker #3] Bootstrap tree #988, logLikelihood: -35571.096215
[01:24:01] [worker #4] Bootstrap tree #989, logLikelihood: -35469.953959
[01:24:02] [worker #6] Bootstrap tree #983, logLikelihood: -35384.244791
[01:24:02] [worker #5] Bootstrap tree #990, logLikelihood: -35739.292369
[01:24:08] [worker #0] Bootstrap tree #985, logLikelihood: -35443.654489
[01:24:18] [worker #2] Bootstrap tree #987, logLikelihood: -35333.301856
[01:24:26] [worker #7] Bootstrap tree #992, logLikelihood: -35305.400476
[01:24:26] [worker #1] Bootstrap tree #994, logLikelihood: -35278.036276
[01:24:34] [worker #3] Bootstrap tree #996, logLikelihood: -35475.161608
[01:24:35] [worker #6] Bootstrap tree #991, logLikelihood: -35630.504837
[01:24:36] [worker #5] Bootstrap tree #998, logLikelihood: -35350.836116
[01:24:38] [worker #4] Bootstrap tree #997, logLikelihood: -35382.913245
[01:24:41] [worker #0] Bootstrap tree #993, logLikelihood: -35560.896138
[01:24:52] [worker #2] Bootstrap tree #995, logLikelihood: -35242.395312
[01:24:56] [worker #7] Bootstrap tree #1000, logLikelihood: -35672.635336
[01:25:09] [worker #6] Bootstrap tree #999, logLikelihood: -35357.706048

Optimized model parameters:

   Partition 0: noname
   Rate heterogeneity: GAMMA (4 cats, mean),  alpha: 99.861315 (ML),  weights&rates: (0.250000,0.875822) (0.250000,0.964713) (0.250000,1.029568) (0.250000,1.129898) 
   Base frequencies (ML): 0.191067 0.312086 0.302729 0.194118 
   Substitution rates (ML): 0.971990 2.078642 0.703366 0.094364 2.094444 1.000000 


Final LogLikelihood: -35586.273627

AIC score: 71988.547254 / AICc score: 72071.259522 / BIC score: 74599.465795
Free parameters (model + branch lengths): 408

WARNING: Best ML tree contains 52 near-zero branches!

Best ML tree with collapsed near-zero branches saved to: /home/light/pestis_work/raxml/raxml_final/full_tree_alignment_1000bs_ML_all_production_run_fullqc_tbe_bs.raxml.bestTreeCollapsed
Best ML tree saved to: /home/light/pestis_work/raxml/raxml_final/full_tree_alignment_1000bs_ML_all_production_run_fullqc_tbe_bs.raxml.bestTree
All ML trees saved to: /home/light/pestis_work/raxml/raxml_final/full_tree_alignment_1000bs_ML_all_production_run_fullqc_tbe_bs.raxml.mlTrees
Best ML tree with Transfer bootstrap (TBE) support values saved to: /home/light/pestis_work/raxml/raxml_final/full_tree_alignment_1000bs_ML_all_production_run_fullqc_tbe_bs.raxml.support
Optimized model saved to: /home/light/pestis_work/raxml/raxml_final/full_tree_alignment_1000bs_ML_all_production_run_fullqc_tbe_bs.raxml.bestModel
Bootstrap trees saved to: /home/light/pestis_work/raxml/raxml_final/full_tree_alignment_1000bs_ML_all_production_run_fullqc_tbe_bs.raxml.bootstraps

Execution log saved to: /home/light/pestis_work/raxml/raxml_final/full_tree_alignment_1000bs_ML_all_production_run_fullqc_tbe_bs.raxml.log

Analysis started: 14-Jun-2024 14:31:26 / finished: 14-Jun-2024 15:56:36

Elapsed time: 5109.689 seconds

