
RAxML-NG v. 1.1 released on 29.11.2021 by The Exelixis Lab.
Developed by: Alexey M. Kozlov and Alexandros Stamatakis.
Contributors: Diego Darriba, Tomas Flouri, Benoit Morel, Sarah Lutteropp, Ben Bettisworth.
Latest version: https://github.com/amkozlov/raxml-ng
Questions/problems/suggestions? Please visit: https://groups.google.com/forum/#!forum/raxml

System: Intel(R) Xeon(R) CPU E7-8867 v4 @ 2.40GHz, 72 cores, 3023 GB RAM

RAxML-NG was called at 13-Jun-2024 14:49:17 as follows:

raxml-ng --all --threads 32 --msa strand_1_maf_9_heterozygosityAncient_recombinationAll_aidaexclusionsRepeatRNA_minorafcovper95_full_qc.fa --outgroup YAC --model GTR+G --prefix full_tree_alignment_1000bs_ML_all_production_run_fullqc --bs-trees 1000

Analysis options:
  run mode: ML tree search + bootstrapping (Felsenstein Bootstrap)
  start tree(s): random (10) + parsimony (10)
  bootstrap replicates: 1000
  outgroup taxa: YAC
  random seed: 1718282957
  tip-inner: OFF
  pattern compression: ON
  per-rate scalers: OFF
  site repeats: ON
  branch lengths: proportional (ML estimate, algorithm: NR-FAST)
  SIMD kernels: AVX2
  parallelization: coarse-grained (auto), PTHREADS (32 threads), thread pinning: OFF

[00:00:00] Reading alignment from file: strand_1_maf_9_heterozygosityAncient_recombinationAll_aidaexclusionsRepeatRNA_minorafcovper95_full_qc.fa
[00:00:00] Loaded alignment with 201 taxa and 4444 sites

Alignment comprises 1 partitions and 4442 patterns

Partition 0: noname
Model: GTR+FO+G4m
Alignment sites / patterns: 4444 / 4442
Gaps: 7.41 %
Invariant sites: 0.00 %


NOTE: Binary MSA file created: full_tree_alignment_1000bs_ML_all_production_run_fullqc.raxml.rba

Parallelization scheme autoconfig: 8 worker(s) x 4 thread(s)

Parallel reduction/worker buffer size: 1 KB  / 0 KB

[00:00:00] Generating 10 random starting tree(s) with 201 taxa
[00:00:00] Generating 10 parsimony starting tree(s) with 201 taxa
[00:00:00] Data distribution: max. partitions/sites/weight per thread: 1 / 1111 / 17776
[00:00:00] Data distribution: max. searches per worker: 128

Starting ML tree search with 20 distinct starting trees

[00:01:58] [worker #6] ML tree search #7, logLikelihood: -35586.275578
[00:01:59] [worker #7] ML tree search #8, logLikelihood: -35586.277337
[00:02:10] [worker #0] ML tree search #1, logLikelihood: -35586.276346
[00:02:13] [worker #1] ML tree search #2, logLikelihood: -35586.275976
[00:02:16] [worker #4] ML tree search #5, logLikelihood: -35586.286161
[00:02:28] [worker #5] ML tree search #6, logLikelihood: -35586.277849
[00:02:36] [worker #2] ML tree search #3, logLikelihood: -35586.280322
[00:02:41] [worker #3] ML tree search #4, logLikelihood: -35586.280713
[00:03:06] [worker #6] ML tree search #15, logLikelihood: -35586.275642
[00:03:19] [worker #7] ML tree search #16, logLikelihood: -35586.273506
[00:03:33] [worker #4] ML tree search #13, logLikelihood: -35586.272960
[00:03:50] [worker #5] ML tree search #14, logLikelihood: -35586.273192
[00:03:56] [worker #3] ML tree search #12, logLikelihood: -35586.272347
[00:03:58] [worker #2] ML tree search #11, logLikelihood: -35586.273699
[00:04:10] [worker #1] ML tree search #10, logLikelihood: -35586.278845
[00:04:32] [worker #0] ML tree search #9, logLikelihood: -35586.277085
[00:05:10] [worker #2] ML tree search #19, logLikelihood: -35586.274303
[00:05:14] [worker #3] ML tree search #20, logLikelihood: -35586.272563
[00:05:22] [worker #1] ML tree search #18, logLikelihood: -35586.273282
[00:05:37] [worker #0] ML tree search #17, logLikelihood: -35586.274083

[00:05:37] ML tree search completed, best tree logLH: -35586.272347

[00:05:37] Starting bootstrapping analysis with 1000 replicates.

[00:06:50] [worker #5] Bootstrap tree #6, logLikelihood: -35350.439058
[00:06:51] [worker #7] Bootstrap tree #8, logLikelihood: -35313.365928
[00:06:54] [worker #0] Bootstrap tree #1, logLikelihood: -35136.233630
[00:06:55] [worker #6] Bootstrap tree #7, logLikelihood: -35405.159053
[00:06:56] [worker #3] Bootstrap tree #4, logLikelihood: -35484.968303
[00:06:56] [worker #4] Bootstrap tree #5, logLikelihood: -35417.535461
[00:06:56] [worker #2] Bootstrap tree #3, logLikelihood: -35413.214859
[00:06:59] [worker #1] Bootstrap tree #2, logLikelihood: -35444.544268
[00:08:04] [worker #5] Bootstrap tree #14, logLikelihood: -35589.470257
[00:08:10] [worker #7] Bootstrap tree #16, logLikelihood: -35704.752909
[00:08:12] [worker #2] Bootstrap tree #11, logLikelihood: -35533.261741
[00:08:13] [worker #6] Bootstrap tree #15, logLikelihood: -35409.787139
[00:08:15] [worker #3] Bootstrap tree #12, logLikelihood: -35576.462678
[00:08:17] [worker #0] Bootstrap tree #9, logLikelihood: -35372.836958
[00:08:23] [worker #4] Bootstrap tree #13, logLikelihood: -35459.559076
[00:08:27] [worker #1] Bootstrap tree #10, logLikelihood: -35329.907351
[00:09:22] [worker #5] Bootstrap tree #22, logLikelihood: -35443.696950
[00:09:27] [worker #2] Bootstrap tree #19, logLikelihood: -35346.299574
[00:09:28] [worker #3] Bootstrap tree #20, logLikelihood: -35417.705816
[00:09:33] [worker #0] Bootstrap tree #17, logLikelihood: -35390.367246
[00:09:33] [worker #6] Bootstrap tree #23, logLikelihood: -35355.318198
[00:09:34] [worker #7] Bootstrap tree #24, logLikelihood: -35438.409471
[00:09:39] [worker #1] Bootstrap tree #18, logLikelihood: -35217.249401
[00:09:40] [worker #4] Bootstrap tree #21, logLikelihood: -35404.156609
[00:10:41] [worker #2] Bootstrap tree #27, logLikelihood: -35488.655321
[00:10:45] [worker #3] Bootstrap tree #28, logLikelihood: -35496.526134
[00:10:51] [worker #0] Bootstrap tree #25, logLikelihood: -35518.577825
[00:10:51] [worker #6] Bootstrap tree #31, logLikelihood: -35553.922081
[00:10:54] [worker #5] Bootstrap tree #30, logLikelihood: -35558.976161
[00:10:55] [worker #1] Bootstrap tree #26, logLikelihood: -35668.810141
[00:11:01] [worker #7] Bootstrap tree #32, logLikelihood: -35396.117262
[00:11:02] [worker #4] Bootstrap tree #29, logLikelihood: -35356.606118
[00:12:03] [worker #3] Bootstrap tree #36, logLikelihood: -35372.908695
[00:12:03] [worker #2] Bootstrap tree #35, logLikelihood: -35286.023810
[00:12:03] [worker #5] Bootstrap tree #38, logLikelihood: -35788.188489
[00:12:05] [worker #0] Bootstrap tree #33, logLikelihood: -35503.031945
[00:12:09] [worker #6] Bootstrap tree #39, logLikelihood: -35430.660687
[00:12:13] [worker #1] Bootstrap tree #34, logLikelihood: -35538.718650
[00:12:18] [worker #7] Bootstrap tree #40, logLikelihood: -35329.956081
[00:12:20] [worker #4] Bootstrap tree #37, logLikelihood: -35423.622726
[00:13:15] [worker #0] Bootstrap tree #41, logLikelihood: -35349.064366
[00:13:20] [worker #3] Bootstrap tree #44, logLikelihood: -35460.926031
[00:13:25] [worker #2] Bootstrap tree #43, logLikelihood: -35163.249795
[00:13:26] [worker #5] Bootstrap tree #46, logLikelihood: -35466.617710
[00:13:28] [worker #7] Bootstrap tree #48, logLikelihood: -35326.903119
[00:13:30] [worker #1] Bootstrap tree #42, logLikelihood: -35438.718894
[00:13:37] [worker #6] Bootstrap tree #47, logLikelihood: -35411.525624
[00:13:53] [worker #4] Bootstrap tree #45, logLikelihood: -35329.081460
[00:14:41] [worker #1] Bootstrap tree #50, logLikelihood: -35467.187805
[00:14:50] [worker #0] Bootstrap tree #49, logLikelihood: -35573.526758
[00:16:07] [worker #5] Bootstrap tree #54, logLikelihood: -35613.073116
[00:16:09] [worker #4] Bootstrap tree #53, logLikelihood: -35685.618661
[00:16:10] [worker #1] Bootstrap tree #58, logLikelihood: -35575.205257
[00:16:11] [worker #0] Bootstrap tree #57, logLikelihood: -35320.312421
[00:16:11] [worker #2] Bootstrap tree #51, logLikelihood: -35457.983105
[00:16:11] [worker #6] Bootstrap tree #55, logLikelihood: -35403.457987
[00:16:12] [worker #7] Bootstrap tree #56, logLikelihood: -35281.826798
[00:16:13] [worker #3] Bootstrap tree #52, logLikelihood: -35327.719753
[00:17:25] [worker #5] Bootstrap tree #62, logLikelihood: -35514.532502
[00:17:27] [worker #2] Bootstrap tree #59, logLikelihood: -35480.344904
[00:17:31] [worker #7] Bootstrap tree #64, logLikelihood: -35431.284883
[00:17:31] [worker #1] Bootstrap tree #66, logLikelihood: -35461.151826
[00:17:33] [worker #6] Bootstrap tree #63, logLikelihood: -35402.950825
[00:17:37] [worker #4] Bootstrap tree #61, logLikelihood: -35177.269210
[00:17:41] [worker #0] Bootstrap tree #65, logLikelihood: -35528.271742
[00:17:53] [worker #3] Bootstrap tree #60, logLikelihood: -35535.831488
[00:18:44] [worker #1] Bootstrap tree #74, logLikelihood: -35454.343277
[00:18:45] [worker #5] Bootstrap tree #70, logLikelihood: -35184.500823
[00:18:48] [worker #2] Bootstrap tree #67, logLikelihood: -35241.621990
[00:18:50] [worker #6] Bootstrap tree #71, logLikelihood: -35394.474177
[00:18:56] [worker #7] Bootstrap tree #72, logLikelihood: -35431.842251
[00:18:58] [worker #4] Bootstrap tree #69, logLikelihood: -35437.955962
[00:18:59] [worker #0] Bootstrap tree #73, logLikelihood: -35555.492347
[00:19:08] [worker #3] Bootstrap tree #68, logLikelihood: -35075.908635
[00:20:02] [worker #6] Bootstrap tree #79, logLikelihood: -35418.586237
[00:20:10] [worker #1] Bootstrap tree #82, logLikelihood: -35390.849586
[00:20:12] [worker #0] Bootstrap tree #81, logLikelihood: -35501.051096
[00:20:13] [worker #2] Bootstrap tree #75, logLikelihood: -35278.379680
[00:20:16] [worker #5] Bootstrap tree #78, logLikelihood: -35354.438718
[00:20:18] [worker #4] Bootstrap tree #77, logLikelihood: -35346.810220
[00:20:21] [worker #3] Bootstrap tree #76, logLikelihood: -35472.127532
[00:20:25] [worker #7] Bootstrap tree #80, logLikelihood: -35576.600693
[00:21:15] [worker #6] Bootstrap tree #87, logLikelihood: -35486.378846
[00:21:23] [worker #1] Bootstrap tree #90, logLikelihood: -35509.956089
[00:21:24] [worker #0] Bootstrap tree #89, logLikelihood: -35532.308413
[00:21:32] [worker #2] Bootstrap tree #83, logLikelihood: -35605.247072
[00:21:37] [worker #3] Bootstrap tree #84, logLikelihood: -35546.148702
[00:21:38] [worker #4] Bootstrap tree #85, logLikelihood: -35600.794216
[00:21:42] [worker #7] Bootstrap tree #88, logLikelihood: -35325.916553
[00:21:48] [worker #5] Bootstrap tree #86, logLikelihood: -35482.940132
[00:22:34] [worker #6] Bootstrap tree #95, logLikelihood: -35663.858597
[00:22:41] [worker #0] Bootstrap tree #97, logLikelihood: -35607.639378
[00:22:45] [worker #2] Bootstrap tree #91, logLikelihood: -35701.575082
[00:22:50] [worker #1] Bootstrap tree #98, logLikelihood: -35569.961174
[00:22:57] [worker #3] Bootstrap tree #92, logLikelihood: -35359.331731
[00:22:59] [worker #7] Bootstrap tree #96, logLikelihood: -35687.998147
[00:23:03] [worker #5] Bootstrap tree #94, logLikelihood: -35316.419699
[00:23:09] [worker #4] Bootstrap tree #93, logLikelihood: -35383.052933
[00:24:02] [worker #2] Bootstrap tree #99, logLikelihood: -35516.470371
[00:24:27] [worker #3] Bootstrap tree #100, logLikelihood: -35616.831845
[00:25:40] [worker #1] Bootstrap tree #106, logLikelihood: -35656.640746
[00:25:42] [worker #2] Bootstrap tree #107, logLikelihood: -35266.317205
[00:25:44] [worker #6] Bootstrap tree #103, logLikelihood: -35470.570253
[00:25:44] [worker #0] Bootstrap tree #105, logLikelihood: -35407.603800
[00:25:46] [worker #4] Bootstrap tree #101, logLikelihood: -35408.470869
[00:25:47] [worker #7] Bootstrap tree #104, logLikelihood: -35647.917527
[00:25:47] [worker #5] Bootstrap tree #102, logLikelihood: -35285.029521
[00:25:55] [worker #3] Bootstrap tree #108, logLikelihood: -35283.413196
[00:26:55] [worker #1] Bootstrap tree #114, logLikelihood: -35534.023026
[00:26:57] [worker #6] Bootstrap tree #111, logLikelihood: -35246.127730
[00:26:57] [worker #5] Bootstrap tree #110, logLikelihood: -35550.399457
[00:26:58] [worker #4] Bootstrap tree #109, logLikelihood: -35290.325677
[00:27:03] [worker #2] Bootstrap tree #115, logLikelihood: -35279.554470
[00:27:04] [worker #0] Bootstrap tree #113, logLikelihood: -35397.672492
[00:27:13] [worker #3] Bootstrap tree #116, logLikelihood: -35512.564861
[00:27:20] [worker #7] Bootstrap tree #112, logLikelihood: -35543.129300
[00:28:12] [worker #5] Bootstrap tree #118, logLikelihood: -35522.448766
[00:28:14] [worker #1] Bootstrap tree #122, logLikelihood: -35504.498737
[00:28:15] [worker #6] Bootstrap tree #119, logLikelihood: -35454.478914
[00:28:18] [worker #2] Bootstrap tree #123, logLikelihood: -35469.932314
[00:28:20] [worker #0] Bootstrap tree #121, logLikelihood: -35462.166947
[00:28:26] [worker #4] Bootstrap tree #117, logLikelihood: -35358.634196
[00:28:28] [worker #3] Bootstrap tree #124, logLikelihood: -35330.497430
[00:28:33] [worker #7] Bootstrap tree #120, logLikelihood: -35407.769415
[00:29:26] [worker #5] Bootstrap tree #126, logLikelihood: -35394.531048
[00:29:31] [worker #2] Bootstrap tree #131, logLikelihood: -35478.255036
[00:29:32] [worker #6] Bootstrap tree #127, logLikelihood: -35522.852140
[00:29:36] [worker #1] Bootstrap tree #130, logLikelihood: -35248.802451
[00:29:39] [worker #0] Bootstrap tree #129, logLikelihood: -35340.418953
[00:29:46] [worker #4] Bootstrap tree #125, logLikelihood: -35492.437247
[00:29:48] [worker #7] Bootstrap tree #128, logLikelihood: -35334.043494
[00:29:50] [worker #3] Bootstrap tree #132, logLikelihood: -35340.233764
[00:30:41] [worker #5] Bootstrap tree #134, logLikelihood: -35512.592567
[00:30:43] [worker #6] Bootstrap tree #135, logLikelihood: -35512.677702
[00:30:47] [worker #2] Bootstrap tree #139, logLikelihood: -35401.426985
[00:30:55] [worker #0] Bootstrap tree #137, logLikelihood: -35541.954703
[00:30:56] [worker #1] Bootstrap tree #138, logLikelihood: -35446.728095
[00:31:03] [worker #3] Bootstrap tree #140, logLikelihood: -35585.932096
[00:31:08] [worker #4] Bootstrap tree #133, logLikelihood: -35275.368554
[00:31:26] [worker #7] Bootstrap tree #136, logLikelihood: -35177.591101
[00:31:54] [worker #5] Bootstrap tree #142, logLikelihood: -35447.396650
[00:32:00] [worker #6] Bootstrap tree #143, logLikelihood: -35371.696391
[00:32:03] [worker #2] Bootstrap tree #147, logLikelihood: -35344.235782
[00:32:13] [worker #1] Bootstrap tree #146, logLikelihood: -35334.167906
[00:32:15] [worker #0] Bootstrap tree #145, logLikelihood: -35296.585314
[00:32:22] [worker #3] Bootstrap tree #148, logLikelihood: -35468.065462
[00:32:23] [worker #4] Bootstrap tree #141, logLikelihood: -35459.533483
[00:32:41] [worker #7] Bootstrap tree #144, logLikelihood: -35419.120683
[00:33:22] [worker #5] Bootstrap tree #150, logLikelihood: -35430.730699
[00:33:37] [worker #4] Bootstrap tree #149, logLikelihood: -35318.787586
[00:34:46] [worker #2] Bootstrap tree #155, logLikelihood: -35324.821791
[00:34:51] [worker #6] Bootstrap tree #151, logLikelihood: -35491.345479
[00:34:56] [worker #1] Bootstrap tree #154, logLikelihood: -35588.589521
[00:34:57] [worker #4] Bootstrap tree #157, logLikelihood: -35613.312426
[00:34:58] [worker #5] Bootstrap tree #158, logLikelihood: -35518.532945
[00:35:05] [worker #7] Bootstrap tree #152, logLikelihood: -35539.233244
[00:35:09] [worker #3] Bootstrap tree #156, logLikelihood: -35645.712484
[00:35:09] [worker #0] Bootstrap tree #153, logLikelihood: -35615.786622
[00:36:01] [worker #6] Bootstrap tree #159, logLikelihood: -35452.161283
[00:36:06] [worker #2] Bootstrap tree #163, logLikelihood: -35407.452049
[00:36:18] [worker #4] Bootstrap tree #165, logLikelihood: -35552.246369
[00:36:18] [worker #5] Bootstrap tree #166, logLikelihood: -35333.005086
[00:36:24] [worker #7] Bootstrap tree #160, logLikelihood: -35386.529586
[00:36:25] [worker #3] Bootstrap tree #164, logLikelihood: -35360.765905
[00:36:26] [worker #0] Bootstrap tree #161, logLikelihood: -35408.085359
[00:36:31] [worker #1] Bootstrap tree #162, logLikelihood: -35542.084545
[00:37:22] [worker #6] Bootstrap tree #167, logLikelihood: -35372.788704
[00:37:25] [worker #2] Bootstrap tree #171, logLikelihood: -35420.692554
[00:37:36] [worker #7] Bootstrap tree #168, logLikelihood: -35440.405505
[00:37:38] [worker #0] Bootstrap tree #169, logLikelihood: -35363.543652
[00:37:38] [worker #4] Bootstrap tree #173, logLikelihood: -35386.606060
[00:37:40] [worker #1] Bootstrap tree #170, logLikelihood: -35383.280642
[00:37:54] [worker #3] Bootstrap tree #172, logLikelihood: -35530.114058
[00:37:56] [worker #5] Bootstrap tree #174, logLikelihood: -35335.065250
[00:38:38] [worker #6] Bootstrap tree #175, logLikelihood: -35431.186108
[00:38:50] [worker #2] Bootstrap tree #179, logLikelihood: -35447.773155
[00:38:53] [worker #7] Bootstrap tree #176, logLikelihood: -35367.794085
[00:38:59] [worker #0] Bootstrap tree #177, logLikelihood: -35290.528015
[00:38:59] [worker #4] Bootstrap tree #181, logLikelihood: -35387.869581
[00:39:12] [worker #3] Bootstrap tree #180, logLikelihood: -35559.430459
[00:39:16] [worker #1] Bootstrap tree #178, logLikelihood: -35258.053727
[00:39:32] [worker #5] Bootstrap tree #182, logLikelihood: -35485.942878
[00:39:53] [worker #6] Bootstrap tree #183, logLikelihood: -35550.284100
[00:39:56] [worker #2] Bootstrap tree #187, logLikelihood: -35518.078941
[00:40:06] [worker #7] Bootstrap tree #184, logLikelihood: -35301.850357
[00:40:17] [worker #0] Bootstrap tree #185, logLikelihood: -35406.996879
[00:40:21] [worker #3] Bootstrap tree #188, logLikelihood: -35426.299785
[00:40:23] [worker #4] Bootstrap tree #189, logLikelihood: -35425.350506
[00:40:33] [worker #1] Bootstrap tree #186, logLikelihood: -35443.090055
[00:40:45] [worker #5] Bootstrap tree #190, logLikelihood: -35545.927000
[00:41:11] [worker #6] Bootstrap tree #191, logLikelihood: -35477.177207
[00:41:13] [worker #2] Bootstrap tree #195, logLikelihood: -35397.368954
[00:41:27] [worker #7] Bootstrap tree #192, logLikelihood: -35586.390727
[00:41:30] [worker #0] Bootstrap tree #193, logLikelihood: -35529.577523
[00:41:36] [worker #3] Bootstrap tree #196, logLikelihood: -35269.902902
[00:41:37] [worker #4] Bootstrap tree #197, logLikelihood: -35391.459037
[00:41:48] [worker #1] Bootstrap tree #194, logLikelihood: -35518.532036
[00:42:00] [worker #5] Bootstrap tree #198, logLikelihood: -35586.483658
[00:42:30] [worker #6] Bootstrap tree #199, logLikelihood: -35356.970642
[00:42:44] [worker #7] Bootstrap tree #200, logLikelihood: -35597.548211
[00:43:53] [worker #1] Bootstrap tree #202, logLikelihood: -35420.527182
[00:43:59] [worker #6] Bootstrap tree #207, logLikelihood: -35498.633611
[00:44:02] [worker #2] Bootstrap tree #203, logLikelihood: -35518.123507
[00:44:02] [worker #3] Bootstrap tree #204, logLikelihood: -35386.464848
[00:44:02] [worker #7] Bootstrap tree #208, logLikelihood: -35324.029757
[00:44:07] [worker #5] Bootstrap tree #206, logLikelihood: -35652.856096
[00:44:15] [worker #0] Bootstrap tree #201, logLikelihood: -35240.050730
[00:44:16] [worker #4] Bootstrap tree #205, logLikelihood: -35433.623662
[00:45:06] [worker #1] Bootstrap tree #210, logLikelihood: -35405.612323
[00:45:13] [worker #6] Bootstrap tree #215, logLikelihood: -35459.745387
[00:45:14] [worker #7] Bootstrap tree #216, logLikelihood: -35661.489688
[00:45:17] [worker #2] Bootstrap tree #211, logLikelihood: -35514.359833
[00:45:21] [worker #5] Bootstrap tree #214, logLikelihood: -35484.606068
[00:45:21] [worker #3] Bootstrap tree #212, logLikelihood: -35341.801387
[00:45:26] [worker #4] Bootstrap tree #213, logLikelihood: -35380.322564
[00:45:37] [worker #0] Bootstrap tree #209, logLikelihood: -35471.851787
[00:46:24] [worker #1] Bootstrap tree #218, logLikelihood: -35545.860779
[00:46:33] [worker #7] Bootstrap tree #224, logLikelihood: -35401.737141
[00:46:34] [worker #6] Bootstrap tree #223, logLikelihood: -35423.878694
[00:46:35] [worker #3] Bootstrap tree #220, logLikelihood: -35559.970997
[00:46:37] [worker #2] Bootstrap tree #219, logLikelihood: -35631.347810
[00:46:50] [worker #0] Bootstrap tree #217, logLikelihood: -35354.930634
[00:46:51] [worker #5] Bootstrap tree #222, logLikelihood: -35387.918403
[00:47:02] [worker #4] Bootstrap tree #221, logLikelihood: -35690.651183
[00:47:38] [worker #1] Bootstrap tree #226, logLikelihood: -35333.715301
[00:47:45] [worker #6] Bootstrap tree #231, logLikelihood: -35307.001314
[00:47:50] [worker #7] Bootstrap tree #232, logLikelihood: -35441.261946
[00:47:59] [worker #3] Bootstrap tree #228, logLikelihood: -35390.234238
[00:48:00] [worker #2] Bootstrap tree #227, logLikelihood: -35407.989097
[00:48:06] [worker #0] Bootstrap tree #225, logLikelihood: -35706.475890
[00:48:14] [worker #5] Bootstrap tree #230, logLikelihood: -35357.142151
[00:48:14] [worker #4] Bootstrap tree #229, logLikelihood: -35225.459851
[00:48:53] [worker #1] Bootstrap tree #234, logLikelihood: -35470.637815
[00:48:57] [worker #6] Bootstrap tree #239, logLikelihood: -35402.187204
[00:49:08] [worker #7] Bootstrap tree #240, logLikelihood: -35281.752706
[00:49:15] [worker #2] Bootstrap tree #235, logLikelihood: -35405.984654
[00:49:22] [worker #3] Bootstrap tree #236, logLikelihood: -35418.993666
[00:49:25] [worker #0] Bootstrap tree #233, logLikelihood: -35318.722704
[00:49:26] [worker #5] Bootstrap tree #238, logLikelihood: -35400.325759
[00:49:39] [worker #4] Bootstrap tree #237, logLikelihood: -35646.321703
[00:50:04] [worker #1] Bootstrap tree #242, logLikelihood: -35539.271242
[00:50:15] [worker #6] Bootstrap tree #247, logLikelihood: -35440.705568
[00:50:22] [worker #2] Bootstrap tree #243, logLikelihood: -35529.413034
[00:50:36] [worker #0] Bootstrap tree #241, logLikelihood: -35585.016684
[00:50:40] [worker #7] Bootstrap tree #248, logLikelihood: -35642.007366
[00:50:41] [worker #5] Bootstrap tree #246, logLikelihood: -35236.023237
[00:50:43] [worker #3] Bootstrap tree #244, logLikelihood: -35316.032052
[00:51:04] [worker #4] Bootstrap tree #245, logLikelihood: -35371.495441
[00:51:31] [worker #1] Bootstrap tree #250, logLikelihood: -35474.790647
[00:51:53] [worker #0] Bootstrap tree #249, logLikelihood: -35222.028137
[00:53:09] [worker #3] Bootstrap tree #252, logLikelihood: -35269.204773
[00:53:10] [worker #4] Bootstrap tree #253, logLikelihood: -35539.647695
[00:53:10] [worker #0] Bootstrap tree #257, logLikelihood: -35507.974984
[00:53:11] [worker #7] Bootstrap tree #256, logLikelihood: -35492.541618
[00:53:11] [worker #2] Bootstrap tree #251, logLikelihood: -35397.718003
[00:53:11] [worker #6] Bootstrap tree #255, logLikelihood: -35252.244185
[00:53:14] [worker #1] Bootstrap tree #258, logLikelihood: -35359.585647
[00:53:17] [worker #5] Bootstrap tree #254, logLikelihood: -35311.302960
[00:54:24] [worker #7] Bootstrap tree #264, logLikelihood: -35445.391898
[00:54:24] [worker #6] Bootstrap tree #263, logLikelihood: -35573.307820
[00:54:24] [worker #3] Bootstrap tree #260, logLikelihood: -35482.683922
[00:54:33] [worker #1] Bootstrap tree #266, logLikelihood: -35369.223718
[00:54:35] [worker #4] Bootstrap tree #261, logLikelihood: -35343.442972
[00:54:35] [worker #5] Bootstrap tree #262, logLikelihood: -35351.977360
[00:54:35] [worker #2] Bootstrap tree #259, logLikelihood: -35120.726583
[00:54:46] [worker #0] Bootstrap tree #265, logLikelihood: -35497.496729
[00:55:35] [worker #3] Bootstrap tree #268, logLikelihood: -35365.668188
[00:55:36] [worker #6] Bootstrap tree #271, logLikelihood: -35513.656961
[00:55:46] [worker #7] Bootstrap tree #272, logLikelihood: -35373.251671
[00:55:48] [worker #1] Bootstrap tree #274, logLikelihood: -35484.479650
[00:55:50] [worker #2] Bootstrap tree #267, logLikelihood: -35439.425495
[00:55:51] [worker #5] Bootstrap tree #270, logLikelihood: -35469.317112
[00:55:54] [worker #4] Bootstrap tree #269, logLikelihood: -35205.146699
[00:56:03] [worker #0] Bootstrap tree #273, logLikelihood: -35543.161797
[00:56:54] [worker #6] Bootstrap tree #279, logLikelihood: -35446.275074
[00:57:03] [worker #2] Bootstrap tree #275, logLikelihood: -35349.861276
[00:57:07] [worker #3] Bootstrap tree #276, logLikelihood: -35331.308570
[00:57:07] [worker #7] Bootstrap tree #280, logLikelihood: -35591.068938
[00:57:08] [worker #1] Bootstrap tree #282, logLikelihood: -35393.895495
[00:57:11] [worker #4] Bootstrap tree #277, logLikelihood: -35301.530877
[00:57:12] [worker #5] Bootstrap tree #278, logLikelihood: -35357.622927
[00:57:21] [worker #0] Bootstrap tree #281, logLikelihood: -35375.354665
[00:58:16] [worker #6] Bootstrap tree #287, logLikelihood: -35295.783018
[00:58:21] [worker #2] Bootstrap tree #283, logLikelihood: -35579.713925
[00:58:23] [worker #3] Bootstrap tree #284, logLikelihood: -35496.492209
[00:58:26] [worker #1] Bootstrap tree #290, logLikelihood: -35258.908568
[00:58:27] [worker #5] Bootstrap tree #286, logLikelihood: -35608.657263
[00:58:33] [worker #4] Bootstrap tree #285, logLikelihood: -35311.493797
[00:58:36] [worker #0] Bootstrap tree #289, logLikelihood: -35463.842003
[00:58:38] [worker #7] Bootstrap tree #288, logLikelihood: -35457.628641
[00:59:32] [worker #6] Bootstrap tree #295, logLikelihood: -35402.166738
[00:59:39] [worker #2] Bootstrap tree #291, logLikelihood: -35639.200872
[00:59:41] [worker #5] Bootstrap tree #294, logLikelihood: -35275.604463
[00:59:44] [worker #1] Bootstrap tree #298, logLikelihood: -35331.951297
[00:59:50] [worker #4] Bootstrap tree #293, logLikelihood: -35636.057398
[00:59:52] [worker #3] Bootstrap tree #292, logLikelihood: -35353.368781
[00:59:52] [worker #7] Bootstrap tree #296, logLikelihood: -35411.146841
[00:59:54] [worker #0] Bootstrap tree #297, logLikelihood: -35448.154401
[01:00:50] [worker #2] Bootstrap tree #299, logLikelihood: -35711.407403
[01:01:06] [worker #3] Bootstrap tree #300, logLikelihood: -35569.739026
[01:02:15] [worker #6] Bootstrap tree #303, logLikelihood: -35303.403509
[01:02:20] [worker #1] Bootstrap tree #306, logLikelihood: -35479.244444
[01:02:20] [worker #3] Bootstrap tree #308, logLikelihood: -35469.156951
[01:02:24] [worker #0] Bootstrap tree #305, logLikelihood: -35518.990650
[01:02:26] [worker #5] Bootstrap tree #302, logLikelihood: -35120.685976
[01:02:30] [worker #4] Bootstrap tree #301, logLikelihood: -35489.289580
[01:02:31] [worker #2] Bootstrap tree #307, logLikelihood: -35619.691899
[01:02:36] [worker #7] Bootstrap tree #304, logLikelihood: -35418.763791
[01:03:30] [worker #6] Bootstrap tree #311, logLikelihood: -35473.462510
[01:03:33] [worker #1] Bootstrap tree #314, logLikelihood: -35327.976622
[01:03:35] [worker #3] Bootstrap tree #316, logLikelihood: -35368.249831
[01:03:39] [worker #5] Bootstrap tree #310, logLikelihood: -35608.584741
[01:03:40] [worker #0] Bootstrap tree #313, logLikelihood: -35533.049526
[01:03:49] [worker #7] Bootstrap tree #312, logLikelihood: -35312.988263
[01:03:51] [worker #2] Bootstrap tree #315, logLikelihood: -35456.266817
[01:03:55] [worker #4] Bootstrap tree #309, logLikelihood: -35407.558373
[01:04:43] [worker #6] Bootstrap tree #319, logLikelihood: -35700.467425
[01:04:52] [worker #3] Bootstrap tree #324, logLikelihood: -35414.157898
[01:04:56] [worker #0] Bootstrap tree #321, logLikelihood: -35353.420485
[01:05:01] [worker #5] Bootstrap tree #318, logLikelihood: -35513.273988
[01:05:02] [worker #2] Bootstrap tree #323, logLikelihood: -35483.293844
[01:05:07] [worker #4] Bootstrap tree #317, logLikelihood: -35598.083283
[01:05:07] [worker #1] Bootstrap tree #322, logLikelihood: -35541.537298
[01:05:24] [worker #7] Bootstrap tree #320, logLikelihood: -35426.349568
[01:06:04] [worker #6] Bootstrap tree #327, logLikelihood: -35610.301403
[01:06:07] [worker #0] Bootstrap tree #329, logLikelihood: -35374.819021
[01:06:13] [worker #3] Bootstrap tree #332, logLikelihood: -35278.906218
[01:06:17] [worker #5] Bootstrap tree #326, logLikelihood: -35172.340079
[01:06:19] [worker #2] Bootstrap tree #331, logLikelihood: -35482.887073
[01:06:30] [worker #4] Bootstrap tree #325, logLikelihood: -35282.425047
[01:06:35] [worker #7] Bootstrap tree #328, logLikelihood: -35336.755169
[01:06:40] [worker #1] Bootstrap tree #330, logLikelihood: -35717.564836
[01:07:16] [worker #6] Bootstrap tree #335, logLikelihood: -35546.657167
[01:07:28] [worker #0] Bootstrap tree #337, logLikelihood: -35431.464466
[01:07:37] [worker #5] Bootstrap tree #334, logLikelihood: -35616.960708
[01:07:38] [worker #3] Bootstrap tree #340, logLikelihood: -35459.763014
[01:07:39] [worker #2] Bootstrap tree #339, logLikelihood: -35474.812220
[01:07:43] [worker #4] Bootstrap tree #333, logLikelihood: -35433.465000
[01:07:52] [worker #7] Bootstrap tree #336, logLikelihood: -35381.319170
[01:07:53] [worker #1] Bootstrap tree #338, logLikelihood: -35385.160463
[01:08:34] [worker #6] Bootstrap tree #343, logLikelihood: -35464.530710
[01:08:39] [worker #0] Bootstrap tree #345, logLikelihood: -35225.238423
[01:08:46] [worker #5] Bootstrap tree #342, logLikelihood: -35566.435850
[01:08:53] [worker #2] Bootstrap tree #347, logLikelihood: -35341.000736
[01:08:56] [worker #3] Bootstrap tree #348, logLikelihood: -35498.055227
[01:08:56] [worker #7] Bootstrap tree #344, logLikelihood: -35581.331141
[01:09:01] [worker #4] Bootstrap tree #341, logLikelihood: -35474.598901
[01:09:13] [worker #1] Bootstrap tree #346, logLikelihood: -35586.915979
[01:10:13] [worker #5] Bootstrap tree #350, logLikelihood: -35466.588768
[01:10:15] [worker #4] Bootstrap tree #349, logLikelihood: -35479.150808
[01:11:27] [worker #0] Bootstrap tree #353, logLikelihood: -35343.695058
[01:11:30] [worker #5] Bootstrap tree #358, logLikelihood: -35508.596411
[01:11:31] [worker #1] Bootstrap tree #354, logLikelihood: -35285.543881
[01:11:31] [worker #2] Bootstrap tree #355, logLikelihood: -35493.981635
[01:11:37] [worker #7] Bootstrap tree #352, logLikelihood: -35183.110863
[01:11:38] [worker #6] Bootstrap tree #351, logLikelihood: -35480.733967
[01:11:41] [worker #4] Bootstrap tree #357, logLikelihood: -35371.451177
[01:11:51] [worker #3] Bootstrap tree #356, logLikelihood: -35408.956293
[01:12:45] [worker #5] Bootstrap tree #366, logLikelihood: -35634.244828
[01:12:46] [worker #2] Bootstrap tree #363, logLikelihood: -35488.353287
[01:12:47] [worker #1] Bootstrap tree #362, logLikelihood: -35452.688096
[01:12:49] [worker #0] Bootstrap tree #361, logLikelihood: -35443.075715
[01:12:54] [worker #7] Bootstrap tree #360, logLikelihood: -35547.581593
[01:12:55] [worker #6] Bootstrap tree #359, logLikelihood: -35382.022970
[01:13:02] [worker #4] Bootstrap tree #365, logLikelihood: -35408.249834
[01:13:09] [worker #3] Bootstrap tree #364, logLikelihood: -35306.912358
[01:14:01] [worker #1] Bootstrap tree #370, logLikelihood: -35559.787331
[01:14:01] [worker #0] Bootstrap tree #369, logLikelihood: -35450.642752
[01:14:03] [worker #2] Bootstrap tree #371, logLikelihood: -35262.354550
[01:14:05] [worker #6] Bootstrap tree #367, logLikelihood: -35473.984389
[01:14:07] [worker #5] Bootstrap tree #374, logLikelihood: -35294.604903
[01:14:09] [worker #7] Bootstrap tree #368, logLikelihood: -35386.475728
[01:14:18] [worker #4] Bootstrap tree #373, logLikelihood: -35382.800195
[01:14:26] [worker #3] Bootstrap tree #372, logLikelihood: -35352.401836
[01:15:15] [worker #1] Bootstrap tree #378, logLikelihood: -35586.883507
[01:15:16] [worker #6] Bootstrap tree #375, logLikelihood: -35412.128690
[01:15:19] [worker #0] Bootstrap tree #377, logLikelihood: -35455.324665
[01:15:21] [worker #7] Bootstrap tree #376, logLikelihood: -35595.892311
[01:15:26] [worker #2] Bootstrap tree #379, logLikelihood: -35539.009888
[01:15:34] [worker #5] Bootstrap tree #382, logLikelihood: -35326.562395
[01:15:37] [worker #4] Bootstrap tree #381, logLikelihood: -35274.334309
[01:15:55] [worker #3] Bootstrap tree #380, logLikelihood: -35647.946167
[01:16:27] [worker #6] Bootstrap tree #383, logLikelihood: -35473.124133
[01:16:35] [worker #7] Bootstrap tree #384, logLikelihood: -35616.519847
[01:16:39] [worker #0] Bootstrap tree #385, logLikelihood: -35231.787479
[01:16:42] [worker #2] Bootstrap tree #387, logLikelihood: -35441.933443
[01:16:45] [worker #1] Bootstrap tree #386, logLikelihood: -35180.132927
[01:16:48] [worker #5] Bootstrap tree #390, logLikelihood: -35456.791067
[01:17:06] [worker #4] Bootstrap tree #389, logLikelihood: -35344.546808
[01:17:28] [worker #3] Bootstrap tree #388, logLikelihood: -35376.688670
[01:17:41] [worker #6] Bootstrap tree #391, logLikelihood: -35418.909438
[01:17:51] [worker #0] Bootstrap tree #393, logLikelihood: -35355.710314
[01:17:57] [worker #1] Bootstrap tree #394, logLikelihood: -35428.880230
[01:18:03] [worker #7] Bootstrap tree #392, logLikelihood: -35444.517784
[01:18:05] [worker #5] Bootstrap tree #398, logLikelihood: -35489.866215
[01:18:05] [worker #2] Bootstrap tree #395, logLikelihood: -35268.903057
[01:18:15] [worker #4] Bootstrap tree #397, logLikelihood: -35636.117409
[01:18:43] [worker #3] Bootstrap tree #396, logLikelihood: -35439.786531
[01:18:53] [worker #6] Bootstrap tree #399, logLikelihood: -35321.861899
[01:19:13] [worker #7] Bootstrap tree #400, logLikelihood: -35511.982163
[01:20:23] [worker #5] Bootstrap tree #406, logLikelihood: -35389.789780
[01:20:28] [worker #7] Bootstrap tree #408, logLikelihood: -35268.979425
[01:20:29] [worker #2] Bootstrap tree #403, logLikelihood: -35392.858618
[01:20:30] [worker #1] Bootstrap tree #402, logLikelihood: -35639.439892
[01:20:32] [worker #0] Bootstrap tree #401, logLikelihood: -35417.249062
[01:20:36] [worker #6] Bootstrap tree #407, logLikelihood: -35357.733194
[01:20:37] [worker #3] Bootstrap tree #404, logLikelihood: -35380.081809
[01:20:50] [worker #4] Bootstrap tree #405, logLikelihood: -35401.117962
[01:21:44] [worker #2] Bootstrap tree #411, logLikelihood: -35440.684134
[01:21:46] [worker #1] Bootstrap tree #410, logLikelihood: -35499.253211
[01:21:47] [worker #7] Bootstrap tree #416, logLikelihood: -35310.761816
[01:21:48] [worker #6] Bootstrap tree #415, logLikelihood: -35383.809386
[01:21:55] [worker #3] Bootstrap tree #412, logLikelihood: -35330.891327
[01:21:55] [worker #0] Bootstrap tree #409, logLikelihood: -35669.445119
[01:21:58] [worker #5] Bootstrap tree #414, logLikelihood: -35474.241496
[01:22:04] [worker #4] Bootstrap tree #413, logLikelihood: -35491.454558
[01:22:57] [worker #6] Bootstrap tree #423, logLikelihood: -35510.925997
[01:23:03] [worker #7] Bootstrap tree #424, logLikelihood: -35494.576869
[01:23:03] [worker #1] Bootstrap tree #418, logLikelihood: -35586.321481
[01:23:11] [worker #3] Bootstrap tree #420, logLikelihood: -35454.901522
[01:23:13] [worker #5] Bootstrap tree #422, logLikelihood: -35598.223834
[01:23:14] [worker #2] Bootstrap tree #419, logLikelihood: -35354.429487
[01:23:27] [worker #4] Bootstrap tree #421, logLikelihood: -35463.398622
[01:23:29] [worker #0] Bootstrap tree #417, logLikelihood: -35497.819661
[01:24:17] [worker #6] Bootstrap tree #431, logLikelihood: -35299.744287
[01:24:20] [worker #1] Bootstrap tree #426, logLikelihood: -35586.722435
[01:24:20] [worker #7] Bootstrap tree #432, logLikelihood: -35495.984544
[01:24:23] [worker #3] Bootstrap tree #428, logLikelihood: -35198.989800
[01:24:29] [worker #5] Bootstrap tree #430, logLikelihood: -35493.095278
[01:24:32] [worker #2] Bootstrap tree #427, logLikelihood: -35531.505046
[01:24:42] [worker #0] Bootstrap tree #425, logLikelihood: -35497.744346
[01:25:05] [worker #4] Bootstrap tree #429, logLikelihood: -35438.238758
[01:25:29] [worker #6] Bootstrap tree #439, logLikelihood: -35443.705240
[01:25:35] [worker #7] Bootstrap tree #440, logLikelihood: -35427.659493
[01:25:37] [worker #1] Bootstrap tree #434, logLikelihood: -35544.377877
[01:25:40] [worker #3] Bootstrap tree #436, logLikelihood: -35527.447806
[01:25:50] [worker #2] Bootstrap tree #435, logLikelihood: -35518.702036
[01:26:01] [worker #5] Bootstrap tree #438, logLikelihood: -35704.325845
[01:26:02] [worker #0] Bootstrap tree #433, logLikelihood: -35212.961372
[01:26:20] [worker #4] Bootstrap tree #437, logLikelihood: -35292.696064
[01:26:45] [worker #6] Bootstrap tree #447, logLikelihood: -35361.363084
[01:26:49] [worker #7] Bootstrap tree #448, logLikelihood: -35392.084203
[01:26:51] [worker #1] Bootstrap tree #442, logLikelihood: -35262.445381
[01:27:05] [worker #2] Bootstrap tree #443, logLikelihood: -35333.496813
[01:27:15] [worker #5] Bootstrap tree #446, logLikelihood: -35359.018267
[01:27:16] [worker #3] Bootstrap tree #444, logLikelihood: -35359.724123
[01:27:18] [worker #0] Bootstrap tree #441, logLikelihood: -35417.073711
[01:27:38] [worker #4] Bootstrap tree #445, logLikelihood: -35280.682179
[01:28:04] [worker #1] Bootstrap tree #450, logLikelihood: -35330.460106
[01:28:27] [worker #0] Bootstrap tree #449, logLikelihood: -35427.970773
[01:29:42] [worker #1] Bootstrap tree #458, logLikelihood: -35263.895772
[01:29:43] [worker #6] Bootstrap tree #455, logLikelihood: -35190.807144
[01:29:46] [worker #3] Bootstrap tree #452, logLikelihood: -35483.270519
[01:29:47] [worker #0] Bootstrap tree #457, logLikelihood: -35509.653779
[01:29:47] [worker #5] Bootstrap tree #454, logLikelihood: -35314.425159
[01:29:48] [worker #2] Bootstrap tree #451, logLikelihood: -35370.397367
[01:29:53] [worker #7] Bootstrap tree #456, logLikelihood: -35222.819650
[01:29:53] [worker #4] Bootstrap tree #453, logLikelihood: -35463.486219
[01:30:56] [worker #6] Bootstrap tree #463, logLikelihood: -35388.850700
[01:31:06] [worker #3] Bootstrap tree #460, logLikelihood: -35455.607503
[01:31:08] [worker #5] Bootstrap tree #462, logLikelihood: -35301.078217
[01:31:10] [worker #1] Bootstrap tree #466, logLikelihood: -35471.476606
[01:31:13] [worker #0] Bootstrap tree #465, logLikelihood: -35243.137898
[01:31:18] [worker #7] Bootstrap tree #464, logLikelihood: -35502.776891
[01:31:22] [worker #2] Bootstrap tree #459, logLikelihood: -35274.224960
[01:31:27] [worker #4] Bootstrap tree #461, logLikelihood: -35412.792250
[01:32:14] [worker #3] Bootstrap tree #468, logLikelihood: -35496.872347
[01:32:16] [worker #6] Bootstrap tree #471, logLikelihood: -35369.617133
[01:32:24] [worker #5] Bootstrap tree #470, logLikelihood: -35384.049827
[01:32:28] [worker #0] Bootstrap tree #473, logLikelihood: -35443.095221
[01:32:35] [worker #7] Bootstrap tree #472, logLikelihood: -35542.363093
[01:32:38] [worker #2] Bootstrap tree #467, logLikelihood: -35420.607185
[01:32:40] [worker #4] Bootstrap tree #469, logLikelihood: -35417.497042
[01:32:41] [worker #1] Bootstrap tree #474, logLikelihood: -35535.615505
[01:33:32] [worker #3] Bootstrap tree #476, logLikelihood: -35330.510909
[01:33:38] [worker #5] Bootstrap tree #478, logLikelihood: -35599.591371
[01:33:42] [worker #0] Bootstrap tree #481, logLikelihood: -35551.956661
[01:33:48] [worker #6] Bootstrap tree #479, logLikelihood: -35470.824066
[01:33:55] [worker #2] Bootstrap tree #475, logLikelihood: -35261.511092
[01:33:56] [worker #7] Bootstrap tree #480, logLikelihood: -35461.772589
[01:33:56] [worker #1] Bootstrap tree #482, logLikelihood: -35492.800562
[01:34:18] [worker #4] Bootstrap tree #477, logLikelihood: -35537.320579
[01:34:52] [worker #5] Bootstrap tree #486, logLikelihood: -35657.993957
[01:34:57] [worker #0] Bootstrap tree #489, logLikelihood: -35233.897110
[01:35:05] [worker #3] Bootstrap tree #484, logLikelihood: -35329.365400
[01:35:08] [worker #6] Bootstrap tree #487, logLikelihood: -35324.154549
[01:35:15] [worker #1] Bootstrap tree #490, logLikelihood: -35048.665451
[01:35:18] [worker #7] Bootstrap tree #488, logLikelihood: -35530.524024
[01:35:22] [worker #2] Bootstrap tree #483, logLikelihood: -35396.335505
[01:35:41] [worker #4] Bootstrap tree #485, logLikelihood: -35493.933956
[01:36:11] [worker #0] Bootstrap tree #497, logLikelihood: -35486.870999
[01:36:11] [worker #5] Bootstrap tree #494, logLikelihood: -35404.987246
[01:36:33] [worker #1] Bootstrap tree #498, logLikelihood: -35597.478426
[01:36:34] [worker #3] Bootstrap tree #492, logLikelihood: -35686.737932
[01:36:39] [worker #2] Bootstrap tree #491, logLikelihood: -35451.797943
[01:36:39] [worker #7] Bootstrap tree #496, logLikelihood: -35306.750735
[01:36:41] [worker #6] Bootstrap tree #495, logLikelihood: -35368.025586
[01:36:51] [worker #4] Bootstrap tree #493, logLikelihood: -35540.194995
[01:37:42] [worker #3] Bootstrap tree #500, logLikelihood: -35450.496374
[01:37:52] [worker #2] Bootstrap tree #499, logLikelihood: -35434.631486
[01:39:05] [worker #0] Bootstrap tree #505, logLikelihood: -35343.694506
[01:39:09] [worker #4] Bootstrap tree #501, logLikelihood: -35229.738400
[01:39:12] [worker #6] Bootstrap tree #503, logLikelihood: -35588.264807
[01:39:13] [worker #7] Bootstrap tree #504, logLikelihood: -35471.876204
[01:39:14] [worker #1] Bootstrap tree #506, logLikelihood: -35464.214787
[01:39:14] [worker #5] Bootstrap tree #502, logLikelihood: -35546.429204
[01:39:18] [worker #2] Bootstrap tree #507, logLikelihood: -35548.466566
[01:39:25] [worker #3] Bootstrap tree #508, logLikelihood: -35490.504100
[01:40:22] [worker #0] Bootstrap tree #513, logLikelihood: -35501.013736
[01:40:27] [worker #6] Bootstrap tree #511, logLikelihood: -35193.346683
[01:40:28] [worker #4] Bootstrap tree #509, logLikelihood: -35311.849185
[01:40:29] [worker #1] Bootstrap tree #514, logLikelihood: -35177.210123
[01:40:32] [worker #5] Bootstrap tree #510, logLikelihood: -35531.505819
[01:40:41] [worker #2] Bootstrap tree #515, logLikelihood: -35595.343543
[01:40:44] [worker #7] Bootstrap tree #512, logLikelihood: -35634.628876
[01:40:46] [worker #3] Bootstrap tree #516, logLikelihood: -35310.645023
[01:41:40] [worker #6] Bootstrap tree #519, logLikelihood: -35411.043981
[01:41:43] [worker #4] Bootstrap tree #517, logLikelihood: -35367.202508
[01:41:45] [worker #5] Bootstrap tree #518, logLikelihood: -35566.587589
[01:41:46] [worker #1] Bootstrap tree #522, logLikelihood: -35308.925202
[01:41:47] [worker #0] Bootstrap tree #521, logLikelihood: -35570.716779
[01:41:57] [worker #7] Bootstrap tree #520, logLikelihood: -35294.018646
[01:42:01] [worker #3] Bootstrap tree #524, logLikelihood: -35381.240107
[01:42:02] [worker #2] Bootstrap tree #523, logLikelihood: -35471.203058
[01:42:56] [worker #6] Bootstrap tree #527, logLikelihood: -35407.570535
[01:42:57] [worker #5] Bootstrap tree #526, logLikelihood: -35458.104586
[01:43:06] [worker #4] Bootstrap tree #525, logLikelihood: -35474.282578
[01:43:06] [worker #1] Bootstrap tree #530, logLikelihood: -35538.091865
[01:43:11] [worker #7] Bootstrap tree #528, logLikelihood: -35610.263989
[01:43:12] [worker #0] Bootstrap tree #529, logLikelihood: -35399.787952
[01:43:18] [worker #2] Bootstrap tree #531, logLikelihood: -35579.305408
[01:43:19] [worker #3] Bootstrap tree #532, logLikelihood: -35428.139337
[01:44:09] [worker #6] Bootstrap tree #535, logLikelihood: -35477.124529
[01:44:12] [worker #5] Bootstrap tree #534, logLikelihood: -35595.464074
[01:44:22] [worker #7] Bootstrap tree #536, logLikelihood: -35472.344153
[01:44:24] [worker #1] Bootstrap tree #538, logLikelihood: -35473.706944
[01:44:25] [worker #0] Bootstrap tree #537, logLikelihood: -35390.625277
[01:44:26] [worker #4] Bootstrap tree #533, logLikelihood: -35464.889511
[01:44:33] [worker #2] Bootstrap tree #539, logLikelihood: -35555.475978
[01:44:38] [worker #3] Bootstrap tree #540, logLikelihood: -35475.386277
[01:45:21] [worker #6] Bootstrap tree #543, logLikelihood: -35277.879670
[01:45:29] [worker #5] Bootstrap tree #542, logLikelihood: -35387.368935
[01:45:43] [worker #1] Bootstrap tree #546, logLikelihood: -35446.189775
[01:45:45] [worker #7] Bootstrap tree #544, logLikelihood: -35513.446135
[01:45:45] [worker #4] Bootstrap tree #541, logLikelihood: -35408.771435
[01:45:47] [worker #2] Bootstrap tree #547, logLikelihood: -35421.234328
[01:45:55] [worker #0] Bootstrap tree #545, logLikelihood: -35497.653486
[01:46:04] [worker #3] Bootstrap tree #548, logLikelihood: -35453.185439
[01:46:38] [worker #5] Bootstrap tree #550, logLikelihood: -35641.339279
[01:47:12] [worker #4] Bootstrap tree #549, logLikelihood: -35493.131808
[01:48:28] [worker #0] Bootstrap tree #553, logLikelihood: -35452.481580
[01:48:28] [worker #5] Bootstrap tree #558, logLikelihood: -35546.635261
[01:48:28] [worker #3] Bootstrap tree #556, logLikelihood: -35464.524467
[01:48:29] [worker #7] Bootstrap tree #552, logLikelihood: -35635.877993
[01:48:30] [worker #2] Bootstrap tree #555, logLikelihood: -35395.171118
[01:48:31] [worker #4] Bootstrap tree #557, logLikelihood: -35283.167669
[01:48:34] [worker #1] Bootstrap tree #554, logLikelihood: -35345.225942
[01:48:36] [worker #6] Bootstrap tree #551, logLikelihood: -35464.393881
[01:49:40] [worker #7] Bootstrap tree #560, logLikelihood: -35554.516270
[01:49:43] [worker #4] Bootstrap tree #565, logLikelihood: -35344.761411
[01:49:47] [worker #0] Bootstrap tree #561, logLikelihood: -35508.007150
[01:49:48] [worker #1] Bootstrap tree #562, logLikelihood: -35344.223308
[01:49:53] [worker #3] Bootstrap tree #564, logLikelihood: -35492.637679
[01:49:54] [worker #2] Bootstrap tree #563, logLikelihood: -35315.474646
[01:49:58] [worker #5] Bootstrap tree #566, logLikelihood: -35578.301953
[01:49:59] [worker #6] Bootstrap tree #559, logLikelihood: -35383.508102
[01:51:00] [worker #4] Bootstrap tree #573, logLikelihood: -35399.098031
[01:51:01] [worker #0] Bootstrap tree #569, logLikelihood: -35391.274456
[01:51:05] [worker #3] Bootstrap tree #572, logLikelihood: -35447.748116
[01:51:09] [worker #1] Bootstrap tree #570, logLikelihood: -35523.029214
[01:51:10] [worker #7] Bootstrap tree #568, logLikelihood: -35458.645046
[01:51:13] [worker #5] Bootstrap tree #574, logLikelihood: -35668.904170
[01:51:21] [worker #6] Bootstrap tree #567, logLikelihood: -35498.663080
[01:51:27] [worker #2] Bootstrap tree #571, logLikelihood: -35555.206994
[01:52:12] [worker #0] Bootstrap tree #577, logLikelihood: -35731.933337
[01:52:20] [worker #3] Bootstrap tree #580, logLikelihood: -35420.646869
[01:52:28] [worker #5] Bootstrap tree #582, logLikelihood: -35539.668815
[01:52:32] [worker #1] Bootstrap tree #578, logLikelihood: -35408.006814
[01:52:35] [worker #7] Bootstrap tree #576, logLikelihood: -35426.825056
[01:52:37] [worker #4] Bootstrap tree #581, logLikelihood: -35341.714466
[01:52:49] [worker #6] Bootstrap tree #575, logLikelihood: -35399.959502
[01:53:00] [worker #2] Bootstrap tree #579, logLikelihood: -35544.623648
[01:53:33] [worker #0] Bootstrap tree #585, logLikelihood: -35602.810198
[01:53:39] [worker #3] Bootstrap tree #588, logLikelihood: -35352.231508
[01:53:45] [worker #5] Bootstrap tree #590, logLikelihood: -35519.611942
[01:53:50] [worker #1] Bootstrap tree #586, logLikelihood: -35422.729635
[01:54:03] [worker #7] Bootstrap tree #584, logLikelihood: -35442.800735
[01:54:09] [worker #4] Bootstrap tree #589, logLikelihood: -35474.079539
[01:54:11] [worker #6] Bootstrap tree #583, logLikelihood: -35065.993490
[01:54:22] [worker #2] Bootstrap tree #587, logLikelihood: -35394.071853
[01:54:54] [worker #3] Bootstrap tree #596, logLikelihood: -35245.426701
[01:54:57] [worker #0] Bootstrap tree #593, logLikelihood: -35495.222662
[01:55:02] [worker #5] Bootstrap tree #598, logLikelihood: -35310.525584
[01:55:09] [worker #1] Bootstrap tree #594, logLikelihood: -35574.494874
[01:55:19] [worker #7] Bootstrap tree #592, logLikelihood: -35510.246800
[01:55:22] [worker #6] Bootstrap tree #591, logLikelihood: -35329.049616
[01:55:24] [worker #4] Bootstrap tree #597, logLikelihood: -35277.075325
[01:55:38] [worker #2] Bootstrap tree #595, logLikelihood: -35463.825712
[01:56:35] [worker #7] Bootstrap tree #600, logLikelihood: -35199.433141
[01:56:44] [worker #6] Bootstrap tree #599, logLikelihood: -35487.832686
[01:57:51] [worker #3] Bootstrap tree #604, logLikelihood: -35451.043676
[01:57:52] [worker #5] Bootstrap tree #606, logLikelihood: -35351.912083
[01:58:00] [worker #1] Bootstrap tree #602, logLikelihood: -35257.788779
[01:58:00] [worker #6] Bootstrap tree #607, logLikelihood: -35424.533450
[01:58:03] [worker #4] Bootstrap tree #605, logLikelihood: -35605.450542
[01:58:05] [worker #0] Bootstrap tree #601, logLikelihood: -35500.602534
[01:58:09] [worker #7] Bootstrap tree #608, logLikelihood: -35622.445369
[01:58:13] [worker #2] Bootstrap tree #603, logLikelihood: -35294.149585
[01:59:10] [worker #5] Bootstrap tree #614, logLikelihood: -35508.556987
[01:59:14] [worker #3] Bootstrap tree #612, logLikelihood: -35511.640130
[01:59:18] [worker #1] Bootstrap tree #610, logLikelihood: -35517.557482
[01:59:18] [worker #6] Bootstrap tree #615, logLikelihood: -35563.821510
[01:59:20] [worker #4] Bootstrap tree #613, logLikelihood: -35381.341277
[01:59:28] [worker #0] Bootstrap tree #609, logLikelihood: -35403.303551
[01:59:34] [worker #2] Bootstrap tree #611, logLikelihood: -35536.160685
[01:59:36] [worker #7] Bootstrap tree #616, logLikelihood: -35373.010746
[02:00:23] [worker #5] Bootstrap tree #622, logLikelihood: -35242.233850
[02:00:30] [worker #3] Bootstrap tree #620, logLikelihood: -35507.410776
[02:00:32] [worker #1] Bootstrap tree #618, logLikelihood: -35172.034253
[02:00:42] [worker #4] Bootstrap tree #621, logLikelihood: -35434.649709
[02:00:43] [worker #6] Bootstrap tree #623, logLikelihood: -35423.817510
[02:00:50] [worker #7] Bootstrap tree #624, logLikelihood: -35554.643010
[02:00:51] [worker #0] Bootstrap tree #617, logLikelihood: -35515.645667
[02:00:53] [worker #2] Bootstrap tree #619, logLikelihood: -35423.738313
[02:01:41] [worker #5] Bootstrap tree #630, logLikelihood: -35256.064400
[02:01:42] [worker #3] Bootstrap tree #628, logLikelihood: -35255.608535
[02:01:48] [worker #1] Bootstrap tree #626, logLikelihood: -35358.066612
[02:02:03] [worker #6] Bootstrap tree #631, logLikelihood: -35266.626979
[02:02:04] [worker #0] Bootstrap tree #625, logLikelihood: -35322.406102
[02:02:12] [worker #7] Bootstrap tree #632, logLikelihood: -35320.097249
[02:02:16] [worker #4] Bootstrap tree #629, logLikelihood: -35347.847166
[02:02:18] [worker #2] Bootstrap tree #627, logLikelihood: -35298.485666
[02:02:57] [worker #5] Bootstrap tree #638, logLikelihood: -35448.426424
[02:03:07] [worker #1] Bootstrap tree #634, logLikelihood: -35391.833496
[02:03:11] [worker #0] Bootstrap tree #633, logLikelihood: -35481.332772
[02:03:13] [worker #6] Bootstrap tree #639, logLikelihood: -35493.946133
[02:03:18] [worker #3] Bootstrap tree #636, logLikelihood: -35437.127382
[02:03:40] [worker #7] Bootstrap tree #640, logLikelihood: -35242.422842
[02:03:49] [worker #4] Bootstrap tree #637, logLikelihood: -35387.049637
[02:03:52] [worker #2] Bootstrap tree #635, logLikelihood: -35421.022910
[02:04:07] [worker #5] Bootstrap tree #646, logLikelihood: -35408.400537
[02:04:24] [worker #1] Bootstrap tree #642, logLikelihood: -35557.087256
[02:04:28] [worker #0] Bootstrap tree #641, logLikelihood: -35632.975882
[02:04:33] [worker #6] Bootstrap tree #647, logLikelihood: -35346.373945
[02:04:37] [worker #3] Bootstrap tree #644, logLikelihood: -35367.541987
[02:04:58] [worker #7] Bootstrap tree #648, logLikelihood: -35552.391768
[02:05:04] [worker #4] Bootstrap tree #645, logLikelihood: -35531.706029
[02:05:11] [worker #2] Bootstrap tree #643, logLikelihood: -35555.155483
[02:05:36] [worker #0] Bootstrap tree #649, logLikelihood: -35434.697166
[02:05:40] [worker #1] Bootstrap tree #650, logLikelihood: -35453.507371
[02:06:55] [worker #4] Bootstrap tree #653, logLikelihood: -35454.144741
[02:06:56] [worker #5] Bootstrap tree #654, logLikelihood: -35399.698611
[02:06:56] [worker #3] Bootstrap tree #652, logLikelihood: -35355.888992
[02:06:58] [worker #0] Bootstrap tree #657, logLikelihood: -35595.343241
[02:07:03] [worker #2] Bootstrap tree #651, logLikelihood: -35679.199684
[02:07:06] [worker #6] Bootstrap tree #655, logLikelihood: -35533.173320
[02:07:16] [worker #1] Bootstrap tree #658, logLikelihood: -35396.146958
[02:07:20] [worker #7] Bootstrap tree #656, logLikelihood: -35314.417402
[02:08:15] [worker #0] Bootstrap tree #665, logLikelihood: -35178.743735
[02:08:16] [worker #3] Bootstrap tree #660, logLikelihood: -35497.301185
[02:08:23] [worker #2] Bootstrap tree #659, logLikelihood: -35502.428780
[02:08:26] [worker #4] Bootstrap tree #661, logLikelihood: -35258.957081
[02:08:27] [worker #5] Bootstrap tree #662, logLikelihood: -35412.485537
[02:08:28] [worker #1] Bootstrap tree #666, logLikelihood: -35603.447780
[02:08:38] [worker #7] Bootstrap tree #664, logLikelihood: -35407.100908
[02:08:41] [worker #6] Bootstrap tree #663, logLikelihood: -35490.850582
[02:09:30] [worker #0] Bootstrap tree #673, logLikelihood: -35310.765114
[02:09:33] [worker #3] Bootstrap tree #668, logLikelihood: -35334.590985
[02:09:40] [worker #2] Bootstrap tree #667, logLikelihood: -35482.107365
[02:09:43] [worker #1] Bootstrap tree #674, logLikelihood: -35314.879146
[02:09:47] [worker #5] Bootstrap tree #670, logLikelihood: -35353.884408
[02:09:53] [worker #7] Bootstrap tree #672, logLikelihood: -35785.405093
[02:09:54] [worker #4] Bootstrap tree #669, logLikelihood: -35488.833775
[02:10:00] [worker #6] Bootstrap tree #671, logLikelihood: -35301.055555
[02:10:47] [worker #0] Bootstrap tree #681, logLikelihood: -35577.064362
[02:10:50] [worker #3] Bootstrap tree #676, logLikelihood: -35434.654376
[02:10:50] [worker #1] Bootstrap tree #682, logLikelihood: -35350.140059
[02:10:55] [worker #2] Bootstrap tree #675, logLikelihood: -35393.998803
[02:10:59] [worker #5] Bootstrap tree #678, logLikelihood: -35193.834708
[02:11:09] [worker #4] Bootstrap tree #677, logLikelihood: -35407.341932
[02:11:13] [worker #6] Bootstrap tree #679, logLikelihood: -35499.615622
[02:11:15] [worker #7] Bootstrap tree #680, logLikelihood: -35304.917502
[02:12:10] [worker #0] Bootstrap tree #689, logLikelihood: -35251.539686
[02:12:11] [worker #5] Bootstrap tree #686, logLikelihood: -35298.030538
[02:12:13] [worker #2] Bootstrap tree #683, logLikelihood: -35296.479541
[02:12:16] [worker #3] Bootstrap tree #684, logLikelihood: -35506.869881
[02:12:22] [worker #1] Bootstrap tree #690, logLikelihood: -35345.480011
[02:12:24] [worker #4] Bootstrap tree #685, logLikelihood: -35302.246857
[02:12:36] [worker #6] Bootstrap tree #687, logLikelihood: -35609.366270
[02:12:41] [worker #7] Bootstrap tree #688, logLikelihood: -35256.272521
[02:13:24] [worker #5] Bootstrap tree #694, logLikelihood: -35426.425273
[02:13:26] [worker #0] Bootstrap tree #697, logLikelihood: -35533.951446
[02:13:32] [worker #3] Bootstrap tree #692, logLikelihood: -35471.018672
[02:13:44] [worker #2] Bootstrap tree #691, logLikelihood: -35429.330278
[02:13:44] [worker #4] Bootstrap tree #693, logLikelihood: -35374.763614
[02:13:51] [worker #6] Bootstrap tree #695, logLikelihood: -35297.643060
[02:13:52] [worker #1] Bootstrap tree #698, logLikelihood: -35476.067919
[02:14:15] [worker #7] Bootstrap tree #696, logLikelihood: -35317.087614
[02:14:57] [worker #2] Bootstrap tree #699, logLikelihood: -35279.714330
[02:14:59] [worker #3] Bootstrap tree #700, logLikelihood: -35357.316807
[02:16:11] [worker #4] Bootstrap tree #701, logLikelihood: -35550.338747
[02:16:13] [worker #5] Bootstrap tree #702, logLikelihood: -35516.109117
[02:16:14] [worker #3] Bootstrap tree #708, logLikelihood: -35514.934529
[02:16:20] [worker #6] Bootstrap tree #703, logLikelihood: -35556.261166
[02:16:21] [worker #1] Bootstrap tree #706, logLikelihood: -35424.323712
[02:16:23] [worker #2] Bootstrap tree #707, logLikelihood: -35238.176459
[02:16:28] [worker #7] Bootstrap tree #704, logLikelihood: -35291.857587
[02:16:33] [worker #0] Bootstrap tree #705, logLikelihood: -35632.860241
[02:17:20] [worker #5] Bootstrap tree #710, logLikelihood: -35551.354397
[02:17:30] [worker #3] Bootstrap tree #716, logLikelihood: -35423.811698
[02:17:33] [worker #4] Bootstrap tree #709, logLikelihood: -35616.092531
[02:17:35] [worker #1] Bootstrap tree #714, logLikelihood: -35567.752147
[02:17:38] [worker #2] Bootstrap tree #715, logLikelihood: -35327.139009
[02:17:41] [worker #0] Bootstrap tree #713, logLikelihood: -35367.042118
[02:17:48] [worker #6] Bootstrap tree #711, logLikelihood: -35337.567023
[02:17:59] [worker #7] Bootstrap tree #712, logLikelihood: -35382.202722
[02:18:40] [worker #5] Bootstrap tree #718, logLikelihood: -35458.483185
[02:18:46] [worker #3] Bootstrap tree #724, logLikelihood: -35369.635165
[02:18:51] [worker #1] Bootstrap tree #722, logLikelihood: -35713.675316
[02:18:52] [worker #2] Bootstrap tree #723, logLikelihood: -35428.244629
[02:18:56] [worker #4] Bootstrap tree #717, logLikelihood: -35326.136782
[02:18:59] [worker #0] Bootstrap tree #721, logLikelihood: -35492.766187
[02:19:01] [worker #6] Bootstrap tree #719, logLikelihood: -35260.397222
[02:19:19] [worker #7] Bootstrap tree #720, logLikelihood: -35435.316291
[02:20:02] [worker #3] Bootstrap tree #732, logLikelihood: -35305.978697
[02:20:04] [worker #5] Bootstrap tree #726, logLikelihood: -35458.624935
[02:20:08] [worker #1] Bootstrap tree #730, logLikelihood: -35437.035288
[02:20:13] [worker #4] Bootstrap tree #725, logLikelihood: -35508.874480
[02:20:14] [worker #0] Bootstrap tree #729, logLikelihood: -35385.039665
[02:20:19] [worker #6] Bootstrap tree #727, logLikelihood: -35684.153692
[02:20:23] [worker #2] Bootstrap tree #731, logLikelihood: -35197.911408
[02:20:31] [worker #7] Bootstrap tree #728, logLikelihood: -35401.994566
[02:21:22] [worker #5] Bootstrap tree #734, logLikelihood: -35462.913721
[02:21:22] [worker #3] Bootstrap tree #740, logLikelihood: -35645.174292
[02:21:23] [worker #1] Bootstrap tree #738, logLikelihood: -35324.825187
[02:21:29] [worker #6] Bootstrap tree #735, logLikelihood: -35209.492822
[02:21:31] [worker #4] Bootstrap tree #733, logLikelihood: -35499.879797
[02:21:32] [worker #0] Bootstrap tree #737, logLikelihood: -35446.947533
[02:21:40] [worker #2] Bootstrap tree #739, logLikelihood: -35459.832648
[02:21:47] [worker #7] Bootstrap tree #736, logLikelihood: -35270.241352
[02:22:41] [worker #1] Bootstrap tree #746, logLikelihood: -35291.167091
[02:22:42] [worker #3] Bootstrap tree #748, logLikelihood: -35420.818577
[02:22:43] [worker #0] Bootstrap tree #745, logLikelihood: -35616.750427
[02:22:45] [worker #5] Bootstrap tree #742, logLikelihood: -35387.182943
[02:22:48] [worker #6] Bootstrap tree #743, logLikelihood: -35454.287522
[02:22:54] [worker #4] Bootstrap tree #741, logLikelihood: -35502.462819
[02:22:57] [worker #2] Bootstrap tree #747, logLikelihood: -35577.651551
[02:23:05] [worker #7] Bootstrap tree #744, logLikelihood: -35635.449525
[02:24:01] [worker #5] Bootstrap tree #750, logLikelihood: -35389.911593
[02:24:05] [worker #4] Bootstrap tree #749, logLikelihood: -35410.031753
[02:25:20] [worker #2] Bootstrap tree #755, logLikelihood: -35433.980312
[02:25:21] [worker #0] Bootstrap tree #753, logLikelihood: -35170.646185
[02:25:21] [worker #1] Bootstrap tree #754, logLikelihood: -35473.642109
[02:25:21] [worker #3] Bootstrap tree #756, logLikelihood: -35341.636854
[02:25:23] [worker #6] Bootstrap tree #751, logLikelihood: -35478.455651
[02:25:24] [worker #5] Bootstrap tree #758, logLikelihood: -35450.405795
[02:25:30] [worker #7] Bootstrap tree #752, logLikelihood: -35311.270798
[02:25:30] [worker #4] Bootstrap tree #757, logLikelihood: -35320.180434
[02:26:32] [worker #3] Bootstrap tree #764, logLikelihood: -35202.456245
[02:26:33] [worker #2] Bootstrap tree #763, logLikelihood: -35485.880234
[02:26:35] [worker #0] Bootstrap tree #761, logLikelihood: -35441.193725
[02:26:38] [worker #1] Bootstrap tree #762, logLikelihood: -35430.702336
[02:26:41] [worker #5] Bootstrap tree #766, logLikelihood: -35692.297451
[02:26:44] [worker #7] Bootstrap tree #760, logLikelihood: -35509.110861
[02:26:49] [worker #6] Bootstrap tree #759, logLikelihood: -35481.987079
[02:26:53] [worker #4] Bootstrap tree #765, logLikelihood: -35483.923866
[02:27:39] [worker #2] Bootstrap tree #771, logLikelihood: -35364.151170
[02:27:44] [worker #0] Bootstrap tree #769, logLikelihood: -35573.394994
[02:27:55] [worker #1] Bootstrap tree #770, logLikelihood: -35415.912333
[02:27:59] [worker #3] Bootstrap tree #772, logLikelihood: -35204.480442
[02:28:01] [worker #5] Bootstrap tree #774, logLikelihood: -35447.375624
[02:28:02] [worker #4] Bootstrap tree #773, logLikelihood: -35366.485770
[02:28:09] [worker #7] Bootstrap tree #768, logLikelihood: -35488.710441
[02:28:18] [worker #6] Bootstrap tree #767, logLikelihood: -35342.339092
[02:28:57] [worker #2] Bootstrap tree #779, logLikelihood: -35578.339070
[02:29:03] [worker #0] Bootstrap tree #777, logLikelihood: -35543.572043
[02:29:13] [worker #1] Bootstrap tree #778, logLikelihood: -35525.314051
[02:29:19] [worker #3] Bootstrap tree #780, logLikelihood: -35266.638869
[02:29:19] [worker #4] Bootstrap tree #781, logLikelihood: -35465.167409
[02:29:20] [worker #5] Bootstrap tree #782, logLikelihood: -35303.606398
[02:29:24] [worker #7] Bootstrap tree #776, logLikelihood: -35470.007039
[02:29:36] [worker #6] Bootstrap tree #775, logLikelihood: -35435.194466
[02:30:28] [worker #0] Bootstrap tree #785, logLikelihood: -35463.813792
[02:30:30] [worker #2] Bootstrap tree #787, logLikelihood: -35286.094754
[02:30:30] [worker #1] Bootstrap tree #786, logLikelihood: -35511.190775
[02:30:31] [worker #3] Bootstrap tree #788, logLikelihood: -35584.372529
[02:30:37] [worker #7] Bootstrap tree #784, logLikelihood: -35624.123811
[02:30:38] [worker #4] Bootstrap tree #789, logLikelihood: -35211.751869
[02:30:39] [worker #5] Bootstrap tree #790, logLikelihood: -35424.675733
[02:30:49] [worker #6] Bootstrap tree #783, logLikelihood: -35668.094780
[02:31:45] [worker #1] Bootstrap tree #794, logLikelihood: -35598.125674
[02:31:47] [worker #7] Bootstrap tree #792, logLikelihood: -35304.587349
[02:31:48] [worker #2] Bootstrap tree #795, logLikelihood: -35532.941080
[02:31:49] [worker #0] Bootstrap tree #793, logLikelihood: -35508.872445
[02:31:50] [worker #3] Bootstrap tree #796, logLikelihood: -35342.990575
[02:32:03] [worker #5] Bootstrap tree #798, logLikelihood: -35584.229462
[02:32:09] [worker #6] Bootstrap tree #791, logLikelihood: -35316.223750
[02:32:17] [worker #4] Bootstrap tree #797, logLikelihood: -35462.022514
[02:32:55] [worker #7] Bootstrap tree #800, logLikelihood: -35291.828491
[02:33:25] [worker #6] Bootstrap tree #799, logLikelihood: -35426.601006
[02:34:37] [worker #7] Bootstrap tree #808, logLikelihood: -35314.889237
[02:34:37] [worker #3] Bootstrap tree #804, logLikelihood: -35412.050222
[02:34:43] [worker #5] Bootstrap tree #806, logLikelihood: -35158.588088
[02:34:44] [worker #1] Bootstrap tree #802, logLikelihood: -35575.070653
[02:34:46] [worker #6] Bootstrap tree #807, logLikelihood: -35252.150152
[02:34:51] [worker #2] Bootstrap tree #803, logLikelihood: -35376.358993
[02:34:53] [worker #0] Bootstrap tree #801, logLikelihood: -35519.630492
[02:34:58] [worker #4] Bootstrap tree #805, logLikelihood: -35421.244078
[02:35:55] [worker #7] Bootstrap tree #816, logLikelihood: -35382.793991
[02:36:00] [worker #3] Bootstrap tree #812, logLikelihood: -35412.137310
[02:36:01] [worker #5] Bootstrap tree #814, logLikelihood: -35382.929424
[02:36:03] [worker #6] Bootstrap tree #815, logLikelihood: -35497.689864
[02:36:04] [worker #1] Bootstrap tree #810, logLikelihood: -35406.778530
[02:36:08] [worker #0] Bootstrap tree #809, logLikelihood: -35434.812649
[02:36:10] [worker #2] Bootstrap tree #811, logLikelihood: -35482.807702
[02:36:16] [worker #4] Bootstrap tree #813, logLikelihood: -35303.518304
[02:37:13] [worker #5] Bootstrap tree #822, logLikelihood: -35396.432459
[02:37:17] [worker #3] Bootstrap tree #820, logLikelihood: -35398.141939
[02:37:18] [worker #6] Bootstrap tree #823, logLikelihood: -35250.643989
[02:37:24] [worker #1] Bootstrap tree #818, logLikelihood: -35416.355149
[02:37:26] [worker #0] Bootstrap tree #817, logLikelihood: -35317.947859
[02:37:32] [worker #2] Bootstrap tree #819, logLikelihood: -35251.140853
[02:37:33] [worker #7] Bootstrap tree #824, logLikelihood: -35401.812049
[02:37:34] [worker #4] Bootstrap tree #821, logLikelihood: -35402.613582
[02:38:29] [worker #5] Bootstrap tree #830, logLikelihood: -35503.842508
[02:38:31] [worker #3] Bootstrap tree #828, logLikelihood: -35582.138119
[02:38:35] [worker #0] Bootstrap tree #825, logLikelihood: -35479.694979
[02:38:36] [worker #6] Bootstrap tree #831, logLikelihood: -35327.790362
[02:38:44] [worker #1] Bootstrap tree #826, logLikelihood: -35477.611788
[02:38:49] [worker #2] Bootstrap tree #827, logLikelihood: -35487.039032
[02:38:52] [worker #4] Bootstrap tree #829, logLikelihood: -35631.229414
[02:39:04] [worker #7] Bootstrap tree #832, logLikelihood: -35632.857974
[02:39:47] [worker #5] Bootstrap tree #838, logLikelihood: -35447.521213
[02:39:56] [worker #0] Bootstrap tree #833, logLikelihood: -35591.110508
[02:39:57] [worker #1] Bootstrap tree #834, logLikelihood: -35464.179838
[02:39:58] [worker #3] Bootstrap tree #836, logLikelihood: -35216.488170
[02:40:05] [worker #6] Bootstrap tree #839, logLikelihood: -35231.563431
[02:40:13] [worker #2] Bootstrap tree #835, logLikelihood: -35524.085870
[02:40:22] [worker #4] Bootstrap tree #837, logLikelihood: -35308.530607
[02:40:25] [worker #7] Bootstrap tree #840, logLikelihood: -35577.057212
[02:41:14] [worker #0] Bootstrap tree #841, logLikelihood: -35589.950176
[02:41:19] [worker #1] Bootstrap tree #842, logLikelihood: -35600.985145
[02:41:21] [worker #3] Bootstrap tree #844, logLikelihood: -35355.433928
[02:41:22] [worker #5] Bootstrap tree #846, logLikelihood: -35407.112584
[02:41:22] [worker #6] Bootstrap tree #847, logLikelihood: -35393.995651
[02:41:31] [worker #2] Bootstrap tree #843, logLikelihood: -35474.435803
[02:41:33] [worker #7] Bootstrap tree #848, logLikelihood: -35513.874622
[02:41:37] [worker #4] Bootstrap tree #845, logLikelihood: -35396.126437
[02:42:29] [worker #0] Bootstrap tree #849, logLikelihood: -35328.498323
[02:42:33] [worker #1] Bootstrap tree #850, logLikelihood: -35433.434937
[02:43:41] [worker #0] Bootstrap tree #857, logLikelihood: -35439.003630
[02:43:46] [worker #5] Bootstrap tree #854, logLikelihood: -35461.438176
[02:43:50] [worker #6] Bootstrap tree #855, logLikelihood: -35316.180893
[02:43:51] [worker #3] Bootstrap tree #852, logLikelihood: -35318.502496
[02:43:56] [worker #7] Bootstrap tree #856, logLikelihood: -35591.189694
[02:43:57] [worker #4] Bootstrap tree #853, logLikelihood: -35503.835832
[02:44:04] [worker #1] Bootstrap tree #858, logLikelihood: -35403.021733
[02:44:14] [worker #2] Bootstrap tree #851, logLikelihood: -35648.296335
[02:44:58] [worker #0] Bootstrap tree #865, logLikelihood: -35437.789125
[02:45:05] [worker #6] Bootstrap tree #863, logLikelihood: -35375.631919
[02:45:08] [worker #4] Bootstrap tree #861, logLikelihood: -35601.274048
[02:45:14] [worker #3] Bootstrap tree #860, logLikelihood: -35409.177740
[02:45:16] [worker #5] Bootstrap tree #862, logLikelihood: -35329.317545
[02:45:17] [worker #7] Bootstrap tree #864, logLikelihood: -35294.357882
[02:45:28] [worker #1] Bootstrap tree #866, logLikelihood: -35269.598155
[02:45:40] [worker #2] Bootstrap tree #859, logLikelihood: -35470.276046
[02:46:17] [worker #0] Bootstrap tree #873, logLikelihood: -35594.732670
[02:46:18] [worker #6] Bootstrap tree #871, logLikelihood: -35706.719051
[02:46:29] [worker #7] Bootstrap tree #872, logLikelihood: -35666.443860
[02:46:32] [worker #3] Bootstrap tree #868, logLikelihood: -35609.808410
[02:46:36] [worker #5] Bootstrap tree #870, logLikelihood: -35370.896519
[02:46:41] [worker #4] Bootstrap tree #869, logLikelihood: -35242.108300
[02:47:00] [worker #1] Bootstrap tree #874, logLikelihood: -35188.046431
[02:47:03] [worker #2] Bootstrap tree #867, logLikelihood: -35575.779268
[02:47:34] [worker #0] Bootstrap tree #881, logLikelihood: -35293.155825
[02:47:49] [worker #6] Bootstrap tree #879, logLikelihood: -35614.628867
[02:47:50] [worker #3] Bootstrap tree #876, logLikelihood: -35374.577456
[02:47:53] [worker #5] Bootstrap tree #878, logLikelihood: -35455.323369
[02:48:01] [worker #4] Bootstrap tree #877, logLikelihood: -35617.729390
[02:48:06] [worker #7] Bootstrap tree #880, logLikelihood: -35371.142329
[02:48:13] [worker #1] Bootstrap tree #882, logLikelihood: -35258.252727
[02:48:30] [worker #2] Bootstrap tree #875, logLikelihood: -35460.076611
[02:48:55] [worker #6] Bootstrap tree #887, logLikelihood: -35623.223856
[02:49:04] [worker #0] Bootstrap tree #889, logLikelihood: -35381.718872
[02:49:09] [worker #3] Bootstrap tree #884, logLikelihood: -35283.243336
[02:49:12] [worker #5] Bootstrap tree #886, logLikelihood: -35437.910571
[02:49:20] [worker #7] Bootstrap tree #888, logLikelihood: -35359.601453
[02:49:30] [worker #1] Bootstrap tree #890, logLikelihood: -35227.958367
[02:49:33] [worker #4] Bootstrap tree #885, logLikelihood: -35495.881109
[02:49:51] [worker #2] Bootstrap tree #883, logLikelihood: -35524.647241
[02:50:17] [worker #6] Bootstrap tree #895, logLikelihood: -35246.337556
[02:50:20] [worker #0] Bootstrap tree #897, logLikelihood: -35408.933332
[02:50:24] [worker #3] Bootstrap tree #892, logLikelihood: -35480.961273
[02:50:28] [worker #5] Bootstrap tree #894, logLikelihood: -35474.195092
[02:50:33] [worker #7] Bootstrap tree #896, logLikelihood: -35291.736174
[02:50:50] [worker #4] Bootstrap tree #893, logLikelihood: -35248.513019
[02:50:54] [worker #1] Bootstrap tree #898, logLikelihood: -35456.948589
[02:51:20] [worker #2] Bootstrap tree #891, logLikelihood: -35461.043844
[02:51:37] [worker #3] Bootstrap tree #900, logLikelihood: -35389.160940
[02:52:50] [worker #2] Bootstrap tree #899, logLikelihood: -35735.525622
[02:54:03] [worker #6] Bootstrap tree #903, logLikelihood: -35598.892461
[02:54:04] [worker #3] Bootstrap tree #908, logLikelihood: -35512.570190
[02:54:06] [worker #1] Bootstrap tree #906, logLikelihood: -35585.016907
[02:54:07] [worker #0] Bootstrap tree #905, logLikelihood: -35432.286240
[02:54:08] [worker #2] Bootstrap tree #907, logLikelihood: -35323.566683
[02:54:12] [worker #4] Bootstrap tree #901, logLikelihood: -35595.994559
[02:54:16] [worker #5] Bootstrap tree #902, logLikelihood: -35427.752592
[02:54:25] [worker #7] Bootstrap tree #904, logLikelihood: -35293.827859
[02:55:19] [worker #2] Bootstrap tree #915, logLikelihood: -35331.494075
[02:55:20] [worker #3] Bootstrap tree #916, logLikelihood: -35538.777975
[02:55:22] [worker #6] Bootstrap tree #911, logLikelihood: -35625.306534
[02:55:29] [worker #1] Bootstrap tree #914, logLikelihood: -35580.508566
[02:55:31] [worker #5] Bootstrap tree #910, logLikelihood: -35418.040470
[02:55:36] [worker #0] Bootstrap tree #913, logLikelihood: -35647.759828
[02:55:39] [worker #7] Bootstrap tree #912, logLikelihood: -35447.248177
[02:55:43] [worker #4] Bootstrap tree #909, logLikelihood: -35446.340827
[02:56:33] [worker #2] Bootstrap tree #923, logLikelihood: -35436.868533
[02:56:37] [worker #6] Bootstrap tree #919, logLikelihood: -35643.930400
[02:56:43] [worker #5] Bootstrap tree #918, logLikelihood: -35433.429667
[02:56:48] [worker #1] Bootstrap tree #922, logLikelihood: -35332.509133
[02:56:54] [worker #0] Bootstrap tree #921, logLikelihood: -35645.422980
[02:56:55] [worker #3] Bootstrap tree #924, logLikelihood: -35358.596651
[02:57:00] [worker #7] Bootstrap tree #920, logLikelihood: -35388.619098
[02:57:15] [worker #4] Bootstrap tree #917, logLikelihood: -35200.990826
[02:57:51] [worker #2] Bootstrap tree #931, logLikelihood: -35545.843169
[02:58:03] [worker #6] Bootstrap tree #927, logLikelihood: -35325.185815
[02:58:05] [worker #1] Bootstrap tree #930, logLikelihood: -35699.099370
[02:58:14] [worker #3] Bootstrap tree #932, logLikelihood: -35402.577925
[02:58:15] [worker #5] Bootstrap tree #926, logLikelihood: -35295.335644
[02:58:24] [worker #7] Bootstrap tree #928, logLikelihood: -35441.600800
[02:58:27] [worker #0] Bootstrap tree #929, logLikelihood: -35153.710560
[02:58:40] [worker #4] Bootstrap tree #925, logLikelihood: -35527.613859
[02:59:03] [worker #2] Bootstrap tree #939, logLikelihood: -35473.441119
[02:59:22] [worker #1] Bootstrap tree #938, logLikelihood: -35494.181995
[02:59:22] [worker #6] Bootstrap tree #935, logLikelihood: -35594.440874
[02:59:29] [worker #5] Bootstrap tree #934, logLikelihood: -35437.850645
[02:59:39] [worker #7] Bootstrap tree #936, logLikelihood: -35610.436043
[02:59:42] [worker #3] Bootstrap tree #940, logLikelihood: -35568.989935
[02:59:46] [worker #0] Bootstrap tree #937, logLikelihood: -35538.979558
[02:59:51] [worker #4] Bootstrap tree #933, logLikelihood: -35222.910335
[03:00:24] [worker #2] Bootstrap tree #947, logLikelihood: -35375.138676
[03:00:29] [worker #6] Bootstrap tree #943, logLikelihood: -35401.030350
[03:00:39] [worker #1] Bootstrap tree #946, logLikelihood: -35471.613722
[03:00:52] [worker #5] Bootstrap tree #942, logLikelihood: -35412.153972
[03:00:53] [worker #7] Bootstrap tree #944, logLikelihood: -35360.702812
[03:00:56] [worker #3] Bootstrap tree #948, logLikelihood: -35440.632125
[03:01:07] [worker #0] Bootstrap tree #945, logLikelihood: -35422.667494
[03:01:19] [worker #4] Bootstrap tree #941, logLikelihood: -35457.532945
[03:02:09] [worker #5] Bootstrap tree #950, logLikelihood: -35439.619102
[03:02:53] [worker #4] Bootstrap tree #949, logLikelihood: -35573.952131
[03:04:08] [worker #1] Bootstrap tree #954, logLikelihood: -35424.780287
[03:04:10] [worker #7] Bootstrap tree #952, logLikelihood: -35342.760720
[03:04:10] [worker #2] Bootstrap tree #955, logLikelihood: -35557.054690
[03:04:10] [worker #5] Bootstrap tree #958, logLikelihood: -35557.710447
[03:04:19] [worker #3] Bootstrap tree #956, logLikelihood: -35681.788270
[03:04:23] [worker #0] Bootstrap tree #953, logLikelihood: -35642.251253
[03:04:26] [worker #6] Bootstrap tree #951, logLikelihood: -35287.356791
[03:04:31] [worker #4] Bootstrap tree #957, logLikelihood: -35131.885225
[03:05:16] [worker #1] Bootstrap tree #962, logLikelihood: -35567.055296
[03:05:23] [worker #7] Bootstrap tree #960, logLikelihood: -35512.166709
[03:05:28] [worker #5] Bootstrap tree #966, logLikelihood: -35550.616295
[03:05:38] [worker #6] Bootstrap tree #959, logLikelihood: -35340.366733
[03:05:42] [worker #2] Bootstrap tree #963, logLikelihood: -35546.243748
[03:05:47] [worker #0] Bootstrap tree #961, logLikelihood: -35587.320199
[03:05:48] [worker #3] Bootstrap tree #964, logLikelihood: -35270.575172
[03:05:48] [worker #4] Bootstrap tree #965, logLikelihood: -35505.319467
[03:06:36] [worker #1] Bootstrap tree #970, logLikelihood: -35545.013533
[03:06:43] [worker #5] Bootstrap tree #974, logLikelihood: -35416.659975
[03:06:53] [worker #7] Bootstrap tree #968, logLikelihood: -35454.152481
[03:06:54] [worker #6] Bootstrap tree #967, logLikelihood: -35326.399346
[03:06:59] [worker #2] Bootstrap tree #971, logLikelihood: -35230.406236
[03:07:03] [worker #0] Bootstrap tree #969, logLikelihood: -35167.842575
[03:07:08] [worker #3] Bootstrap tree #972, logLikelihood: -35395.920437
[03:07:09] [worker #4] Bootstrap tree #973, logLikelihood: -35281.275884
[03:07:45] [worker #1] Bootstrap tree #978, logLikelihood: -35534.338187
[03:07:58] [worker #5] Bootstrap tree #982, logLikelihood: -35489.981027
[03:08:06] [worker #6] Bootstrap tree #975, logLikelihood: -35397.467515
[03:08:11] [worker #7] Bootstrap tree #976, logLikelihood: -35533.841608
[03:08:16] [worker #0] Bootstrap tree #977, logLikelihood: -35504.045457
[03:08:17] [worker #2] Bootstrap tree #979, logLikelihood: -35539.945955
[03:08:18] [worker #4] Bootstrap tree #981, logLikelihood: -35295.863549
[03:08:24] [worker #3] Bootstrap tree #980, logLikelihood: -35556.562678
[03:09:05] [worker #1] Bootstrap tree #986, logLikelihood: -35239.779160
[03:09:19] [worker #5] Bootstrap tree #990, logLikelihood: -35319.150820
[03:09:20] [worker #6] Bootstrap tree #983, logLikelihood: -35471.229471
[03:09:26] [worker #7] Bootstrap tree #984, logLikelihood: -35235.758533
[03:09:33] [worker #2] Bootstrap tree #987, logLikelihood: -35281.348317
[03:09:42] [worker #3] Bootstrap tree #988, logLikelihood: -35257.518645
[03:09:42] [worker #4] Bootstrap tree #989, logLikelihood: -35542.555106
[03:09:43] [worker #0] Bootstrap tree #985, logLikelihood: -35399.559720
[03:10:20] [worker #1] Bootstrap tree #994, logLikelihood: -35302.184613
[03:10:35] [worker #6] Bootstrap tree #991, logLikelihood: -35365.005027
[03:10:38] [worker #5] Bootstrap tree #998, logLikelihood: -35460.611454
[03:10:46] [worker #2] Bootstrap tree #995, logLikelihood: -35527.302351
[03:10:48] [worker #7] Bootstrap tree #992, logLikelihood: -35511.080404
[03:10:55] [worker #0] Bootstrap tree #993, logLikelihood: -35550.471670
[03:10:56] [worker #4] Bootstrap tree #997, logLikelihood: -35348.069925
[03:11:03] [worker #3] Bootstrap tree #996, logLikelihood: -35542.747058
[03:11:52] [worker #6] Bootstrap tree #999, logLikelihood: -35295.258512
[03:12:03] [worker #7] Bootstrap tree #1000, logLikelihood: -35571.129820

Optimized model parameters:

   Partition 0: noname
   Rate heterogeneity: GAMMA (4 cats, mean),  alpha: 99.861315 (ML),  weights&rates: (0.250000,0.875822) (0.250000,0.964713) (0.250000,1.029568) (0.250000,1.129898) 
   Base frequencies (ML): 0.191069 0.312088 0.302731 0.194111 
   Substitution rates (ML): 0.971954 2.078735 0.703375 0.094292 2.094418 1.000000 


Final LogLikelihood: -35586.272347

AIC score: 71988.544693 / AICc score: 72071.256961 / BIC score: 74599.463235
Free parameters (model + branch lengths): 408

WARNING: Best ML tree contains 53 near-zero branches!

Best ML tree with collapsed near-zero branches saved to: /home/light/pestis_work/raxml/raxml_final/full_tree_alignment_1000bs_ML_all_production_run_fullqc.raxml.bestTreeCollapsed
Best ML tree saved to: /home/light/pestis_work/raxml/raxml_final/full_tree_alignment_1000bs_ML_all_production_run_fullqc.raxml.bestTree
All ML trees saved to: /home/light/pestis_work/raxml/raxml_final/full_tree_alignment_1000bs_ML_all_production_run_fullqc.raxml.mlTrees
Best ML tree with Felsenstein bootstrap (FBP) support values saved to: /home/light/pestis_work/raxml/raxml_final/full_tree_alignment_1000bs_ML_all_production_run_fullqc.raxml.support
Optimized model saved to: /home/light/pestis_work/raxml/raxml_final/full_tree_alignment_1000bs_ML_all_production_run_fullqc.raxml.bestModel
Bootstrap trees saved to: /home/light/pestis_work/raxml/raxml_final/full_tree_alignment_1000bs_ML_all_production_run_fullqc.raxml.bootstraps

Execution log saved to: /home/light/pestis_work/raxml/raxml_final/full_tree_alignment_1000bs_ML_all_production_run_fullqc.raxml.log

Analysis started: 13-Jun-2024 14:49:17 / finished: 13-Jun-2024 18:01:21

Elapsed time: 11524.066 seconds

