full tree, 1000 bootstraps

RAxML-NG v. 1.1 released on 29.11.2021 by The Exelixis Lab.
Developed by: Alexey M. Kozlov and Alexandros Stamatakis.
Contributors: Diego Darriba, Tomas Flouri, Benoit Morel, Sarah Lutteropp, Ben Bettisworth.
Latest version: https://github.com/amkozlov/raxml-ng
Questions/problems/suggestions? Please visit: https://groups.google.com/forum/#!forum/raxml

System: Intel(R) Xeon(R) CPU E7-8867 v4 @ 2.40GHz, 72 cores, 3023 GB RAM

RAxML-NG was called at 09-Jan-2025 11:39:07 as follows:

raxml-ng --all --threads 64 --msa strand_1_maf_9_heterozygosityAncient_recombinationAll_aidaexclusionsRepeatRNA_minorafcovper95_full_qc_with_projection.fa --outgroup YAC --model GTR+G --prefix full_tree_alignment_1000bs_ML_all_production_run_fullqc_projected_pileup_tbe --bs-trees 1000 --bs-metric TBE

Analysis options:
  run mode: ML tree search + bootstrapping (Transfer Bootstrap)
  start tree(s): random (10) + parsimony (10)
  bootstrap replicates: 1000
  outgroup taxa: YAC
  random seed: 1736419147
  tip-inner: OFF
  pattern compression: ON
  per-rate scalers: OFF
  site repeats: ON
  branch lengths: proportional (ML estimate, algorithm: NR-FAST)
  SIMD kernels: AVX2
  parallelization: coarse-grained (auto), PTHREADS (64 threads), thread pinning: OFF

[00:00:00] Reading alignment from file: strand_1_maf_9_heterozygosityAncient_recombinationAll_aidaexclusionsRepeatRNA_minorafcovper95_full_qc_with_projection.fa
[00:00:00] Loaded alignment with 202 taxa and 4444 sites

Alignment comprises 1 partitions and 4442 patterns

Partition 0: noname
Model: GTR+FO+G4m
Alignment sites / patterns: 4444 / 4442
Gaps: 7.63 %
Invariant sites: 0.00 %


NOTE: Binary MSA file created: full_tree_alignment_1000bs_ML_all_production_run_fullqc_projected_pileup_tbe.raxml.rba

Parallelization scheme autoconfig: 16 worker(s) x 4 thread(s)

Parallel reduction/worker buffer size: 1 KB  / 0 KB

[00:00:00] Generating 10 random starting tree(s) with 202 taxa
[00:00:00] Generating 10 parsimony starting tree(s) with 202 taxa
[00:00:00] Data distribution: max. partitions/sites/weight per thread: 1 / 1111 / 17776
[00:00:00] Data distribution: max. searches per worker: 65

Starting ML tree search with 20 distinct starting trees

[00:01:28] [worker #11] ML tree search #12, logLikelihood: -35686.521317
[00:01:28] [worker #10] ML tree search #11, logLikelihood: -35686.522749
[00:01:32] [worker #13] ML tree search #14, logLikelihood: -35686.522403
[00:01:34] [worker #15] ML tree search #16, logLikelihood: -35686.524681
[00:01:39] [worker #12] ML tree search #13, logLikelihood: -35686.520813
[00:01:40] [worker #14] ML tree search #15, logLikelihood: -35686.522976
[00:02:21] [worker #6] ML tree search #7, logLikelihood: -35686.523650
[00:02:25] [worker #0] ML tree search #1, logLikelihood: -35686.523774
[00:02:26] [worker #3] ML tree search #4, logLikelihood: -35686.529054
[00:02:28] [worker #8] ML tree search #9, logLikelihood: -35686.527051
[00:02:42] [worker #7] ML tree search #8, logLikelihood: -35686.528762
[00:02:49] [worker #4] ML tree search #5, logLikelihood: -35686.522959
[00:02:50] [worker #2] ML tree search #3, logLikelihood: -35686.527891
[00:02:50] [worker #9] ML tree search #10, logLikelihood: -35686.526283
[00:02:51] [worker #5] ML tree search #6, logLikelihood: -35686.524871
[00:02:51] [worker #1] ML tree search #2, logLikelihood: -35686.525141
[00:03:45] [worker #3] ML tree search #20, logLikelihood: -35686.525223
[00:03:52] [worker #0] ML tree search #17, logLikelihood: -35686.522638
[00:04:04] [worker #1] ML tree search #18, logLikelihood: -35686.521679
[00:04:07] [worker #2] ML tree search #19, logLikelihood: -35686.524511

[00:04:07] ML tree search completed, best tree logLH: -35686.520813

[00:04:07] Starting bootstrapping analysis with 1000 replicates.

[00:05:35] [worker #1] Bootstrap tree #2, logLikelihood: -35743.269659
[00:05:41] [worker #2] Bootstrap tree #3, logLikelihood: -35446.110530
[00:05:42] [worker #14] Bootstrap tree #15, logLikelihood: -35666.188070
[00:05:42] [worker #0] Bootstrap tree #1, logLikelihood: -35693.617571
[00:05:44] [worker #9] Bootstrap tree #10, logLikelihood: -35494.235232
[00:05:45] [worker #6] Bootstrap tree #7, logLikelihood: -35390.290886
[00:05:45] [worker #10] Bootstrap tree #11, logLikelihood: -35426.797830
[00:05:46] [worker #3] Bootstrap tree #4, logLikelihood: -35613.479636
[00:05:46] [worker #11] Bootstrap tree #12, logLikelihood: -35632.079482
[00:05:46] [worker #8] Bootstrap tree #9, logLikelihood: -35671.563632
[00:05:47] [worker #13] Bootstrap tree #14, logLikelihood: -35727.709569
[00:05:48] [worker #4] Bootstrap tree #5, logLikelihood: -35255.574418
[00:05:49] [worker #5] Bootstrap tree #6, logLikelihood: -35510.830450
[00:05:53] [worker #15] Bootstrap tree #16, logLikelihood: -35593.184724
[00:05:55] [worker #12] Bootstrap tree #13, logLikelihood: -35581.129990
[00:05:57] [worker #7] Bootstrap tree #8, logLikelihood: -35611.819443
[00:07:20] [worker #9] Bootstrap tree #26, logLikelihood: -35568.263144
[00:07:20] [worker #14] Bootstrap tree #31, logLikelihood: -35609.811738
[00:07:21] [worker #0] Bootstrap tree #17, logLikelihood: -35475.156741
[00:07:22] [worker #2] Bootstrap tree #19, logLikelihood: -35402.165867
[00:07:25] [worker #10] Bootstrap tree #27, logLikelihood: -35436.509898
[00:07:25] [worker #11] Bootstrap tree #28, logLikelihood: -35467.066859
[00:07:27] [worker #1] Bootstrap tree #18, logLikelihood: -35620.825544
[00:07:28] [worker #8] Bootstrap tree #25, logLikelihood: -35529.266494
[00:07:28] [worker #3] Bootstrap tree #20, logLikelihood: -35490.801171
[00:07:28] [worker #7] Bootstrap tree #24, logLikelihood: -35499.794329
[00:07:30] [worker #5] Bootstrap tree #22, logLikelihood: -35591.908712
[00:07:31] [worker #4] Bootstrap tree #21, logLikelihood: -35385.984342
[00:07:35] [worker #6] Bootstrap tree #23, logLikelihood: -35515.983052
[00:07:36] [worker #13] Bootstrap tree #30, logLikelihood: -35435.447032
[00:07:37] [worker #12] Bootstrap tree #29, logLikelihood: -35480.020649
[00:07:41] [worker #15] Bootstrap tree #32, logLikelihood: -35472.783234
[00:08:55] [worker #2] Bootstrap tree #35, logLikelihood: -35531.135266
[00:08:55] [worker #11] Bootstrap tree #44, logLikelihood: -35544.555020
[00:08:55] [worker #0] Bootstrap tree #33, logLikelihood: -35528.255868
[00:08:56] [worker #1] Bootstrap tree #34, logLikelihood: -35453.677988
[00:08:58] [worker #9] Bootstrap tree #42, logLikelihood: -35424.184216
[00:08:59] [worker #7] Bootstrap tree #40, logLikelihood: -35612.305443
[00:09:00] [worker #10] Bootstrap tree #43, logLikelihood: -35503.336449
[00:09:04] [worker #6] Bootstrap tree #39, logLikelihood: -35614.532713
[00:09:06] [worker #14] Bootstrap tree #47, logLikelihood: -35726.036631
[00:09:08] [worker #8] Bootstrap tree #41, logLikelihood: -35610.771793
[00:09:10] [worker #5] Bootstrap tree #38, logLikelihood: -35388.330125
[00:09:13] [worker #4] Bootstrap tree #37, logLikelihood: -35516.989529
[00:09:13] [worker #12] Bootstrap tree #45, logLikelihood: -35694.259941
[00:09:19] [worker #3] Bootstrap tree #36, logLikelihood: -35575.983426
[00:09:19] [worker #15] Bootstrap tree #48, logLikelihood: -35535.565999
[00:09:21] [worker #13] Bootstrap tree #46, logLikelihood: -35436.959527
[00:10:14] [worker #1] Bootstrap tree #50, logLikelihood: -35704.062338
[00:10:20] [worker #0] Bootstrap tree #49, logLikelihood: -35595.369232
[00:11:50] [worker #0] Bootstrap tree #65, logLikelihood: -35466.205706
[00:11:54] [worker #7] Bootstrap tree #56, logLikelihood: -35661.760483
[00:11:55] [worker #2] Bootstrap tree #51, logLikelihood: -35494.884480
[00:11:56] [worker #12] Bootstrap tree #61, logLikelihood: -35462.243183
[00:11:58] [worker #10] Bootstrap tree #59, logLikelihood: -35639.510772
[00:11:59] [worker #5] Bootstrap tree #54, logLikelihood: -35533.438375
[00:11:59] [worker #6] Bootstrap tree #55, logLikelihood: -35473.166461
[00:12:00] [worker #8] Bootstrap tree #57, logLikelihood: -35355.435460
[00:12:01] [worker #9] Bootstrap tree #58, logLikelihood: -35642.689329
[00:12:03] [worker #14] Bootstrap tree #63, logLikelihood: -35524.175364
[00:12:04] [worker #3] Bootstrap tree #52, logLikelihood: -35560.613011
[00:12:04] [worker #4] Bootstrap tree #53, logLikelihood: -35411.291643
[00:12:04] [worker #13] Bootstrap tree #62, logLikelihood: -35453.511911
[00:12:06] [worker #15] Bootstrap tree #64, logLikelihood: -35429.447537
[00:12:07] [worker #11] Bootstrap tree #60, logLikelihood: -35544.809231
[00:12:13] [worker #1] Bootstrap tree #66, logLikelihood: -35577.472243
[00:13:18] [worker #7] Bootstrap tree #72, logLikelihood: -35465.095076
[00:13:23] [worker #0] Bootstrap tree #81, logLikelihood: -35296.204517
[00:13:28] [worker #2] Bootstrap tree #67, logLikelihood: -35324.140133
[00:13:29] [worker #12] Bootstrap tree #77, logLikelihood: -35529.670404
[00:13:36] [worker #9] Bootstrap tree #74, logLikelihood: -35760.099133
[00:13:36] [worker #15] Bootstrap tree #80, logLikelihood: -35468.146820
[00:13:37] [worker #5] Bootstrap tree #70, logLikelihood: -35555.962227
[00:13:42] [worker #8] Bootstrap tree #73, logLikelihood: -35362.326725
[00:13:42] [worker #10] Bootstrap tree #75, logLikelihood: -35380.850928
[00:13:43] [worker #6] Bootstrap tree #71, logLikelihood: -35625.106398
[00:13:45] [worker #4] Bootstrap tree #69, logLikelihood: -35680.445532
[00:13:48] [worker #1] Bootstrap tree #82, logLikelihood: -35429.565994
[00:13:48] [worker #14] Bootstrap tree #79, logLikelihood: -35654.237192
[00:13:48] [worker #11] Bootstrap tree #76, logLikelihood: -35539.857744
[00:13:49] [worker #3] Bootstrap tree #68, logLikelihood: -35746.160596
[00:13:50] [worker #13] Bootstrap tree #78, logLikelihood: -35324.918604
[00:14:46] [worker #7] Bootstrap tree #88, logLikelihood: -35360.762386
[00:14:55] [worker #2] Bootstrap tree #83, logLikelihood: -35570.705982
[00:15:10] [worker #12] Bootstrap tree #93, logLikelihood: -35687.772186
[00:15:11] [worker #15] Bootstrap tree #96, logLikelihood: -35301.680644
[00:15:14] [worker #6] Bootstrap tree #87, logLikelihood: -35795.018877
[00:15:15] [worker #8] Bootstrap tree #89, logLikelihood: -35560.627070
[00:15:15] [worker #0] Bootstrap tree #97, logLikelihood: -35651.243707
[00:15:19] [worker #5] Bootstrap tree #86, logLikelihood: -35611.298845
[00:15:22] [worker #4] Bootstrap tree #85, logLikelihood: -35501.094257
[00:15:23] [worker #10] Bootstrap tree #91, logLikelihood: -35436.623376
[00:15:23] [worker #11] Bootstrap tree #92, logLikelihood: -35579.071207
[00:15:24] [worker #1] Bootstrap tree #98, logLikelihood: -35464.503930
[00:15:26] [worker #9] Bootstrap tree #90, logLikelihood: -35633.373598
[00:15:27] [worker #13] Bootstrap tree #94, logLikelihood: -35507.255945
[00:15:31] [worker #3] Bootstrap tree #84, logLikelihood: -35609.803774
[00:15:37] [worker #14] Bootstrap tree #95, logLikelihood: -35707.940264
[00:16:23] [worker #2] Bootstrap tree #99, logLikelihood: -35519.579388
[00:16:48] [worker #3] Bootstrap tree #100, logLikelihood: -35422.061310
[00:18:20] [worker #14] Bootstrap tree #111, logLikelihood: -35370.619998
[00:18:21] [worker #6] Bootstrap tree #103, logLikelihood: -35554.027839
[00:18:21] [worker #0] Bootstrap tree #113, logLikelihood: -35513.382859
[00:18:25] [worker #5] Bootstrap tree #102, logLikelihood: -35283.992031
[00:18:25] [worker #3] Bootstrap tree #116, logLikelihood: -35352.121560
[00:18:27] [worker #10] Bootstrap tree #107, logLikelihood: -35500.665115
[00:18:28] [worker #7] Bootstrap tree #104, logLikelihood: -35574.899489
[00:18:28] [worker #15] Bootstrap tree #112, logLikelihood: -35486.811546
[00:18:29] [worker #1] Bootstrap tree #114, logLikelihood: -35541.708619
[00:18:29] [worker #12] Bootstrap tree #109, logLikelihood: -35595.941544
[00:18:31] [worker #11] Bootstrap tree #108, logLikelihood: -35341.715952
[00:18:35] [worker #8] Bootstrap tree #105, logLikelihood: -35617.205077
[00:18:35] [worker #4] Bootstrap tree #101, logLikelihood: -35634.695668
[00:18:39] [worker #9] Bootstrap tree #106, logLikelihood: -35594.112963
[00:18:45] [worker #13] Bootstrap tree #110, logLikelihood: -35460.951020
[00:18:45] [worker #2] Bootstrap tree #115, logLikelihood: -35571.620476
[00:19:56] [worker #14] Bootstrap tree #127, logLikelihood: -35561.011637
[00:19:58] [worker #6] Bootstrap tree #119, logLikelihood: -35227.376140
[00:20:00] [worker #15] Bootstrap tree #128, logLikelihood: -35496.984120
[00:20:01] [worker #0] Bootstrap tree #129, logLikelihood: -35719.637718
[00:20:07] [worker #5] Bootstrap tree #118, logLikelihood: -35486.801260
[00:20:10] [worker #12] Bootstrap tree #125, logLikelihood: -35505.254381
[00:20:11] [worker #10] Bootstrap tree #123, logLikelihood: -35542.049173
[00:20:15] [worker #9] Bootstrap tree #122, logLikelihood: -35511.639533
[00:20:18] [worker #4] Bootstrap tree #117, logLikelihood: -35499.794186
[00:20:19] [worker #13] Bootstrap tree #126, logLikelihood: -35616.478531
[00:20:20] [worker #8] Bootstrap tree #121, logLikelihood: -35337.106863
[00:20:20] [worker #7] Bootstrap tree #120, logLikelihood: -35545.535792
[00:20:21] [worker #2] Bootstrap tree #131, logLikelihood: -35670.210659
[00:20:26] [worker #1] Bootstrap tree #130, logLikelihood: -35276.822616
[00:20:26] [worker #3] Bootstrap tree #132, logLikelihood: -35627.461412
[00:20:32] [worker #11] Bootstrap tree #124, logLikelihood: -35598.832639
[00:21:28] [worker #0] Bootstrap tree #145, logLikelihood: -35547.089520
[00:21:29] [worker #6] Bootstrap tree #135, logLikelihood: -35356.512678
[00:21:31] [worker #14] Bootstrap tree #143, logLikelihood: -35686.099741
[00:21:35] [worker #15] Bootstrap tree #144, logLikelihood: -35634.692897
[00:21:43] [worker #10] Bootstrap tree #139, logLikelihood: -35501.845577
[00:21:48] [worker #9] Bootstrap tree #138, logLikelihood: -35662.661260
[00:21:50] [worker #5] Bootstrap tree #134, logLikelihood: -35621.499282
[00:21:52] [worker #12] Bootstrap tree #141, logLikelihood: -35597.769176
[00:21:53] [worker #2] Bootstrap tree #147, logLikelihood: -35342.329554
[00:21:56] [worker #8] Bootstrap tree #137, logLikelihood: -35596.865663
[00:21:58] [worker #3] Bootstrap tree #148, logLikelihood: -35697.834182
[00:22:00] [worker #7] Bootstrap tree #136, logLikelihood: -35699.554204
[00:22:00] [worker #1] Bootstrap tree #146, logLikelihood: -35460.111411
[00:22:04] [worker #4] Bootstrap tree #133, logLikelihood: -35439.104444
[00:22:05] [worker #13] Bootstrap tree #142, logLikelihood: -35539.133454
[00:22:07] [worker #11] Bootstrap tree #140, logLikelihood: -35765.459396
[00:23:06] [worker #5] Bootstrap tree #150, logLikelihood: -35330.352513
[00:23:17] [worker #4] Bootstrap tree #149, logLikelihood: -35679.692013
[00:24:47] [worker #3] Bootstrap tree #164, logLikelihood: -35559.539655
[00:24:49] [worker #11] Bootstrap tree #156, logLikelihood: -35308.184929
[00:24:50] [worker #1] Bootstrap tree #162, logLikelihood: -35546.408919
[00:24:52] [worker #0] Bootstrap tree #161, logLikelihood: -35646.375786
[00:24:56] [worker #14] Bootstrap tree #159, logLikelihood: -35556.368191
[00:24:58] [worker #13] Bootstrap tree #158, logLikelihood: -35477.366906
[00:24:58] [worker #10] Bootstrap tree #155, logLikelihood: -35460.298810
[00:24:59] [worker #6] Bootstrap tree #151, logLikelihood: -35774.887520
[00:25:00] [worker #2] Bootstrap tree #163, logLikelihood: -35476.753621
[00:25:01] [worker #12] Bootstrap tree #157, logLikelihood: -35609.717161
[00:25:01] [worker #9] Bootstrap tree #154, logLikelihood: -35658.151124
[00:25:02] [worker #8] Bootstrap tree #153, logLikelihood: -35474.414604
[00:25:04] [worker #15] Bootstrap tree #160, logLikelihood: -35340.186110
[00:25:04] [worker #5] Bootstrap tree #166, logLikelihood: -35318.596465
[00:25:05] [worker #4] Bootstrap tree #165, logLikelihood: -35614.297829
[00:25:10] [worker #7] Bootstrap tree #152, logLikelihood: -35490.404948
[00:26:19] [worker #3] Bootstrap tree #180, logLikelihood: -35345.541357
[00:26:26] [worker #1] Bootstrap tree #178, logLikelihood: -35410.636209
[00:26:27] [worker #11] Bootstrap tree #172, logLikelihood: -35592.894169
[00:26:28] [worker #0] Bootstrap tree #177, logLikelihood: -35544.043461
[00:26:31] [worker #14] Bootstrap tree #175, logLikelihood: -35631.125748
[00:26:33] [worker #5] Bootstrap tree #182, logLikelihood: -35290.519805
[00:26:36] [worker #10] Bootstrap tree #171, logLikelihood: -35498.893470
[00:26:37] [worker #6] Bootstrap tree #167, logLikelihood: -35381.145010
[00:26:37] [worker #12] Bootstrap tree #173, logLikelihood: -35377.869496
[00:26:37] [worker #2] Bootstrap tree #179, logLikelihood: -35598.563113
[00:26:38] [worker #8] Bootstrap tree #169, logLikelihood: -35510.906522
[00:26:38] [worker #15] Bootstrap tree #176, logLikelihood: -35337.936669
[00:26:41] [worker #13] Bootstrap tree #174, logLikelihood: -35458.595385
[00:26:48] [worker #9] Bootstrap tree #170, logLikelihood: -35715.126352
[00:26:51] [worker #7] Bootstrap tree #168, logLikelihood: -35713.723378
[00:26:55] [worker #4] Bootstrap tree #181, logLikelihood: -35428.526401
[00:27:54] [worker #0] Bootstrap tree #193, logLikelihood: -35296.784833
[00:27:55] [worker #3] Bootstrap tree #196, logLikelihood: -35436.730869
[00:28:01] [worker #1] Bootstrap tree #194, logLikelihood: -35800.401493
[00:28:01] [worker #11] Bootstrap tree #188, logLikelihood: -35662.375717
[00:28:05] [worker #2] Bootstrap tree #195, logLikelihood: -35472.718441
[00:28:07] [worker #5] Bootstrap tree #198, logLikelihood: -35382.539717
[00:28:08] [worker #14] Bootstrap tree #191, logLikelihood: -35340.855118
[00:28:09] [worker #6] Bootstrap tree #183, logLikelihood: -35436.933370
[00:28:12] [worker #13] Bootstrap tree #190, logLikelihood: -35559.697730
[00:28:13] [worker #10] Bootstrap tree #187, logLikelihood: -35604.559834
[00:28:15] [worker #8] Bootstrap tree #185, logLikelihood: -35627.689820
[00:28:16] [worker #12] Bootstrap tree #189, logLikelihood: -35388.329798
[00:28:17] [worker #15] Bootstrap tree #192, logLikelihood: -35421.352574
[00:28:20] [worker #4] Bootstrap tree #197, logLikelihood: -35560.914225
[00:28:23] [worker #9] Bootstrap tree #186, logLikelihood: -35739.440217
[00:28:27] [worker #7] Bootstrap tree #184, logLikelihood: -35564.316534
[00:29:23] [worker #6] Bootstrap tree #199, logLikelihood: -35352.291286
[00:29:40] [worker #7] Bootstrap tree #200, logLikelihood: -35508.351544
[00:31:11] [worker #2] Bootstrap tree #211, logLikelihood: -35810.800935
[00:31:13] [worker #8] Bootstrap tree #201, logLikelihood: -35596.805709
[00:31:14] [worker #7] Bootstrap tree #216, logLikelihood: -35410.472659
[00:31:16] [worker #3] Bootstrap tree #212, logLikelihood: -35445.377836
[00:31:16] [worker #6] Bootstrap tree #215, logLikelihood: -35466.518872
[00:31:17] [worker #14] Bootstrap tree #207, logLikelihood: -35391.256161
[00:31:17] [worker #1] Bootstrap tree #210, logLikelihood: -35592.587486
[00:31:18] [worker #10] Bootstrap tree #203, logLikelihood: -35393.833617
[00:31:19] [worker #15] Bootstrap tree #208, logLikelihood: -35502.807069
[00:31:19] [worker #5] Bootstrap tree #214, logLikelihood: -35385.039697
[00:31:20] [worker #9] Bootstrap tree #202, logLikelihood: -35616.539008
[00:31:22] [worker #11] Bootstrap tree #204, logLikelihood: -35524.124254
[00:31:25] [worker #4] Bootstrap tree #213, logLikelihood: -35571.360324
[00:31:26] [worker #13] Bootstrap tree #206, logLikelihood: -35546.019933
[00:31:32] [worker #0] Bootstrap tree #209, logLikelihood: -35532.637301
[00:31:41] [worker #12] Bootstrap tree #205, logLikelihood: -35568.847107
[00:32:44] [worker #2] Bootstrap tree #227, logLikelihood: -35425.971065
[00:32:47] [worker #3] Bootstrap tree #228, logLikelihood: -35760.363242
[00:32:52] [worker #7] Bootstrap tree #232, logLikelihood: -35570.084267
[00:32:53] [worker #6] Bootstrap tree #231, logLikelihood: -35790.773187
[00:32:53] [worker #15] Bootstrap tree #224, logLikelihood: -35461.051762
[00:32:56] [worker #11] Bootstrap tree #220, logLikelihood: -35632.411504
[00:32:57] [worker #5] Bootstrap tree #230, logLikelihood: -35352.675199
[00:32:57] [worker #13] Bootstrap tree #222, logLikelihood: -35736.110644
[00:32:58] [worker #9] Bootstrap tree #218, logLikelihood: -35421.749067
[00:32:59] [worker #1] Bootstrap tree #226, logLikelihood: -35243.372395
[00:32:59] [worker #14] Bootstrap tree #223, logLikelihood: -35463.615560
[00:33:07] [worker #12] Bootstrap tree #221, logLikelihood: -35574.025195
[00:33:12] [worker #10] Bootstrap tree #219, logLikelihood: -35463.366926
[00:33:13] [worker #4] Bootstrap tree #229, logLikelihood: -35417.235185
[00:33:17] [worker #8] Bootstrap tree #217, logLikelihood: -35710.835689
[00:33:19] [worker #0] Bootstrap tree #225, logLikelihood: -35287.628514
[00:34:15] [worker #2] Bootstrap tree #243, logLikelihood: -35353.347689
[00:34:25] [worker #7] Bootstrap tree #248, logLikelihood: -35459.834831
[00:34:27] [worker #1] Bootstrap tree #242, logLikelihood: -35508.022793
[00:34:28] [worker #3] Bootstrap tree #244, logLikelihood: -35456.713070
[00:34:30] [worker #5] Bootstrap tree #246, logLikelihood: -35496.075056
[00:34:32] [worker #15] Bootstrap tree #240, logLikelihood: -35464.550892
[00:34:32] [worker #6] Bootstrap tree #247, logLikelihood: -35381.965760
[00:34:40] [worker #13] Bootstrap tree #238, logLikelihood: -35642.181090
[00:34:41] [worker #9] Bootstrap tree #234, logLikelihood: -35504.177446
[00:34:42] [worker #10] Bootstrap tree #235, logLikelihood: -35335.388300
[00:34:43] [worker #14] Bootstrap tree #239, logLikelihood: -35387.775203
[00:34:46] [worker #12] Bootstrap tree #237, logLikelihood: -35407.620230
[00:34:46] [worker #0] Bootstrap tree #241, logLikelihood: -35659.664759
[00:34:49] [worker #4] Bootstrap tree #245, logLikelihood: -35429.693230
[00:34:53] [worker #11] Bootstrap tree #236, logLikelihood: -35448.169423
[00:35:05] [worker #8] Bootstrap tree #233, logLikelihood: -35496.169073
[00:35:52] [worker #9] Bootstrap tree #250, logLikelihood: -35660.782424
[00:36:20] [worker #8] Bootstrap tree #249, logLikelihood: -35415.577986
[00:37:51] [worker #3] Bootstrap tree #260, logLikelihood: -35580.321205
[00:37:53] [worker #8] Bootstrap tree #265, logLikelihood: -35400.500172
[00:37:56] [worker #14] Bootstrap tree #255, logLikelihood: -35678.149867
[00:37:56] [worker #6] Bootstrap tree #263, logLikelihood: -35535.669567
[00:37:56] [worker #0] Bootstrap tree #257, logLikelihood: -35571.900868
[00:37:57] [worker #15] Bootstrap tree #256, logLikelihood: -35494.532510
[00:37:57] [worker #5] Bootstrap tree #262, logLikelihood: -35539.043361
[00:37:59] [worker #4] Bootstrap tree #261, logLikelihood: -35349.765950
[00:38:00] [worker #7] Bootstrap tree #264, logLikelihood: -35294.443463
[00:38:00] [worker #2] Bootstrap tree #259, logLikelihood: -35440.726328
[00:38:02] [worker #1] Bootstrap tree #258, logLikelihood: -35720.263686
[00:38:03] [worker #13] Bootstrap tree #254, logLikelihood: -35695.094688
[00:38:06] [worker #12] Bootstrap tree #253, logLikelihood: -35476.317354
[00:38:13] [worker #9] Bootstrap tree #266, logLikelihood: -35671.267086
[00:38:15] [worker #10] Bootstrap tree #251, logLikelihood: -35666.120494
[00:38:16] [worker #11] Bootstrap tree #252, logLikelihood: -35554.408245
[00:39:31] [worker #3] Bootstrap tree #276, logLikelihood: -35361.941077
[00:39:34] [worker #8] Bootstrap tree #281, logLikelihood: -35541.978560
[00:39:35] [worker #2] Bootstrap tree #275, logLikelihood: -35450.771203
[00:39:35] [worker #14] Bootstrap tree #271, logLikelihood: -35821.603979
[00:39:38] [worker #1] Bootstrap tree #274, logLikelihood: -35533.748417
[00:39:39] [worker #6] Bootstrap tree #279, logLikelihood: -35478.386386
[00:39:41] [worker #0] Bootstrap tree #273, logLikelihood: -35549.247361
[00:39:41] [worker #12] Bootstrap tree #269, logLikelihood: -35635.486406
[00:39:42] [worker #4] Bootstrap tree #277, logLikelihood: -35361.851558
[00:39:42] [worker #7] Bootstrap tree #280, logLikelihood: -35624.584477
[00:39:43] [worker #11] Bootstrap tree #268, logLikelihood: -35554.572306
[00:39:43] [worker #13] Bootstrap tree #270, logLikelihood: -35526.391612
[00:39:47] [worker #5] Bootstrap tree #278, logLikelihood: -35493.204095
[00:39:49] [worker #9] Bootstrap tree #282, logLikelihood: -35565.057106
[00:39:50] [worker #10] Bootstrap tree #267, logLikelihood: -35548.052691
[00:39:50] [worker #15] Bootstrap tree #272, logLikelihood: -35613.342130
[00:41:05] [worker #2] Bootstrap tree #291, logLikelihood: -35679.483984
[00:41:07] [worker #14] Bootstrap tree #287, logLikelihood: -35594.912050
[00:41:09] [worker #8] Bootstrap tree #297, logLikelihood: -35502.455859
[00:41:10] [worker #3] Bootstrap tree #292, logLikelihood: -35684.328628
[00:41:13] [worker #6] Bootstrap tree #295, logLikelihood: -35446.039989
[00:41:13] [worker #1] Bootstrap tree #290, logLikelihood: -35605.230974
[00:41:16] [worker #10] Bootstrap tree #283, logLikelihood: -35573.774538
[00:41:17] [worker #0] Bootstrap tree #289, logLikelihood: -35694.849521
[00:41:20] [worker #12] Bootstrap tree #285, logLikelihood: -35485.592890
[00:41:21] [worker #5] Bootstrap tree #294, logLikelihood: -35340.899663
[00:41:23] [worker #13] Bootstrap tree #286, logLikelihood: -35697.089958
[00:41:23] [worker #4] Bootstrap tree #293, logLikelihood: -35237.618569
[00:41:23] [worker #15] Bootstrap tree #288, logLikelihood: -35333.641264
[00:41:29] [worker #9] Bootstrap tree #298, logLikelihood: -35612.232012
[00:41:30] [worker #11] Bootstrap tree #284, logLikelihood: -35412.390330
[00:41:32] [worker #7] Bootstrap tree #296, logLikelihood: -35468.539825
[00:42:26] [worker #10] Bootstrap tree #299, logLikelihood: -35469.881789
[00:42:53] [worker #11] Bootstrap tree #300, logLikelihood: -35670.050133
[00:44:23] [worker #2] Bootstrap tree #307, logLikelihood: -35575.256382
[00:44:26] [worker #13] Bootstrap tree #302, logLikelihood: -35514.754156
[00:44:28] [worker #4] Bootstrap tree #309, logLikelihood: -35706.645604
[00:44:28] [worker #7] Bootstrap tree #312, logLikelihood: -35497.818664
[00:44:30] [worker #5] Bootstrap tree #310, logLikelihood: -35504.141291
[00:44:31] [worker #11] Bootstrap tree #316, logLikelihood: -35592.212797
[00:44:32] [worker #3] Bootstrap tree #308, logLikelihood: -35777.336212
[00:44:34] [worker #1] Bootstrap tree #306, logLikelihood: -35560.488639
[00:44:34] [worker #12] Bootstrap tree #301, logLikelihood: -35315.740602
[00:44:35] [worker #6] Bootstrap tree #311, logLikelihood: -35340.260741
[00:44:37] [worker #9] Bootstrap tree #314, logLikelihood: -35507.030750
[00:44:37] [worker #15] Bootstrap tree #304, logLikelihood: -35401.564744
[00:44:37] [worker #8] Bootstrap tree #313, logLikelihood: -35550.221160
[00:44:38] [worker #10] Bootstrap tree #315, logLikelihood: -35387.255453
[00:44:39] [worker #14] Bootstrap tree #303, logLikelihood: -35744.636712
[00:44:40] [worker #0] Bootstrap tree #305, logLikelihood: -35509.957108
[00:45:53] [worker #2] Bootstrap tree #323, logLikelihood: -35423.728290
[00:46:03] [worker #13] Bootstrap tree #318, logLikelihood: -35375.880763
[00:46:04] [worker #7] Bootstrap tree #328, logLikelihood: -35654.145403
[00:46:06] [worker #5] Bootstrap tree #326, logLikelihood: -35624.650754
[00:46:07] [worker #15] Bootstrap tree #320, logLikelihood: -35334.886534
[00:46:09] [worker #0] Bootstrap tree #321, logLikelihood: -35493.225769
[00:46:10] [worker #12] Bootstrap tree #317, logLikelihood: -35601.710727
[00:46:11] [worker #3] Bootstrap tree #324, logLikelihood: -35718.609780
[00:46:11] [worker #11] Bootstrap tree #332, logLikelihood: -35447.045064
[00:46:12] [worker #10] Bootstrap tree #331, logLikelihood: -35689.399504
[00:46:13] [worker #9] Bootstrap tree #330, logLikelihood: -35516.850029
[00:46:21] [worker #4] Bootstrap tree #325, logLikelihood: -35518.048048
[00:46:23] [worker #14] Bootstrap tree #319, logLikelihood: -35716.933349
[00:46:28] [worker #1] Bootstrap tree #322, logLikelihood: -35482.425614
[00:46:33] [worker #8] Bootstrap tree #329, logLikelihood: -35511.206705
[00:46:36] [worker #6] Bootstrap tree #327, logLikelihood: -35763.026670
[00:47:19] [worker #2] Bootstrap tree #339, logLikelihood: -35598.754884
[00:47:38] [worker #0] Bootstrap tree #337, logLikelihood: -35445.572431
[00:47:43] [worker #3] Bootstrap tree #340, logLikelihood: -35328.276164
[00:47:45] [worker #13] Bootstrap tree #334, logLikelihood: -35548.564407
[00:47:46] [worker #7] Bootstrap tree #344, logLikelihood: -35695.771194
[00:47:46] [worker #15] Bootstrap tree #336, logLikelihood: -35738.213567
[00:47:47] [worker #5] Bootstrap tree #342, logLikelihood: -35738.941199
[00:47:52] [worker #9] Bootstrap tree #346, logLikelihood: -35330.061930
[00:47:52] [worker #10] Bootstrap tree #347, logLikelihood: -35313.039990
[00:47:52] [worker #11] Bootstrap tree #348, logLikelihood: -35345.918847
[00:47:53] [worker #12] Bootstrap tree #333, logLikelihood: -35444.484019
[00:47:54] [worker #1] Bootstrap tree #338, logLikelihood: -35624.627428
[00:47:59] [worker #14] Bootstrap tree #335, logLikelihood: -35620.385302
[00:48:05] [worker #8] Bootstrap tree #345, logLikelihood: -35797.643546
[00:48:08] [worker #6] Bootstrap tree #343, logLikelihood: -35675.754880
[00:48:10] [worker #4] Bootstrap tree #341, logLikelihood: -35572.725441
[00:49:01] [worker #13] Bootstrap tree #350, logLikelihood: -35584.823141
[00:49:06] [worker #12] Bootstrap tree #349, logLikelihood: -35626.533098
[00:50:36] [worker #5] Bootstrap tree #358, logLikelihood: -35191.131896
[00:50:40] [worker #1] Bootstrap tree #354, logLikelihood: -35460.798687
[00:50:43] [worker #6] Bootstrap tree #359, logLikelihood: -35577.360819
[00:50:45] [worker #2] Bootstrap tree #355, logLikelihood: -35653.817163
[00:50:48] [worker #11] Bootstrap tree #364, logLikelihood: -35352.081634
[00:50:48] [worker #3] Bootstrap tree #356, logLikelihood: -35534.429909
[00:50:48] [worker #0] Bootstrap tree #353, logLikelihood: -35481.106564
[00:50:50] [worker #8] Bootstrap tree #361, logLikelihood: -35803.856789
[00:50:51] [worker #13] Bootstrap tree #366, logLikelihood: -35466.861400
[00:50:52] [worker #12] Bootstrap tree #365, logLikelihood: -35781.187880
[00:50:52] [worker #15] Bootstrap tree #352, logLikelihood: -35397.416177
[00:50:53] [worker #9] Bootstrap tree #362, logLikelihood: -35434.983868
[00:50:53] [worker #4] Bootstrap tree #357, logLikelihood: -35553.077390
[00:50:54] [worker #14] Bootstrap tree #351, logLikelihood: -35581.002327
[00:50:54] [worker #10] Bootstrap tree #363, logLikelihood: -35405.583403
[00:50:56] [worker #7] Bootstrap tree #360, logLikelihood: -35620.913751
[00:52:10] [worker #5] Bootstrap tree #374, logLikelihood: -35726.048061
[00:52:18] [worker #2] Bootstrap tree #371, logLikelihood: -35551.450107
[00:52:19] [worker #6] Bootstrap tree #375, logLikelihood: -35761.219832
[00:52:20] [worker #1] Bootstrap tree #370, logLikelihood: -35404.869350
[00:52:22] [worker #11] Bootstrap tree #380, logLikelihood: -35710.146931
[00:52:23] [worker #3] Bootstrap tree #372, logLikelihood: -35491.904291
[00:52:29] [worker #15] Bootstrap tree #368, logLikelihood: -35590.636586
[00:52:30] [worker #8] Bootstrap tree #377, logLikelihood: -35429.022050
[00:52:30] [worker #13] Bootstrap tree #382, logLikelihood: -35794.560650
[00:52:35] [worker #0] Bootstrap tree #369, logLikelihood: -35513.166025
[00:52:36] [worker #4] Bootstrap tree #373, logLikelihood: -35565.197373
[00:52:39] [worker #14] Bootstrap tree #367, logLikelihood: -35395.528853
[00:52:39] [worker #9] Bootstrap tree #378, logLikelihood: -35606.025311
[00:52:39] [worker #12] Bootstrap tree #381, logLikelihood: -35377.717839
[00:52:49] [worker #7] Bootstrap tree #376, logLikelihood: -35476.898976
[00:53:00] [worker #10] Bootstrap tree #379, logLikelihood: -35515.980312
[00:53:43] [worker #5] Bootstrap tree #390, logLikelihood: -35530.238447
[00:53:50] [worker #2] Bootstrap tree #387, logLikelihood: -35440.624405
[00:53:52] [worker #11] Bootstrap tree #396, logLikelihood: -35782.567352
[00:53:53] [worker #1] Bootstrap tree #386, logLikelihood: -35536.142589
[00:53:58] [worker #6] Bootstrap tree #391, logLikelihood: -35612.562081
[00:54:04] [worker #3] Bootstrap tree #388, logLikelihood: -35330.043718
[00:54:04] [worker #15] Bootstrap tree #384, logLikelihood: -35377.822661
[00:54:06] [worker #13] Bootstrap tree #398, logLikelihood: -35598.877553
[00:54:10] [worker #14] Bootstrap tree #383, logLikelihood: -35372.851561
[00:54:11] [worker #12] Bootstrap tree #397, logLikelihood: -35298.994107
[00:54:11] [worker #9] Bootstrap tree #394, logLikelihood: -35560.088934
[00:54:12] [worker #0] Bootstrap tree #385, logLikelihood: -35496.222331
[00:54:12] [worker #8] Bootstrap tree #393, logLikelihood: -35630.154617
[00:54:17] [worker #7] Bootstrap tree #392, logLikelihood: -35438.267256
[00:54:27] [worker #4] Bootstrap tree #389, logLikelihood: -35430.984205
[00:54:43] [worker #10] Bootstrap tree #395, logLikelihood: -35270.890726
[00:55:22] [worker #15] Bootstrap tree #400, logLikelihood: -35453.797895
[00:55:27] [worker #14] Bootstrap tree #399, logLikelihood: -35440.295007
[00:56:54] [worker #7] Bootstrap tree #408, logLikelihood: -35214.295546
[00:56:57] [worker #0] Bootstrap tree #401, logLikelihood: -35487.173674
[00:56:58] [worker #11] Bootstrap tree #412, logLikelihood: -35753.936993
[00:56:59] [worker #1] Bootstrap tree #402, logLikelihood: -35591.629415
[00:57:03] [worker #14] Bootstrap tree #415, logLikelihood: -35611.128875
[00:57:04] [worker #9] Bootstrap tree #410, logLikelihood: -35897.215041
[00:57:05] [worker #2] Bootstrap tree #403, logLikelihood: -35309.157805
[00:57:05] [worker #6] Bootstrap tree #407, logLikelihood: -35487.523860
[00:57:09] [worker #10] Bootstrap tree #411, logLikelihood: -35531.181067
[00:57:09] [worker #8] Bootstrap tree #409, logLikelihood: -35560.124724
[00:57:11] [worker #5] Bootstrap tree #406, logLikelihood: -35534.893776
[00:57:13] [worker #15] Bootstrap tree #416, logLikelihood: -35673.773421
[00:57:18] [worker #4] Bootstrap tree #405, logLikelihood: -35431.135206
[00:57:24] [worker #3] Bootstrap tree #404, logLikelihood: -35542.544152
[00:57:29] [worker #13] Bootstrap tree #414, logLikelihood: -35427.701102
[00:57:29] [worker #12] Bootstrap tree #413, logLikelihood: -35452.903547
[00:58:24] [worker #7] Bootstrap tree #424, logLikelihood: -35365.058671
[00:58:25] [worker #11] Bootstrap tree #428, logLikelihood: -35525.997791
[00:58:30] [worker #0] Bootstrap tree #417, logLikelihood: -35471.947378
[00:58:34] [worker #1] Bootstrap tree #418, logLikelihood: -35469.837578
[00:58:39] [worker #2] Bootstrap tree #419, logLikelihood: -35741.450899
[00:58:39] [worker #9] Bootstrap tree #426, logLikelihood: -35481.311697
[00:58:40] [worker #6] Bootstrap tree #423, logLikelihood: -35535.841196
[00:58:43] [worker #10] Bootstrap tree #427, logLikelihood: -35654.387051
[00:58:44] [worker #14] Bootstrap tree #431, logLikelihood: -35467.956116
[00:58:51] [worker #4] Bootstrap tree #421, logLikelihood: -35552.828866
[00:58:53] [worker #8] Bootstrap tree #425, logLikelihood: -35645.614041
[00:58:56] [worker #5] Bootstrap tree #422, logLikelihood: -35619.898274
[00:59:01] [worker #3] Bootstrap tree #420, logLikelihood: -35461.858153
[00:59:01] [worker #13] Bootstrap tree #430, logLikelihood: -35469.624569
[00:59:01] [worker #15] Bootstrap tree #432, logLikelihood: -35532.325332
[00:59:09] [worker #12] Bootstrap tree #429, logLikelihood: -35488.422742
[00:59:52] [worker #7] Bootstrap tree #440, logLikelihood: -35527.191220
[00:59:58] [worker #0] Bootstrap tree #433, logLikelihood: -35730.565045
[01:00:04] [worker #11] Bootstrap tree #444, logLikelihood: -35624.186410
[01:00:05] [worker #1] Bootstrap tree #434, logLikelihood: -35586.401936
[01:00:11] [worker #9] Bootstrap tree #442, logLikelihood: -35502.813650
[01:00:12] [worker #6] Bootstrap tree #439, logLikelihood: -35531.992598
[01:00:13] [worker #2] Bootstrap tree #435, logLikelihood: -35607.931576
[01:00:17] [worker #10] Bootstrap tree #443, logLikelihood: -35341.500627
[01:00:22] [worker #8] Bootstrap tree #441, logLikelihood: -35679.849050
[01:00:23] [worker #14] Bootstrap tree #447, logLikelihood: -35748.060945
[01:00:29] [worker #5] Bootstrap tree #438, logLikelihood: -35358.896887
[01:00:31] [worker #3] Bootstrap tree #436, logLikelihood: -35381.407238
[01:00:34] [worker #15] Bootstrap tree #448, logLikelihood: -35425.526050
[01:00:38] [worker #13] Bootstrap tree #446, logLikelihood: -35453.913463
[01:00:40] [worker #4] Bootstrap tree #437, logLikelihood: -35471.422358
[01:01:02] [worker #12] Bootstrap tree #445, logLikelihood: -35639.894744
[01:01:18] [worker #0] Bootstrap tree #449, logLikelihood: -35461.117593
[01:01:19] [worker #1] Bootstrap tree #450, logLikelihood: -35464.113727
[01:02:51] [worker #10] Bootstrap tree #459, logLikelihood: -35303.589702
[01:02:55] [worker #12] Bootstrap tree #461, logLikelihood: -35599.191847
[01:02:56] [worker #14] Bootstrap tree #463, logLikelihood: -35461.777606
[01:03:00] [worker #8] Bootstrap tree #457, logLikelihood: -35522.507518
[01:03:01] [worker #1] Bootstrap tree #466, logLikelihood: -35494.891336
[01:03:01] [worker #0] Bootstrap tree #465, logLikelihood: -35557.538730
[01:03:02] [worker #5] Bootstrap tree #454, logLikelihood: -35628.036592
[01:03:04] [worker #13] Bootstrap tree #462, logLikelihood: -35595.296675
[01:03:05] [worker #3] Bootstrap tree #452, logLikelihood: -35570.873427
[01:03:09] [worker #11] Bootstrap tree #460, logLikelihood: -35676.998191
[01:03:12] [worker #4] Bootstrap tree #453, logLikelihood: -35554.196462
[01:03:13] [worker #2] Bootstrap tree #451, logLikelihood: -35612.323243
[01:03:14] [worker #9] Bootstrap tree #458, logLikelihood: -35591.897218
[01:03:17] [worker #7] Bootstrap tree #456, logLikelihood: -35737.255707
[01:03:19] [worker #15] Bootstrap tree #464, logLikelihood: -35749.847957
[01:03:21] [worker #6] Bootstrap tree #455, logLikelihood: -35572.296546
[01:04:29] [worker #10] Bootstrap tree #475, logLikelihood: -35641.091956
[01:04:33] [worker #8] Bootstrap tree #473, logLikelihood: -35625.701079
[01:04:33] [worker #3] Bootstrap tree #468, logLikelihood: -35530.187424
[01:04:34] [worker #14] Bootstrap tree #479, logLikelihood: -35327.181538
[01:04:35] [worker #1] Bootstrap tree #482, logLikelihood: -35477.355259
[01:04:38] [worker #5] Bootstrap tree #470, logLikelihood: -35432.799766
[01:04:41] [worker #12] Bootstrap tree #477, logLikelihood: -35538.040312
[01:04:42] [worker #11] Bootstrap tree #476, logLikelihood: -35667.867010
[01:04:42] [worker #2] Bootstrap tree #467, logLikelihood: -35583.594356
[01:04:47] [worker #0] Bootstrap tree #481, logLikelihood: -35676.021636
[01:04:47] [worker #9] Bootstrap tree #474, logLikelihood: -35614.717577
[01:04:50] [worker #6] Bootstrap tree #471, logLikelihood: -35341.198574
[01:04:56] [worker #7] Bootstrap tree #472, logLikelihood: -35378.843207
[01:04:58] [worker #13] Bootstrap tree #478, logLikelihood: -35442.371564
[01:05:02] [worker #15] Bootstrap tree #480, logLikelihood: -35422.023942
[01:05:19] [worker #4] Bootstrap tree #469, logLikelihood: -35607.072974
[01:06:09] [worker #8] Bootstrap tree #489, logLikelihood: -35646.657865
[01:06:11] [worker #10] Bootstrap tree #491, logLikelihood: -35383.329271
[01:06:13] [worker #2] Bootstrap tree #483, logLikelihood: -35655.756077
[01:06:13] [worker #1] Bootstrap tree #498, logLikelihood: -35575.981851
[01:06:14] [worker #14] Bootstrap tree #495, logLikelihood: -35676.265163
[01:06:15] [worker #11] Bootstrap tree #492, logLikelihood: -35632.528611
[01:06:17] [worker #12] Bootstrap tree #493, logLikelihood: -35694.718516
[01:06:24] [worker #5] Bootstrap tree #486, logLikelihood: -35473.463437
[01:06:24] [worker #6] Bootstrap tree #487, logLikelihood: -35615.823489
[01:06:25] [worker #3] Bootstrap tree #484, logLikelihood: -35256.849024
[01:06:26] [worker #0] Bootstrap tree #497, logLikelihood: -35456.438997
[01:06:32] [worker #15] Bootstrap tree #496, logLikelihood: -35585.617220
[01:06:32] [worker #13] Bootstrap tree #494, logLikelihood: -35457.829091
[01:06:33] [worker #9] Bootstrap tree #490, logLikelihood: -35587.332425
[01:06:33] [worker #7] Bootstrap tree #488, logLikelihood: -35500.530024
[01:07:07] [worker #4] Bootstrap tree #485, logLikelihood: -35630.910029
[01:07:21] [worker #2] Bootstrap tree #499, logLikelihood: -35530.565822
[01:07:34] [worker #3] Bootstrap tree #500, logLikelihood: -35614.627925
[01:09:05] [worker #13] Bootstrap tree #510, logLikelihood: -35570.833717
[01:09:05] [worker #7] Bootstrap tree #504, logLikelihood: -35743.649731
[01:09:08] [worker #2] Bootstrap tree #515, logLikelihood: -35669.461346
[01:09:09] [worker #11] Bootstrap tree #508, logLikelihood: -35745.100192
[01:09:09] [worker #5] Bootstrap tree #502, logLikelihood: -35622.112604
[01:09:09] [worker #10] Bootstrap tree #507, logLikelihood: -35610.020777
[01:09:13] [worker #14] Bootstrap tree #511, logLikelihood: -35812.486845
[01:09:14] [worker #4] Bootstrap tree #501, logLikelihood: -35407.430593
[01:09:14] [worker #12] Bootstrap tree #509, logLikelihood: -35586.123506
[01:09:14] [worker #1] Bootstrap tree #514, logLikelihood: -35540.328159
[01:09:15] [worker #3] Bootstrap tree #516, logLikelihood: -35620.740582
[01:09:20] [worker #8] Bootstrap tree #505, logLikelihood: -35334.837809
[01:09:21] [worker #0] Bootstrap tree #513, logLikelihood: -35583.019486
[01:09:22] [worker #6] Bootstrap tree #503, logLikelihood: -35439.004531
[01:09:33] [worker #9] Bootstrap tree #506, logLikelihood: -35404.618533
[01:09:40] [worker #15] Bootstrap tree #512, logLikelihood: -35456.599162
[01:10:32] [worker #11] Bootstrap tree #524, logLikelihood: -35525.390040
[01:10:36] [worker #7] Bootstrap tree #520, logLikelihood: -35496.831543
[01:10:36] [worker #2] Bootstrap tree #531, logLikelihood: -35506.597499
[01:10:37] [worker #13] Bootstrap tree #526, logLikelihood: -35516.160831
[01:10:42] [worker #1] Bootstrap tree #530, logLikelihood: -35543.616415
[01:10:46] [worker #12] Bootstrap tree #525, logLikelihood: -35712.040407
[01:10:49] [worker #3] Bootstrap tree #532, logLikelihood: -35610.837316
[01:10:51] [worker #5] Bootstrap tree #518, logLikelihood: -35436.194949
[01:10:54] [worker #4] Bootstrap tree #517, logLikelihood: -35714.292404
[01:10:55] [worker #0] Bootstrap tree #529, logLikelihood: -35596.389682
[01:10:57] [worker #14] Bootstrap tree #527, logLikelihood: -35857.025430
[01:11:05] [worker #10] Bootstrap tree #523, logLikelihood: -35453.833603
[01:11:09] [worker #9] Bootstrap tree #522, logLikelihood: -35626.661552
[01:11:11] [worker #15] Bootstrap tree #528, logLikelihood: -35677.288486
[01:11:15] [worker #6] Bootstrap tree #519, logLikelihood: -35526.361540
[01:11:19] [worker #8] Bootstrap tree #521, logLikelihood: -35655.300444
[01:11:58] [worker #11] Bootstrap tree #540, logLikelihood: -35459.904622
[01:12:01] [worker #13] Bootstrap tree #542, logLikelihood: -35528.536000
[01:12:08] [worker #2] Bootstrap tree #547, logLikelihood: -35530.923409
[01:12:14] [worker #7] Bootstrap tree #536, logLikelihood: -35303.682994
[01:12:21] [worker #1] Bootstrap tree #546, logLikelihood: -35571.977275
[01:12:22] [worker #12] Bootstrap tree #541, logLikelihood: -35365.947837
[01:12:23] [worker #5] Bootstrap tree #534, logLikelihood: -35539.400226
[01:12:25] [worker #14] Bootstrap tree #543, logLikelihood: -35744.188476
[01:12:32] [worker #4] Bootstrap tree #533, logLikelihood: -35710.483736
[01:12:35] [worker #0] Bootstrap tree #545, logLikelihood: -35517.262442
[01:12:40] [worker #9] Bootstrap tree #538, logLikelihood: -35711.099082
[01:12:40] [worker #15] Bootstrap tree #544, logLikelihood: -35454.748256
[01:12:41] [worker #3] Bootstrap tree #548, logLikelihood: -35718.477766
[01:12:48] [worker #6] Bootstrap tree #535, logLikelihood: -35655.809258
[01:12:49] [worker #8] Bootstrap tree #537, logLikelihood: -35649.947328
[01:12:52] [worker #10] Bootstrap tree #539, logLikelihood: -35563.749103
[01:13:44] [worker #5] Bootstrap tree #550, logLikelihood: -35385.635249
[01:13:46] [worker #4] Bootstrap tree #549, logLikelihood: -35376.952232
[01:15:19] [worker #7] Bootstrap tree #552, logLikelihood: -35531.313006
[01:15:22] [worker #10] Bootstrap tree #555, logLikelihood: -35544.369158
[01:15:22] [worker #1] Bootstrap tree #562, logLikelihood: -35447.238317
[01:15:23] [worker #2] Bootstrap tree #563, logLikelihood: -35623.862460
[01:15:24] [worker #0] Bootstrap tree #561, logLikelihood: -35384.590320
[01:15:25] [worker #5] Bootstrap tree #566, logLikelihood: -35547.288881
[01:15:25] [worker #9] Bootstrap tree #554, logLikelihood: -35554.122718
[01:15:28] [worker #6] Bootstrap tree #551, logLikelihood: -35347.738348
[01:15:30] [worker #11] Bootstrap tree #556, logLikelihood: -35341.759666
[01:15:31] [worker #3] Bootstrap tree #564, logLikelihood: -35721.355087
[01:15:31] [worker #4] Bootstrap tree #565, logLikelihood: -35220.990063
[01:15:33] [worker #8] Bootstrap tree #553, logLikelihood: -35695.551546
[01:15:33] [worker #14] Bootstrap tree #559, logLikelihood: -35421.047970
[01:15:34] [worker #15] Bootstrap tree #560, logLikelihood: -35606.551869
[01:15:34] [worker #12] Bootstrap tree #557, logLikelihood: -35419.918956
[01:15:36] [worker #13] Bootstrap tree #558, logLikelihood: -35449.407590
[01:16:54] [worker #7] Bootstrap tree #568, logLikelihood: -35516.448982
[01:17:01] [worker #1] Bootstrap tree #578, logLikelihood: -35614.166297
[01:17:03] [worker #5] Bootstrap tree #582, logLikelihood: -35415.307555
[01:17:06] [worker #10] Bootstrap tree #571, logLikelihood: -35655.269012
[01:17:08] [worker #0] Bootstrap tree #577, logLikelihood: -35216.465315
[01:17:12] [worker #2] Bootstrap tree #579, logLikelihood: -35191.624006
[01:17:14] [worker #8] Bootstrap tree #569, logLikelihood: -35550.441734
[01:17:15] [worker #11] Bootstrap tree #572, logLikelihood: -35735.913284
[01:17:19] [worker #12] Bootstrap tree #573, logLikelihood: -35294.882450
[01:17:20] [worker #14] Bootstrap tree #575, logLikelihood: -35627.720940
[01:17:20] [worker #13] Bootstrap tree #574, logLikelihood: -35728.361014
[01:17:21] [worker #9] Bootstrap tree #570, logLikelihood: -35419.829153
[01:17:22] [worker #3] Bootstrap tree #580, logLikelihood: -35533.710945
[01:17:23] [worker #6] Bootstrap tree #567, logLikelihood: -35676.624048
[01:17:25] [worker #15] Bootstrap tree #576, logLikelihood: -35804.611009
[01:17:32] [worker #4] Bootstrap tree #581, logLikelihood: -35676.783164
[01:18:22] [worker #7] Bootstrap tree #584, logLikelihood: -35237.383803
[01:18:38] [worker #5] Bootstrap tree #598, logLikelihood: -35652.455757
[01:18:44] [worker #10] Bootstrap tree #587, logLikelihood: -35588.848426
[01:18:51] [worker #2] Bootstrap tree #595, logLikelihood: -35443.795317
[01:18:52] [worker #11] Bootstrap tree #588, logLikelihood: -35587.088985
[01:18:55] [worker #1] Bootstrap tree #594, logLikelihood: -35579.192455
[01:18:56] [worker #14] Bootstrap tree #591, logLikelihood: -35538.707149
[01:18:57] [worker #9] Bootstrap tree #586, logLikelihood: -35318.870361
[01:19:00] [worker #0] Bootstrap tree #593, logLikelihood: -35396.483500
[01:19:01] [worker #4] Bootstrap tree #597, logLikelihood: -35572.629976
[01:19:01] [worker #8] Bootstrap tree #585, logLikelihood: -35601.985173
[01:19:01] [worker #12] Bootstrap tree #589, logLikelihood: -35473.419200
[01:19:03] [worker #15] Bootstrap tree #592, logLikelihood: -35430.669779
[01:19:04] [worker #6] Bootstrap tree #583, logLikelihood: -35540.601622
[01:19:04] [worker #13] Bootstrap tree #590, logLikelihood: -35516.617900
[01:19:10] [worker #3] Bootstrap tree #596, logLikelihood: -35419.521072
[01:19:36] [worker #7] Bootstrap tree #600, logLikelihood: -35444.024845
[01:20:21] [worker #6] Bootstrap tree #599, logLikelihood: -35429.112188
[01:21:51] [worker #1] Bootstrap tree #610, logLikelihood: -35608.649126
[01:21:52] [worker #15] Bootstrap tree #608, logLikelihood: -35555.185926
[01:21:56] [worker #14] Bootstrap tree #607, logLikelihood: -35614.634927
[01:21:56] [worker #11] Bootstrap tree #604, logLikelihood: -35635.448067
[01:21:57] [worker #8] Bootstrap tree #601, logLikelihood: -35380.048781
[01:21:58] [worker #2] Bootstrap tree #611, logLikelihood: -35574.249428
[01:22:00] [worker #5] Bootstrap tree #614, logLikelihood: -35688.365617
[01:22:01] [worker #3] Bootstrap tree #612, logLikelihood: -35336.940121
[01:22:02] [worker #4] Bootstrap tree #613, logLikelihood: -35430.166799
[01:22:02] [worker #0] Bootstrap tree #609, logLikelihood: -35683.059066
[01:22:04] [worker #6] Bootstrap tree #615, logLikelihood: -35603.663521
[01:22:04] [worker #9] Bootstrap tree #602, logLikelihood: -35434.260538
[01:22:06] [worker #10] Bootstrap tree #603, logLikelihood: -35345.929121
[01:22:09] [worker #13] Bootstrap tree #606, logLikelihood: -35543.427087
[01:22:10] [worker #7] Bootstrap tree #616, logLikelihood: -35471.939385
[01:22:18] [worker #12] Bootstrap tree #605, logLikelihood: -35341.794304
[01:23:22] [worker #1] Bootstrap tree #626, logLikelihood: -35700.639286
[01:23:23] [worker #11] Bootstrap tree #620, logLikelihood: -35413.799554
[01:23:30] [worker #0] Bootstrap tree #625, logLikelihood: -35527.955338
[01:23:32] [worker #15] Bootstrap tree #624, logLikelihood: -35780.627812
[01:23:34] [worker #14] Bootstrap tree #623, logLikelihood: -35555.817628
[01:23:35] [worker #2] Bootstrap tree #627, logLikelihood: -35474.339953
[01:23:36] [worker #5] Bootstrap tree #630, logLikelihood: -35570.389193
[01:23:38] [worker #13] Bootstrap tree #622, logLikelihood: -35682.902918
[01:23:38] [worker #3] Bootstrap tree #628, logLikelihood: -35663.081920
[01:23:39] [worker #4] Bootstrap tree #629, logLikelihood: -35576.352092
[01:23:41] [worker #6] Bootstrap tree #631, logLikelihood: -35446.828087
[01:23:47] [worker #8] Bootstrap tree #617, logLikelihood: -35457.640874
[01:23:47] [worker #10] Bootstrap tree #619, logLikelihood: -35498.120369
[01:23:50] [worker #9] Bootstrap tree #618, logLikelihood: -35749.658936
[01:23:55] [worker #7] Bootstrap tree #632, logLikelihood: -35416.491776
[01:24:01] [worker #12] Bootstrap tree #621, logLikelihood: -35244.866389
[01:24:42] [worker #1] Bootstrap tree #642, logLikelihood: -35814.763066
[01:24:51] [worker #11] Bootstrap tree #636, logLikelihood: -35527.741601
[01:25:04] [worker #2] Bootstrap tree #643, logLikelihood: -35305.418540
[01:25:05] [worker #14] Bootstrap tree #639, logLikelihood: -35625.803920
[01:25:08] [worker #15] Bootstrap tree #640, logLikelihood: -35479.907820
[01:25:08] [worker #9] Bootstrap tree #634, logLikelihood: -35398.105461
[01:25:11] [worker #6] Bootstrap tree #647, logLikelihood: -35772.103996
[01:25:13] [worker #5] Bootstrap tree #646, logLikelihood: -35481.275307
[01:25:14] [worker #0] Bootstrap tree #641, logLikelihood: -35439.711994
[01:25:18] [worker #3] Bootstrap tree #644, logLikelihood: -35494.954270
[01:25:18] [worker #4] Bootstrap tree #645, logLikelihood: -35727.365779
[01:25:22] [worker #10] Bootstrap tree #635, logLikelihood: -35556.285570
[01:25:23] [worker #13] Bootstrap tree #638, logLikelihood: -35595.058039
[01:25:30] [worker #8] Bootstrap tree #633, logLikelihood: -35518.588634
[01:25:31] [worker #12] Bootstrap tree #637, logLikelihood: -35657.673371
[01:25:39] [worker #7] Bootstrap tree #648, logLikelihood: -35588.088248
[01:26:24] [worker #9] Bootstrap tree #650, logLikelihood: -35431.735579
[01:26:41] [worker #8] Bootstrap tree #649, logLikelihood: -35501.158224
[01:28:14] [worker #9] Bootstrap tree #666, logLikelihood: -35861.424774
[01:28:15] [worker #5] Bootstrap tree #662, logLikelihood: -35519.805254
[01:28:15] [worker #6] Bootstrap tree #663, logLikelihood: -35429.181369
[01:28:16] [worker #0] Bootstrap tree #657, logLikelihood: -35520.347514
[01:28:19] [worker #12] Bootstrap tree #653, logLikelihood: -35405.714592
[01:28:20] [worker #10] Bootstrap tree #651, logLikelihood: -35603.549695
[01:28:22] [worker #1] Bootstrap tree #658, logLikelihood: -35399.367984
[01:28:23] [worker #2] Bootstrap tree #659, logLikelihood: -35762.087842
[01:28:23] [worker #15] Bootstrap tree #656, logLikelihood: -35418.757166
[01:28:24] [worker #3] Bootstrap tree #660, logLikelihood: -35620.309939
[01:28:24] [worker #13] Bootstrap tree #654, logLikelihood: -35414.716690
[01:28:27] [worker #14] Bootstrap tree #655, logLikelihood: -35398.780560
[01:28:27] [worker #4] Bootstrap tree #661, logLikelihood: -35526.455236
[01:28:30] [worker #8] Bootstrap tree #665, logLikelihood: -35528.480084
[01:28:32] [worker #7] Bootstrap tree #664, logLikelihood: -35613.216933
[01:28:38] [worker #11] Bootstrap tree #652, logLikelihood: -35555.296064
[01:29:44] [worker #5] Bootstrap tree #678, logLikelihood: -35693.704679
[01:29:50] [worker #0] Bootstrap tree #673, logLikelihood: -35662.935084
[01:29:51] [worker #1] Bootstrap tree #674, logLikelihood: -35537.200606
[01:29:54] [worker #9] Bootstrap tree #682, logLikelihood: -35688.333821
[01:29:54] [worker #6] Bootstrap tree #679, logLikelihood: -35779.712461
[01:29:55] [worker #14] Bootstrap tree #671, logLikelihood: -35493.674315
[01:29:55] [worker #10] Bootstrap tree #667, logLikelihood: -35335.453393
[01:29:58] [worker #2] Bootstrap tree #675, logLikelihood: -35381.434412
[01:29:58] [worker #12] Bootstrap tree #669, logLikelihood: -35273.950921
[01:30:03] [worker #7] Bootstrap tree #680, logLikelihood: -35193.820468
[01:30:06] [worker #8] Bootstrap tree #681, logLikelihood: -35410.840008
[01:30:07] [worker #3] Bootstrap tree #676, logLikelihood: -35509.641530
[01:30:08] [worker #13] Bootstrap tree #670, logLikelihood: -35448.325017
[01:30:08] [worker #15] Bootstrap tree #672, logLikelihood: -35503.733661
[01:30:08] [worker #4] Bootstrap tree #677, logLikelihood: -35588.973232
[01:30:14] [worker #11] Bootstrap tree #668, logLikelihood: -35590.991469
[01:31:23] [worker #6] Bootstrap tree #695, logLikelihood: -35452.479845
[01:31:28] [worker #0] Bootstrap tree #689, logLikelihood: -35420.076735
[01:31:29] [worker #1] Bootstrap tree #690, logLikelihood: -35365.623114
[01:31:29] [worker #2] Bootstrap tree #691, logLikelihood: -35397.226329
[01:31:33] [worker #10] Bootstrap tree #683, logLikelihood: -35366.570459
[01:31:35] [worker #7] Bootstrap tree #696, logLikelihood: -35602.603511
[01:31:36] [worker #14] Bootstrap tree #687, logLikelihood: -35529.707431
[01:31:38] [worker #9] Bootstrap tree #698, logLikelihood: -35472.008511
[01:31:38] [worker #4] Bootstrap tree #693, logLikelihood: -35232.119454
[01:31:38] [worker #5] Bootstrap tree #694, logLikelihood: -35631.169026
[01:31:38] [worker #15] Bootstrap tree #688, logLikelihood: -35406.614178
[01:31:40] [worker #8] Bootstrap tree #697, logLikelihood: -35586.871322
[01:31:40] [worker #13] Bootstrap tree #686, logLikelihood: -35383.093463
[01:31:43] [worker #12] Bootstrap tree #685, logLikelihood: -35598.080701
[01:31:45] [worker #3] Bootstrap tree #692, logLikelihood: -35378.801569
[01:31:52] [worker #11] Bootstrap tree #684, logLikelihood: -35462.950611
[01:32:56] [worker #10] Bootstrap tree #699, logLikelihood: -35611.425727
[01:33:03] [worker #11] Bootstrap tree #700, logLikelihood: -35412.287996
[01:34:30] [worker #10] Bootstrap tree #715, logLikelihood: -35542.352017
[01:34:35] [worker #9] Bootstrap tree #714, logLikelihood: -35310.656976
[01:34:36] [worker #5] Bootstrap tree #710, logLikelihood: -35480.083729
[01:34:36] [worker #1] Bootstrap tree #706, logLikelihood: -35385.966739
[01:34:36] [worker #11] Bootstrap tree #716, logLikelihood: -35584.512386
[01:34:39] [worker #0] Bootstrap tree #705, logLikelihood: -35694.301720
[01:34:39] [worker #3] Bootstrap tree #708, logLikelihood: -35600.528933
[01:34:39] [worker #8] Bootstrap tree #713, logLikelihood: -35594.320920
[01:34:42] [worker #2] Bootstrap tree #707, logLikelihood: -35579.749346
[01:34:47] [worker #4] Bootstrap tree #709, logLikelihood: -35554.309819
[01:34:49] [worker #13] Bootstrap tree #702, logLikelihood: -35489.514720
[01:34:51] [worker #15] Bootstrap tree #704, logLikelihood: -35115.578393
[01:34:52] [worker #14] Bootstrap tree #703, logLikelihood: -35442.591978
[01:34:54] [worker #7] Bootstrap tree #712, logLikelihood: -35613.635053
[01:35:01] [worker #6] Bootstrap tree #711, logLikelihood: -35428.093557
[01:35:03] [worker #12] Bootstrap tree #701, logLikelihood: -35915.501181
[01:36:08] [worker #10] Bootstrap tree #731, logLikelihood: -35420.329846
[01:36:09] [worker #5] Bootstrap tree #726, logLikelihood: -35604.292329
[01:36:14] [worker #11] Bootstrap tree #732, logLikelihood: -35555.828303
[01:36:15] [worker #1] Bootstrap tree #722, logLikelihood: -35446.543205
[01:36:16] [worker #9] Bootstrap tree #730, logLikelihood: -35691.474403
[01:36:16] [worker #3] Bootstrap tree #724, logLikelihood: -35799.279375
[01:36:20] [worker #8] Bootstrap tree #729, logLikelihood: -35437.748218
[01:36:21] [worker #4] Bootstrap tree #725, logLikelihood: -35359.506972
[01:36:28] [worker #13] Bootstrap tree #718, logLikelihood: -35448.274407
[01:36:35] [worker #14] Bootstrap tree #719, logLikelihood: -35610.585654
[01:36:35] [worker #0] Bootstrap tree #721, logLikelihood: -35633.313257
[01:36:38] [worker #6] Bootstrap tree #727, logLikelihood: -35688.611459
[01:36:40] [worker #2] Bootstrap tree #723, logLikelihood: -35222.326775
[01:36:43] [worker #7] Bootstrap tree #728, logLikelihood: -35547.248920
[01:36:49] [worker #15] Bootstrap tree #720, logLikelihood: -35520.403007
[01:36:50] [worker #12] Bootstrap tree #717, logLikelihood: -35692.683243
[01:37:30] [worker #10] Bootstrap tree #747, logLikelihood: -35773.068442
[01:37:41] [worker #9] Bootstrap tree #746, logLikelihood: -35754.139183
[01:37:45] [worker #5] Bootstrap tree #742, logLikelihood: -35403.001463
[01:37:48] [worker #1] Bootstrap tree #738, logLikelihood: -35594.571546
[01:37:50] [worker #4] Bootstrap tree #741, logLikelihood: -35515.736748
[01:37:56] [worker #11] Bootstrap tree #748, logLikelihood: -35589.374996
[01:37:57] [worker #3] Bootstrap tree #740, logLikelihood: -35336.337487
[01:38:02] [worker #13] Bootstrap tree #734, logLikelihood: -35419.226172
[01:38:03] [worker #0] Bootstrap tree #737, logLikelihood: -35481.621567
[01:38:05] [worker #14] Bootstrap tree #735, logLikelihood: -35264.182969
[01:38:08] [worker #15] Bootstrap tree #736, logLikelihood: -35414.677776
[01:38:09] [worker #6] Bootstrap tree #743, logLikelihood: -35630.238415
[01:38:13] [worker #7] Bootstrap tree #744, logLikelihood: -35457.482087
[01:38:16] [worker #2] Bootstrap tree #739, logLikelihood: -35588.591832
[01:38:17] [worker #8] Bootstrap tree #745, logLikelihood: -35541.089942
[01:38:20] [worker #12] Bootstrap tree #733, logLikelihood: -35736.707456
[01:39:13] [worker #13] Bootstrap tree #750, logLikelihood: -35372.468528
[01:39:35] [worker #12] Bootstrap tree #749, logLikelihood: -35794.736654
[01:41:04] [worker #13] Bootstrap tree #766, logLikelihood: -35454.952608
[01:41:04] [worker #8] Bootstrap tree #761, logLikelihood: -35680.737459
[01:41:06] [worker #4] Bootstrap tree #757, logLikelihood: -35424.912819
[01:41:08] [worker #2] Bootstrap tree #755, logLikelihood: -35644.707732
[01:41:09] [worker #1] Bootstrap tree #754, logLikelihood: -35489.946522
[01:41:09] [worker #12] Bootstrap tree #765, logLikelihood: -35646.408588
[01:41:11] [worker #7] Bootstrap tree #760, logLikelihood: -35509.551995
[01:41:14] [worker #11] Bootstrap tree #764, logLikelihood: -35617.933558
[01:41:15] [worker #3] Bootstrap tree #756, logLikelihood: -35325.752465
[01:41:15] [worker #5] Bootstrap tree #758, logLikelihood: -35476.243585
[01:41:15] [worker #6] Bootstrap tree #759, logLikelihood: -35533.839966
[01:41:16] [worker #15] Bootstrap tree #752, logLikelihood: -35607.248809
[01:41:18] [worker #14] Bootstrap tree #751, logLikelihood: -35446.707824
[01:41:21] [worker #0] Bootstrap tree #753, logLikelihood: -35321.448926
[01:41:23] [worker #9] Bootstrap tree #762, logLikelihood: -35479.364767
[01:41:31] [worker #10] Bootstrap tree #763, logLikelihood: -35539.131567
[01:42:38] [worker #2] Bootstrap tree #771, logLikelihood: -35531.479092
[01:42:44] [worker #4] Bootstrap tree #773, logLikelihood: -35318.229554
[01:42:48] [worker #14] Bootstrap tree #767, logLikelihood: -35645.587993
[01:42:49] [worker #3] Bootstrap tree #772, logLikelihood: -35554.563202
[01:42:51] [worker #7] Bootstrap tree #776, logLikelihood: -35485.291828
[01:42:52] [worker #11] Bootstrap tree #780, logLikelihood: -35639.652172
[01:42:53] [worker #5] Bootstrap tree #774, logLikelihood: -35320.326590
[01:42:55] [worker #1] Bootstrap tree #770, logLikelihood: -35806.297351
[01:42:55] [worker #8] Bootstrap tree #777, logLikelihood: -35412.634892
[01:42:56] [worker #15] Bootstrap tree #768, logLikelihood: -35625.019280
[01:42:56] [worker #6] Bootstrap tree #775, logLikelihood: -35498.925830
[01:42:57] [worker #0] Bootstrap tree #769, logLikelihood: -35583.273917
[01:43:00] [worker #9] Bootstrap tree #778, logLikelihood: -35526.960981
[01:43:00] [worker #13] Bootstrap tree #782, logLikelihood: -35450.052971
[01:43:07] [worker #12] Bootstrap tree #781, logLikelihood: -35551.384729
[01:43:24] [worker #10] Bootstrap tree #779, logLikelihood: -35605.736638
[01:44:08] [worker #2] Bootstrap tree #787, logLikelihood: -35576.130034
[01:44:19] [worker #7] Bootstrap tree #792, logLikelihood: -35370.994273
[01:44:21] [worker #4] Bootstrap tree #789, logLikelihood: -35381.012322
[01:44:21] [worker #11] Bootstrap tree #796, logLikelihood: -35454.108482
[01:44:23] [worker #3] Bootstrap tree #788, logLikelihood: -35437.451621
[01:44:24] [worker #14] Bootstrap tree #783, logLikelihood: -35625.050330
[01:44:30] [worker #9] Bootstrap tree #794, logLikelihood: -35641.059896
[01:44:32] [worker #1] Bootstrap tree #786, logLikelihood: -35758.688540
[01:44:34] [worker #6] Bootstrap tree #791, logLikelihood: -35535.525084
[01:44:34] [worker #15] Bootstrap tree #784, logLikelihood: -35482.472409
[01:44:34] [worker #0] Bootstrap tree #785, logLikelihood: -35550.435608
[01:44:37] [worker #13] Bootstrap tree #798, logLikelihood: -35758.855737
[01:44:40] [worker #5] Bootstrap tree #790, logLikelihood: -35804.917685
[01:44:44] [worker #12] Bootstrap tree #797, logLikelihood: -35405.064130
[01:44:44] [worker #8] Bootstrap tree #793, logLikelihood: -35748.251817
[01:44:51] [worker #10] Bootstrap tree #795, logLikelihood: -35468.156937
[01:45:35] [worker #14] Bootstrap tree #799, logLikelihood: -35296.405132
[01:45:45] [worker #15] Bootstrap tree #800, logLikelihood: -35307.595688
[01:47:21] [worker #1] Bootstrap tree #802, logLikelihood: -35640.248045
[01:47:21] [worker #7] Bootstrap tree #808, logLikelihood: -35705.274428
[01:47:22] [worker #5] Bootstrap tree #806, logLikelihood: -35600.301579
[01:47:22] [worker #4] Bootstrap tree #805, logLikelihood: -35566.213016
[01:47:22] [worker #11] Bootstrap tree #812, logLikelihood: -35456.201269
[01:47:22] [worker #6] Bootstrap tree #807, logLikelihood: -35436.307597
[01:47:25] [worker #14] Bootstrap tree #815, logLikelihood: -35638.270649
[01:47:26] [worker #3] Bootstrap tree #804, logLikelihood: -35506.697406
[01:47:26] [worker #0] Bootstrap tree #801, logLikelihood: -35720.203692
[01:47:27] [worker #15] Bootstrap tree #816, logLikelihood: -35572.698846
[01:47:27] [worker #13] Bootstrap tree #814, logLikelihood: -35736.411972
[01:47:28] [worker #10] Bootstrap tree #811, logLikelihood: -35553.789400
[01:47:31] [worker #9] Bootstrap tree #810, logLikelihood: -35694.393155
[01:47:33] [worker #8] Bootstrap tree #809, logLikelihood: -35525.281083
[01:47:34] [worker #2] Bootstrap tree #803, logLikelihood: -35816.249445
[01:47:51] [worker #12] Bootstrap tree #813, logLikelihood: -35628.537865
[01:48:54] [worker #11] Bootstrap tree #828, logLikelihood: -35616.059564
[01:48:56] [worker #13] Bootstrap tree #830, logLikelihood: -35574.031002
[01:48:56] [worker #14] Bootstrap tree #831, logLikelihood: -35548.444435
[01:48:57] [worker #1] Bootstrap tree #818, logLikelihood: -35608.599342
[01:48:57] [worker #3] Bootstrap tree #820, logLikelihood: -35468.449596
[01:48:59] [worker #6] Bootstrap tree #823, logLikelihood: -35652.638739
[01:48:59] [worker #5] Bootstrap tree #822, logLikelihood: -35656.489567
[01:49:01] [worker #7] Bootstrap tree #824, logLikelihood: -35515.442127
[01:49:06] [worker #4] Bootstrap tree #821, logLikelihood: -35499.983507
[01:49:06] [worker #8] Bootstrap tree #825, logLikelihood: -35615.719847
[01:49:07] [worker #15] Bootstrap tree #832, logLikelihood: -35456.839313
[01:49:08] [worker #2] Bootstrap tree #819, logLikelihood: -35501.275724
[01:49:11] [worker #0] Bootstrap tree #817, logLikelihood: -35762.018545
[01:49:11] [worker #10] Bootstrap tree #827, logLikelihood: -35675.725491
[01:49:22] [worker #9] Bootstrap tree #826, logLikelihood: -35573.753630
[01:49:27] [worker #12] Bootstrap tree #829, logLikelihood: -35357.031421
[01:50:27] [worker #13] Bootstrap tree #846, logLikelihood: -35706.723095
[01:50:27] [worker #11] Bootstrap tree #844, logLikelihood: -35770.428285
[01:50:28] [worker #1] Bootstrap tree #834, logLikelihood: -35494.036354
[01:50:35] [worker #5] Bootstrap tree #838, logLikelihood: -35722.663034
[01:50:37] [worker #2] Bootstrap tree #835, logLikelihood: -35544.512457
[01:50:38] [worker #14] Bootstrap tree #847, logLikelihood: -35627.673890
[01:50:38] [worker #7] Bootstrap tree #840, logLikelihood: -35454.064156
[01:50:38] [worker #6] Bootstrap tree #839, logLikelihood: -35442.561984
[01:50:38] [worker #3] Bootstrap tree #836, logLikelihood: -35383.079452
[01:50:43] [worker #10] Bootstrap tree #843, logLikelihood: -35508.467587
[01:50:46] [worker #15] Bootstrap tree #848, logLikelihood: -35649.754740
[01:50:46] [worker #4] Bootstrap tree #837, logLikelihood: -35531.691609
[01:50:51] [worker #0] Bootstrap tree #833, logLikelihood: -35579.096909
[01:50:52] [worker #8] Bootstrap tree #841, logLikelihood: -35592.089307
[01:50:55] [worker #9] Bootstrap tree #842, logLikelihood: -35639.013654
[01:51:01] [worker #12] Bootstrap tree #845, logLikelihood: -35448.730674
[01:51:42] [worker #1] Bootstrap tree #850, logLikelihood: -35572.240970
[01:52:02] [worker #0] Bootstrap tree #849, logLikelihood: -35476.454394
[01:53:57] [worker #2] Bootstrap tree #851, logLikelihood: -35374.833699
[01:53:57] [worker #15] Bootstrap tree #864, logLikelihood: -35442.470591
[01:54:01] [worker #11] Bootstrap tree #860, logLikelihood: -35677.850121
[01:54:02] [worker #4] Bootstrap tree #853, logLikelihood: -35528.333936
[01:54:02] [worker #9] Bootstrap tree #858, logLikelihood: -35511.714490
[01:54:04] [worker #6] Bootstrap tree #855, logLikelihood: -35542.891384
[01:54:07] [worker #7] Bootstrap tree #856, logLikelihood: -35521.484639
[01:54:08] [worker #14] Bootstrap tree #863, logLikelihood: -35491.722446
[01:54:08] [worker #5] Bootstrap tree #854, logLikelihood: -35567.823567
[01:54:08] [worker #12] Bootstrap tree #861, logLikelihood: -35557.329323
[01:54:09] [worker #1] Bootstrap tree #866, logLikelihood: -35482.804019
[01:54:10] [worker #8] Bootstrap tree #857, logLikelihood: -35496.956529
[01:54:11] [worker #10] Bootstrap tree #859, logLikelihood: -35510.020761
[01:54:17] [worker #13] Bootstrap tree #862, logLikelihood: -35603.849510
[01:54:25] [worker #0] Bootstrap tree #865, logLikelihood: -35714.140392
[01:54:26] [worker #3] Bootstrap tree #852, logLikelihood: -35696.468842
[01:55:32] [worker #6] Bootstrap tree #871, logLikelihood: -35397.470559
[01:55:38] [worker #2] Bootstrap tree #867, logLikelihood: -35639.008495
[01:55:42] [worker #15] Bootstrap tree #880, logLikelihood: -35749.537114
[01:55:44] [worker #9] Bootstrap tree #874, logLikelihood: -35504.195582
[01:55:47] [worker #7] Bootstrap tree #872, logLikelihood: -35602.312795
[01:55:47] [worker #11] Bootstrap tree #876, logLikelihood: -35586.064097
[01:55:51] [worker #4] Bootstrap tree #869, logLikelihood: -35578.594747
[01:55:53] [worker #1] Bootstrap tree #882, logLikelihood: -35435.970986
[01:55:57] [worker #10] Bootstrap tree #875, logLikelihood: -35557.247818
[01:55:57] [worker #3] Bootstrap tree #868, logLikelihood: -35651.401763
[01:56:01] [worker #5] Bootstrap tree #870, logLikelihood: -35475.430745
[01:56:02] [worker #8] Bootstrap tree #873, logLikelihood: -35581.993778
[01:56:02] [worker #14] Bootstrap tree #879, logLikelihood: -35570.832253
[01:56:04] [worker #12] Bootstrap tree #877, logLikelihood: -35677.336743
[01:56:08] [worker #13] Bootstrap tree #878, logLikelihood: -35679.081774
[01:56:26] [worker #0] Bootstrap tree #881, logLikelihood: -35576.667877
[01:57:05] [worker #6] Bootstrap tree #887, logLikelihood: -35708.374626
[01:57:09] [worker #2] Bootstrap tree #883, logLikelihood: -35622.672543
[01:57:22] [worker #7] Bootstrap tree #888, logLikelihood: -35262.664366
[01:57:24] [worker #9] Bootstrap tree #890, logLikelihood: -35483.376195
[01:57:24] [worker #15] Bootstrap tree #896, logLikelihood: -35418.407149
[01:57:25] [worker #4] Bootstrap tree #885, logLikelihood: -35547.880051
[01:57:30] [worker #11] Bootstrap tree #892, logLikelihood: -35449.250547
[01:57:30] [worker #1] Bootstrap tree #898, logLikelihood: -35296.791118
[01:57:34] [worker #3] Bootstrap tree #884, logLikelihood: -35338.954924
[01:57:34] [worker #5] Bootstrap tree #886, logLikelihood: -35614.380649
[01:57:41] [worker #14] Bootstrap tree #895, logLikelihood: -35871.813309
[01:57:42] [worker #8] Bootstrap tree #889, logLikelihood: -35692.322146
[01:57:43] [worker #12] Bootstrap tree #893, logLikelihood: -35717.324474
[01:57:48] [worker #10] Bootstrap tree #891, logLikelihood: -35591.266925
[01:57:48] [worker #13] Bootstrap tree #894, logLikelihood: -35387.722132
[01:57:50] [worker #0] Bootstrap tree #897, logLikelihood: -35365.344512
[01:58:28] [worker #2] Bootstrap tree #899, logLikelihood: -35608.118253
[01:58:51] [worker #3] Bootstrap tree #900, logLikelihood: -35700.428002
[02:00:28] [worker #14] Bootstrap tree #911, logLikelihood: -35744.783191
[02:00:28] [worker #11] Bootstrap tree #908, logLikelihood: -35422.643007
[02:00:28] [worker #3] Bootstrap tree #916, logLikelihood: -35469.590168
[02:00:29] [worker #9] Bootstrap tree #906, logLikelihood: -35580.678478
[02:00:30] [worker #1] Bootstrap tree #914, logLikelihood: -35828.018581
[02:00:31] [worker #7] Bootstrap tree #904, logLikelihood: -35379.059079
[02:00:32] [worker #0] Bootstrap tree #913, logLikelihood: -35792.238562
[02:00:33] [worker #5] Bootstrap tree #902, logLikelihood: -35419.122032
[02:00:33] [worker #6] Bootstrap tree #903, logLikelihood: -35763.756799
[02:00:35] [worker #10] Bootstrap tree #907, logLikelihood: -35642.441090
[02:00:37] [worker #4] Bootstrap tree #901, logLikelihood: -35430.662224
[02:00:38] [worker #12] Bootstrap tree #909, logLikelihood: -35526.839187
[02:00:39] [worker #2] Bootstrap tree #915, logLikelihood: -35510.208800
[02:00:39] [worker #15] Bootstrap tree #912, logLikelihood: -35461.707409
[02:00:45] [worker #8] Bootstrap tree #905, logLikelihood: -35577.233239
[02:00:52] [worker #13] Bootstrap tree #910, logLikelihood: -35408.616491
[02:01:59] [worker #14] Bootstrap tree #927, logLikelihood: -35568.225297
[02:02:03] [worker #1] Bootstrap tree #930, logLikelihood: -35712.698352
[02:02:05] [worker #10] Bootstrap tree #923, logLikelihood: -35296.713886
[02:02:09] [worker #2] Bootstrap tree #931, logLikelihood: -35661.448883
[02:02:09] [worker #5] Bootstrap tree #918, logLikelihood: -35631.098000
[02:02:13] [worker #8] Bootstrap tree #921, logLikelihood: -35678.591302
[02:02:14] [worker #0] Bootstrap tree #929, logLikelihood: -35487.060484
[02:02:15] [worker #9] Bootstrap tree #922, logLikelihood: -35577.153127
[02:02:15] [worker #6] Bootstrap tree #919, logLikelihood: -35491.320743
[02:02:17] [worker #15] Bootstrap tree #928, logLikelihood: -35468.890629
[02:02:21] [worker #3] Bootstrap tree #932, logLikelihood: -35663.332759
[02:02:21] [worker #12] Bootstrap tree #925, logLikelihood: -35655.669540
[02:02:21] [worker #7] Bootstrap tree #920, logLikelihood: -35555.665472
[02:02:22] [worker #4] Bootstrap tree #917, logLikelihood: -35374.850922
[02:02:22] [worker #13] Bootstrap tree #926, logLikelihood: -35428.548448
[02:02:22] [worker #11] Bootstrap tree #924, logLikelihood: -35545.093107
[02:03:28] [worker #14] Bootstrap tree #943, logLikelihood: -35372.996991
[02:03:30] [worker #10] Bootstrap tree #939, logLikelihood: -35738.927934
[02:03:39] [worker #2] Bootstrap tree #947, logLikelihood: -35584.603320
[02:03:40] [worker #1] Bootstrap tree #946, logLikelihood: -35440.106849
[02:03:42] [worker #5] Bootstrap tree #934, logLikelihood: -35400.572022
[02:03:47] [worker #12] Bootstrap tree #941, logLikelihood: -35696.914649
[02:03:52] [worker #0] Bootstrap tree #945, logLikelihood: -35359.252386
[02:03:53] [worker #8] Bootstrap tree #937, logLikelihood: -35478.830709
[02:03:54] [worker #13] Bootstrap tree #942, logLikelihood: -35302.472625
[02:03:55] [worker #6] Bootstrap tree #935, logLikelihood: -35472.768464
[02:03:56] [worker #11] Bootstrap tree #940, logLikelihood: -35545.116275
[02:03:58] [worker #3] Bootstrap tree #948, logLikelihood: -35668.273852
[02:03:59] [worker #15] Bootstrap tree #944, logLikelihood: -35533.891075
[02:04:01] [worker #9] Bootstrap tree #938, logLikelihood: -35421.334230
[02:04:02] [worker #4] Bootstrap tree #933, logLikelihood: -35532.627912
[02:04:04] [worker #7] Bootstrap tree #936, logLikelihood: -35639.488257
[02:04:58] [worker #5] Bootstrap tree #950, logLikelihood: -35660.222221
[02:05:18] [worker #4] Bootstrap tree #949, logLikelihood: -35728.098278
[02:06:46] [worker #2] Bootstrap tree #963, logLikelihood: -35491.412780
[02:06:49] [worker #5] Bootstrap tree #966, logLikelihood: -35780.567010
[02:06:50] [worker #14] Bootstrap tree #959, logLikelihood: -35571.798550
[02:06:52] [worker #6] Bootstrap tree #951, logLikelihood: -35468.811771
[02:06:53] [worker #7] Bootstrap tree #952, logLikelihood: -35749.975321
[02:06:54] [worker #11] Bootstrap tree #956, logLikelihood: -35908.179047
[02:06:54] [worker #1] Bootstrap tree #962, logLikelihood: -35673.315494
[02:06:56] [worker #9] Bootstrap tree #954, logLikelihood: -35564.060598
[02:06:56] [worker #4] Bootstrap tree #965, logLikelihood: -35575.938552
[02:06:57] [worker #12] Bootstrap tree #957, logLikelihood: -35771.678745
[02:06:57] [worker #10] Bootstrap tree #955, logLikelihood: -35358.348239
[02:06:59] [worker #8] Bootstrap tree #953, logLikelihood: -35303.388045
[02:07:00] [worker #3] Bootstrap tree #964, logLikelihood: -35848.964737
[02:07:01] [worker #0] Bootstrap tree #961, logLikelihood: -35633.705315
[02:07:06] [worker #13] Bootstrap tree #958, logLikelihood: -35571.533766
[02:07:20] [worker #15] Bootstrap tree #960, logLikelihood: -35516.095240
[02:08:18] [worker #5] Bootstrap tree #982, logLikelihood: -35307.071841
[02:08:20] [worker #1] Bootstrap tree #978, logLikelihood: -35395.689321
[02:08:21] [worker #2] Bootstrap tree #979, logLikelihood: -35386.936182
[02:08:25] [worker #6] Bootstrap tree #967, logLikelihood: -35393.300107
[02:08:26] [worker #3] Bootstrap tree #980, logLikelihood: -35291.602385
[02:08:27] [worker #14] Bootstrap tree #975, logLikelihood: -35672.917719
[02:08:29] [worker #11] Bootstrap tree #972, logLikelihood: -35626.636453
[02:08:31] [worker #4] Bootstrap tree #981, logLikelihood: -35504.397893
[02:08:34] [worker #0] Bootstrap tree #977, logLikelihood: -35383.473379
[02:08:35] [worker #10] Bootstrap tree #971, logLikelihood: -35662.617321
[02:08:35] [worker #9] Bootstrap tree #970, logLikelihood: -35505.403914
[02:08:36] [worker #8] Bootstrap tree #969, logLikelihood: -35506.462891
[02:08:39] [worker #7] Bootstrap tree #968, logLikelihood: -35599.850337
[02:08:45] [worker #12] Bootstrap tree #973, logLikelihood: -35490.974281
[02:08:45] [worker #13] Bootstrap tree #974, logLikelihood: -35284.633211
[02:08:57] [worker #15] Bootstrap tree #976, logLikelihood: -35594.299317
[02:09:53] [worker #5] Bootstrap tree #998, logLikelihood: -35697.935739
[02:09:54] [worker #1] Bootstrap tree #994, logLikelihood: -35570.334774
[02:09:55] [worker #2] Bootstrap tree #995, logLikelihood: -35690.975184
[02:10:02] [worker #3] Bootstrap tree #996, logLikelihood: -35576.301622
[02:10:04] [worker #4] Bootstrap tree #997, logLikelihood: -35525.601658
[02:10:04] [worker #8] Bootstrap tree #985, logLikelihood: -35532.723571
[02:10:04] [worker #11] Bootstrap tree #988, logLikelihood: -35528.254262
[02:10:06] [worker #6] Bootstrap tree #983, logLikelihood: -35327.693172
[02:10:07] [worker #9] Bootstrap tree #986, logLikelihood: -35311.535399
[02:10:08] [worker #0] Bootstrap tree #993, logLikelihood: -35670.147051
[02:10:09] [worker #14] Bootstrap tree #991, logLikelihood: -35435.134858
[02:10:13] [worker #10] Bootstrap tree #987, logLikelihood: -35479.942104
[02:10:17] [worker #13] Bootstrap tree #990, logLikelihood: -35621.114324
[02:10:17] [worker #7] Bootstrap tree #984, logLikelihood: -35412.540632
[02:10:22] [worker #12] Bootstrap tree #989, logLikelihood: -35501.058492
[02:10:27] [worker #15] Bootstrap tree #992, logLikelihood: -35662.395980
[02:11:17] [worker #6] Bootstrap tree #999, logLikelihood: -35739.960052
[02:11:32] [worker #7] Bootstrap tree #1000, logLikelihood: -35664.515127

Optimized model parameters:

   Partition 0: noname
   Rate heterogeneity: GAMMA (4 cats, mean),  alpha: 99.861314 (ML),  weights&rates: (0.250000,0.875822) (0.250000,0.964713) (0.250000,1.029568) (0.250000,1.129898) 
   Base frequencies (ML): 0.191129 0.312200 0.302806 0.193865 
   Substitution rates (ML): 0.969400 2.083420 0.705656 0.095573 2.095849 1.000000 


Final LogLikelihood: -35686.520813

AIC score: 72193.041626 / AICc score: 72276.607210 / BIC score: 74816.758788
Free parameters (model + branch lengths): 410

WARNING: Best ML tree contains 52 near-zero branches!

Best ML tree with collapsed near-zero branches saved to: /home/light/pestis_work/raxml/raxml_final_with_projection_rise386/full_tree_alignment_1000bs_ML_all_production_run_fullqc_projected_pileup_tbe.raxml.bestTreeCollapsed
Best ML tree saved to: /home/light/pestis_work/raxml/raxml_final_with_projection_rise386/full_tree_alignment_1000bs_ML_all_production_run_fullqc_projected_pileup_tbe.raxml.bestTree
All ML trees saved to: /home/light/pestis_work/raxml/raxml_final_with_projection_rise386/full_tree_alignment_1000bs_ML_all_production_run_fullqc_projected_pileup_tbe.raxml.mlTrees
Best ML tree with Transfer bootstrap (TBE) support values saved to: /home/light/pestis_work/raxml/raxml_final_with_projection_rise386/full_tree_alignment_1000bs_ML_all_production_run_fullqc_projected_pileup_tbe.raxml.support
Optimized model saved to: /home/light/pestis_work/raxml/raxml_final_with_projection_rise386/full_tree_alignment_1000bs_ML_all_production_run_fullqc_projected_pileup_tbe.raxml.bestModel
Bootstrap trees saved to: /home/light/pestis_work/raxml/raxml_final_with_projection_rise386/full_tree_alignment_1000bs_ML_all_production_run_fullqc_projected_pileup_tbe.raxml.bootstraps

Execution log saved to: /home/light/pestis_work/raxml/raxml_final_with_projection_rise386/full_tree_alignment_1000bs_ML_all_production_run_fullqc_projected_pileup_tbe.raxml.log

Analysis started: 09-Jan-2025 11:39:07 / finished: 09-Jan-2025 13:50:41

Elapsed time: 7893.536 seconds

