full tree, 1000 bootstraps

RAxML-NG v. 1.1 released on 29.11.2021 by The Exelixis Lab.
Developed by: Alexey M. Kozlov and Alexandros Stamatakis.
Contributors: Diego Darriba, Tomas Flouri, Benoit Morel, Sarah Lutteropp, Ben Bettisworth.
Latest version: https://github.com/amkozlov/raxml-ng
Questions/problems/suggestions? Please visit: https://groups.google.com/forum/#!forum/raxml

System: Intel(R) Xeon(R) CPU E7-8867 v4 @ 2.40GHz, 72 cores, 3023 GB RAM

RAxML-NG was called at 17-Dec-2024 13:12:59 as follows:

raxml-ng --all --threads 64 --msa strand_1_maf_9_heterozygosityAncient_recombinationAll_aidaexclusionsRepeatRNA_minorafcovper95_full_qc_with_projection.fa --outgroup YAC --model GTR+G --prefix full_tree_alignment_1000bs_ML_all_production_run_fullqc_projected_pileup --bs-trees 1000

Analysis options:
  run mode: ML tree search + bootstrapping (Felsenstein Bootstrap)
  start tree(s): random (10) + parsimony (10)
  bootstrap replicates: 1000
  outgroup taxa: YAC
  random seed: 1734437579
  tip-inner: OFF
  pattern compression: ON
  per-rate scalers: OFF
  site repeats: ON
  branch lengths: proportional (ML estimate, algorithm: NR-FAST)
  SIMD kernels: AVX2
  parallelization: coarse-grained (auto), PTHREADS (64 threads), thread pinning: OFF

[00:00:00] Reading alignment from file: strand_1_maf_9_heterozygosityAncient_recombinationAll_aidaexclusionsRepeatRNA_minorafcovper95_full_qc_with_projection.fa
[00:00:00] Loaded alignment with 202 taxa and 4444 sites

Alignment comprises 1 partitions and 4442 patterns

Partition 0: noname
Model: GTR+FO+G4m
Alignment sites / patterns: 4444 / 4442
Gaps: 7.63 %
Invariant sites: 0.00 %


NOTE: Binary MSA file created: full_tree_alignment_1000bs_ML_all_production_run_fullqc_projected_pileup.raxml.rba

Parallelization scheme autoconfig: 16 worker(s) x 4 thread(s)

Parallel reduction/worker buffer size: 1 KB  / 0 KB

[00:00:00] Generating 10 random starting tree(s) with 202 taxa
[00:00:00] Generating 10 parsimony starting tree(s) with 202 taxa
[00:00:00] Data distribution: max. partitions/sites/weight per thread: 1 / 1111 / 17776
[00:00:00] Data distribution: max. searches per worker: 65

Starting ML tree search with 20 distinct starting trees

[00:01:28] [worker #15] ML tree search #16, logLikelihood: -35686.523417
[00:01:28] [worker #10] ML tree search #11, logLikelihood: -35686.524195
[00:01:33] [worker #14] ML tree search #15, logLikelihood: -35686.522008
[00:01:34] [worker #11] ML tree search #12, logLikelihood: -35686.523020
[00:01:38] [worker #13] ML tree search #14, logLikelihood: -35686.522238
[00:01:38] [worker #12] ML tree search #13, logLikelihood: -35686.522673
[00:02:27] [worker #7] ML tree search #8, logLikelihood: -35686.528762
[00:02:27] [worker #9] ML tree search #10, logLikelihood: -35686.523509
[00:02:29] [worker #6] ML tree search #7, logLikelihood: -35686.523302
[00:02:37] [worker #0] ML tree search #1, logLikelihood: -35686.527128
[00:02:40] [worker #3] ML tree search #4, logLikelihood: -35686.522798
[00:02:43] [worker #1] ML tree search #2, logLikelihood: -35686.525336
[00:02:47] [worker #4] ML tree search #5, logLikelihood: -35686.523682
[00:02:49] [worker #5] ML tree search #6, logLikelihood: -35686.523657
[00:02:57] [worker #8] ML tree search #9, logLikelihood: -35686.526910
[00:03:03] [worker #2] ML tree search #3, logLikelihood: -35686.523630
[00:03:51] [worker #3] ML tree search #20, logLikelihood: -35686.524024
[00:03:52] [worker #0] ML tree search #17, logLikelihood: -35686.522051
[00:04:03] [worker #1] ML tree search #18, logLikelihood: -35686.523098
[00:04:20] [worker #2] ML tree search #19, logLikelihood: -35686.524347

[00:04:20] ML tree search completed, best tree logLH: -35686.522008

[00:04:20] Starting bootstrapping analysis with 1000 replicates.

[00:05:51] [worker #15] Bootstrap tree #16, logLikelihood: -35656.955617
[00:05:51] [worker #9] Bootstrap tree #10, logLikelihood: -35493.148027
[00:05:54] [worker #7] Bootstrap tree #8, logLikelihood: -35614.649617
[00:05:54] [worker #5] Bootstrap tree #6, logLikelihood: -35354.549217
[00:05:54] [worker #13] Bootstrap tree #14, logLikelihood: -35474.814234
[00:05:54] [worker #11] Bootstrap tree #12, logLikelihood: -35737.627377
[00:05:56] [worker #2] Bootstrap tree #3, logLikelihood: -35265.958026
[00:05:57] [worker #12] Bootstrap tree #13, logLikelihood: -35782.492693
[00:05:57] [worker #1] Bootstrap tree #2, logLikelihood: -35501.517232
[00:05:58] [worker #14] Bootstrap tree #15, logLikelihood: -35600.447802
[00:05:59] [worker #4] Bootstrap tree #5, logLikelihood: -35591.452836
[00:06:04] [worker #10] Bootstrap tree #11, logLikelihood: -35666.459512
[00:06:06] [worker #3] Bootstrap tree #4, logLikelihood: -35537.546767
[00:06:13] [worker #0] Bootstrap tree #1, logLikelihood: -35611.500941
[00:06:19] [worker #8] Bootstrap tree #9, logLikelihood: -35350.626070
[00:06:22] [worker #6] Bootstrap tree #7, logLikelihood: -35554.252711
[00:07:29] [worker #4] Bootstrap tree #21, logLikelihood: -35329.768972
[00:07:31] [worker #5] Bootstrap tree #22, logLikelihood: -35587.868253
[00:07:32] [worker #15] Bootstrap tree #32, logLikelihood: -35550.592032
[00:07:32] [worker #13] Bootstrap tree #30, logLikelihood: -35293.035447
[00:07:32] [worker #12] Bootstrap tree #29, logLikelihood: -35493.225855
[00:07:36] [worker #11] Bootstrap tree #28, logLikelihood: -35455.710667
[00:07:38] [worker #2] Bootstrap tree #19, logLikelihood: -35581.097785
[00:07:40] [worker #1] Bootstrap tree #18, logLikelihood: -35558.015672
[00:07:40] [worker #9] Bootstrap tree #26, logLikelihood: -35604.858862
[00:07:41] [worker #10] Bootstrap tree #27, logLikelihood: -35516.916404
[00:07:45] [worker #7] Bootstrap tree #24, logLikelihood: -35412.259879
[00:07:45] [worker #0] Bootstrap tree #17, logLikelihood: -35819.882959
[00:07:50] [worker #14] Bootstrap tree #31, logLikelihood: -35556.818465
[00:07:55] [worker #6] Bootstrap tree #23, logLikelihood: -35444.890138
[00:08:06] [worker #8] Bootstrap tree #25, logLikelihood: -35528.585089
[00:08:10] [worker #3] Bootstrap tree #20, logLikelihood: -35440.266456
[00:08:57] [worker #15] Bootstrap tree #48, logLikelihood: -35248.286638
[00:08:58] [worker #4] Bootstrap tree #37, logLikelihood: -35521.178862
[00:09:05] [worker #13] Bootstrap tree #46, logLikelihood: -35450.340088
[00:09:05] [worker #12] Bootstrap tree #45, logLikelihood: -35725.745427
[00:09:09] [worker #11] Bootstrap tree #44, logLikelihood: -35454.748252
[00:09:12] [worker #5] Bootstrap tree #38, logLikelihood: -35419.310160
[00:09:14] [worker #2] Bootstrap tree #35, logLikelihood: -35642.416785
[00:09:17] [worker #9] Bootstrap tree #42, logLikelihood: -35406.360688
[00:09:18] [worker #1] Bootstrap tree #34, logLikelihood: -35681.343511
[00:09:22] [worker #0] Bootstrap tree #33, logLikelihood: -35702.654999
[00:09:24] [worker #7] Bootstrap tree #40, logLikelihood: -35550.566517
[00:09:25] [worker #6] Bootstrap tree #39, logLikelihood: -35425.566061
[00:09:25] [worker #14] Bootstrap tree #47, logLikelihood: -35400.351194
[00:09:35] [worker #10] Bootstrap tree #43, logLikelihood: -35518.332744
[00:09:39] [worker #8] Bootstrap tree #41, logLikelihood: -35653.231474
[00:09:42] [worker #3] Bootstrap tree #36, logLikelihood: -35452.485660
[00:10:32] [worker #1] Bootstrap tree #50, logLikelihood: -35548.831448
[00:10:36] [worker #0] Bootstrap tree #49, logLikelihood: -35859.762832
[00:12:10] [worker #1] Bootstrap tree #66, logLikelihood: -35384.823842
[00:12:10] [worker #2] Bootstrap tree #51, logLikelihood: -35597.317688
[00:12:21] [worker #4] Bootstrap tree #53, logLikelihood: -35347.024419
[00:12:26] [worker #10] Bootstrap tree #59, logLikelihood: -35473.869186
[00:12:27] [worker #9] Bootstrap tree #58, logLikelihood: -35432.055521
[00:12:27] [worker #14] Bootstrap tree #63, logLikelihood: -35519.632329
[00:12:30] [worker #5] Bootstrap tree #54, logLikelihood: -35444.159665
[00:12:30] [worker #15] Bootstrap tree #64, logLikelihood: -35399.060760
[00:12:31] [worker #3] Bootstrap tree #52, logLikelihood: -35631.168523
[00:12:33] [worker #6] Bootstrap tree #55, logLikelihood: -35623.007472
[00:12:34] [worker #8] Bootstrap tree #57, logLikelihood: -35529.770450
[00:12:37] [worker #12] Bootstrap tree #61, logLikelihood: -35648.494864
[00:12:37] [worker #11] Bootstrap tree #60, logLikelihood: -35611.206198
[00:12:42] [worker #7] Bootstrap tree #56, logLikelihood: -35616.701219
[00:12:49] [worker #0] Bootstrap tree #65, logLikelihood: -35683.402964
[00:12:53] [worker #13] Bootstrap tree #62, logLikelihood: -35445.365454
[00:13:38] [worker #1] Bootstrap tree #82, logLikelihood: -35655.908820
[00:13:50] [worker #2] Bootstrap tree #67, logLikelihood: -35486.630843
[00:13:52] [worker #9] Bootstrap tree #74, logLikelihood: -35423.562917
[00:13:57] [worker #4] Bootstrap tree #69, logLikelihood: -35710.577294
[00:14:01] [worker #10] Bootstrap tree #75, logLikelihood: -35492.489686
[00:14:02] [worker #6] Bootstrap tree #71, logLikelihood: -35653.577777
[00:14:02] [worker #5] Bootstrap tree #70, logLikelihood: -35826.783846
[00:14:04] [worker #15] Bootstrap tree #80, logLikelihood: -35396.412234
[00:14:08] [worker #14] Bootstrap tree #79, logLikelihood: -35549.575480
[00:14:09] [worker #8] Bootstrap tree #73, logLikelihood: -35422.080918
[00:14:09] [worker #3] Bootstrap tree #68, logLikelihood: -35415.222652
[00:14:10] [worker #12] Bootstrap tree #77, logLikelihood: -35403.184759
[00:14:12] [worker #11] Bootstrap tree #76, logLikelihood: -35543.437744
[00:14:17] [worker #0] Bootstrap tree #81, logLikelihood: -35578.684471
[00:14:18] [worker #7] Bootstrap tree #72, logLikelihood: -35387.618787
[00:14:27] [worker #13] Bootstrap tree #78, logLikelihood: -35420.156221
[00:15:17] [worker #1] Bootstrap tree #98, logLikelihood: -35520.980941
[00:15:30] [worker #2] Bootstrap tree #83, logLikelihood: -35511.607546
[00:15:30] [worker #4] Bootstrap tree #85, logLikelihood: -35498.638027
[00:15:36] [worker #10] Bootstrap tree #91, logLikelihood: -35534.987155
[00:15:37] [worker #5] Bootstrap tree #86, logLikelihood: -35356.289844
[00:15:37] [worker #3] Bootstrap tree #84, logLikelihood: -35503.546994
[00:15:39] [worker #12] Bootstrap tree #93, logLikelihood: -35435.206833
[00:15:41] [worker #9] Bootstrap tree #90, logLikelihood: -35551.042687
[00:15:43] [worker #15] Bootstrap tree #96, logLikelihood: -35824.450473
[00:15:45] [worker #11] Bootstrap tree #92, logLikelihood: -35516.504227
[00:15:48] [worker #0] Bootstrap tree #97, logLikelihood: -35465.651646
[00:15:49] [worker #14] Bootstrap tree #95, logLikelihood: -35663.633286
[00:15:51] [worker #6] Bootstrap tree #87, logLikelihood: -35497.349418
[00:15:58] [worker #8] Bootstrap tree #89, logLikelihood: -35379.743828
[00:15:58] [worker #13] Bootstrap tree #94, logLikelihood: -35423.641023
[00:16:01] [worker #7] Bootstrap tree #88, logLikelihood: -35671.941404
[00:16:59] [worker #2] Bootstrap tree #99, logLikelihood: -35663.617042
[00:17:02] [worker #3] Bootstrap tree #100, logLikelihood: -35460.074206
[00:18:33] [worker #5] Bootstrap tree #102, logLikelihood: -35329.628805
[00:18:36] [worker #15] Bootstrap tree #112, logLikelihood: -35337.034252
[00:18:37] [worker #10] Bootstrap tree #107, logLikelihood: -35525.058910
[00:18:39] [worker #6] Bootstrap tree #103, logLikelihood: -35440.717708
[00:18:39] [worker #0] Bootstrap tree #113, logLikelihood: -35569.571657
[00:18:39] [worker #9] Bootstrap tree #106, logLikelihood: -35330.811727
[00:18:40] [worker #14] Bootstrap tree #111, logLikelihood: -35417.239831
[00:18:40] [worker #2] Bootstrap tree #115, logLikelihood: -35536.522091
[00:18:43] [worker #13] Bootstrap tree #110, logLikelihood: -35281.431274
[00:18:43] [worker #12] Bootstrap tree #109, logLikelihood: -35607.259861
[00:18:45] [worker #1] Bootstrap tree #114, logLikelihood: -35675.183257
[00:18:47] [worker #8] Bootstrap tree #105, logLikelihood: -35446.708636
[00:18:48] [worker #11] Bootstrap tree #108, logLikelihood: -35760.425094
[00:18:50] [worker #3] Bootstrap tree #116, logLikelihood: -35425.412260
[00:18:56] [worker #7] Bootstrap tree #104, logLikelihood: -35535.304787
[00:19:00] [worker #4] Bootstrap tree #101, logLikelihood: -35630.895895
[00:20:09] [worker #15] Bootstrap tree #128, logLikelihood: -35515.440488
[00:20:13] [worker #1] Bootstrap tree #130, logLikelihood: -35817.503631
[00:20:14] [worker #9] Bootstrap tree #122, logLikelihood: -35778.691723
[00:20:16] [worker #2] Bootstrap tree #131, logLikelihood: -35451.779324
[00:20:18] [worker #8] Bootstrap tree #121, logLikelihood: -35734.608203
[00:20:19] [worker #11] Bootstrap tree #124, logLikelihood: -35539.053630
[00:20:23] [worker #0] Bootstrap tree #129, logLikelihood: -35793.637255
[00:20:25] [worker #10] Bootstrap tree #123, logLikelihood: -35157.757507
[00:20:25] [worker #6] Bootstrap tree #119, logLikelihood: -35508.479980
[00:20:27] [worker #12] Bootstrap tree #125, logLikelihood: -35764.901269
[00:20:30] [worker #5] Bootstrap tree #118, logLikelihood: -35826.866313
[00:20:31] [worker #3] Bootstrap tree #132, logLikelihood: -35523.700806
[00:20:32] [worker #14] Bootstrap tree #127, logLikelihood: -35663.036888
[00:20:33] [worker #4] Bootstrap tree #117, logLikelihood: -35404.194689
[00:20:36] [worker #7] Bootstrap tree #120, logLikelihood: -35710.612131
[00:20:38] [worker #13] Bootstrap tree #126, logLikelihood: -35541.010358
[00:21:34] [worker #15] Bootstrap tree #144, logLikelihood: -35414.043117
[00:21:36] [worker #1] Bootstrap tree #146, logLikelihood: -35710.450136
[00:21:46] [worker #2] Bootstrap tree #147, logLikelihood: -35704.787685
[00:21:52] [worker #8] Bootstrap tree #137, logLikelihood: -35749.268364
[00:21:55] [worker #12] Bootstrap tree #141, logLikelihood: -35468.602700
[00:21:58] [worker #0] Bootstrap tree #145, logLikelihood: -35422.812352
[00:21:59] [worker #9] Bootstrap tree #138, logLikelihood: -35625.371251
[00:22:00] [worker #5] Bootstrap tree #134, logLikelihood: -35670.513937
[00:22:00] [worker #10] Bootstrap tree #139, logLikelihood: -35419.087482
[00:22:02] [worker #11] Bootstrap tree #140, logLikelihood: -35596.241142
[00:22:04] [worker #6] Bootstrap tree #135, logLikelihood: -35470.978204
[00:22:04] [worker #4] Bootstrap tree #133, logLikelihood: -35534.176383
[00:22:05] [worker #14] Bootstrap tree #143, logLikelihood: -35522.116521
[00:22:09] [worker #3] Bootstrap tree #148, logLikelihood: -35413.681877
[00:22:11] [worker #13] Bootstrap tree #142, logLikelihood: -35533.829799
[00:22:13] [worker #7] Bootstrap tree #136, logLikelihood: -35731.175913
[00:23:11] [worker #5] Bootstrap tree #150, logLikelihood: -35569.969054
[00:23:19] [worker #4] Bootstrap tree #149, logLikelihood: -35524.724655
[00:24:46] [worker #5] Bootstrap tree #166, logLikelihood: -35569.084064
[00:24:51] [worker #3] Bootstrap tree #164, logLikelihood: -35347.092254
[00:24:54] [worker #15] Bootstrap tree #160, logLikelihood: -35365.994399
[00:24:55] [worker #13] Bootstrap tree #158, logLikelihood: -35495.455548
[00:24:55] [worker #2] Bootstrap tree #163, logLikelihood: -35481.057136
[00:24:56] [worker #12] Bootstrap tree #157, logLikelihood: -35663.918268
[00:24:56] [worker #0] Bootstrap tree #161, logLikelihood: -35471.812823
[00:24:57] [worker #14] Bootstrap tree #159, logLikelihood: -35374.122155
[00:24:57] [worker #4] Bootstrap tree #165, logLikelihood: -35601.643074
[00:24:59] [worker #1] Bootstrap tree #162, logLikelihood: -35632.611190
[00:25:02] [worker #10] Bootstrap tree #155, logLikelihood: -35480.861204
[00:25:03] [worker #7] Bootstrap tree #152, logLikelihood: -35647.941914
[00:25:05] [worker #9] Bootstrap tree #154, logLikelihood: -35505.735364
[00:25:10] [worker #11] Bootstrap tree #156, logLikelihood: -35709.212704
[00:25:16] [worker #8] Bootstrap tree #153, logLikelihood: -35634.581571
[00:25:21] [worker #6] Bootstrap tree #151, logLikelihood: -35363.934047
[00:26:13] [worker #5] Bootstrap tree #182, logLikelihood: -35530.870003
[00:26:31] [worker #13] Bootstrap tree #174, logLikelihood: -35469.024150
[00:26:32] [worker #12] Bootstrap tree #173, logLikelihood: -35625.431936
[00:26:33] [worker #2] Bootstrap tree #179, logLikelihood: -35552.040170
[00:26:33] [worker #1] Bootstrap tree #178, logLikelihood: -35639.203403
[00:26:39] [worker #3] Bootstrap tree #180, logLikelihood: -35515.029971
[00:26:39] [worker #11] Bootstrap tree #172, logLikelihood: -35430.903965
[00:26:39] [worker #4] Bootstrap tree #181, logLikelihood: -35518.544040
[00:26:45] [worker #10] Bootstrap tree #171, logLikelihood: -35691.410865
[00:26:47] [worker #0] Bootstrap tree #177, logLikelihood: -35367.124962
[00:26:47] [worker #14] Bootstrap tree #175, logLikelihood: -35591.554591
[00:26:54] [worker #15] Bootstrap tree #176, logLikelihood: -35729.450062
[00:26:56] [worker #7] Bootstrap tree #168, logLikelihood: -35385.774578
[00:26:56] [worker #6] Bootstrap tree #167, logLikelihood: -35679.776001
[00:26:57] [worker #9] Bootstrap tree #170, logLikelihood: -35617.494373
[00:26:58] [worker #8] Bootstrap tree #169, logLikelihood: -35414.287996
[00:27:46] [worker #5] Bootstrap tree #198, logLikelihood: -35513.587281
[00:28:04] [worker #1] Bootstrap tree #194, logLikelihood: -35548.361714
[00:28:07] [worker #12] Bootstrap tree #189, logLikelihood: -35848.798721
[00:28:08] [worker #13] Bootstrap tree #190, logLikelihood: -35570.960639
[00:28:08] [worker #2] Bootstrap tree #195, logLikelihood: -35630.865468
[00:28:12] [worker #3] Bootstrap tree #196, logLikelihood: -35350.643424
[00:28:16] [worker #11] Bootstrap tree #188, logLikelihood: -35616.456244
[00:28:16] [worker #4] Bootstrap tree #197, logLikelihood: -35471.321443
[00:28:19] [worker #0] Bootstrap tree #193, logLikelihood: -35408.699618
[00:28:20] [worker #10] Bootstrap tree #187, logLikelihood: -35602.797192
[00:28:24] [worker #14] Bootstrap tree #191, logLikelihood: -35636.691562
[00:28:30] [worker #15] Bootstrap tree #192, logLikelihood: -35377.397934
[00:28:31] [worker #8] Bootstrap tree #185, logLikelihood: -35810.415544
[00:28:37] [worker #9] Bootstrap tree #186, logLikelihood: -35369.738057
[00:28:37] [worker #6] Bootstrap tree #183, logLikelihood: -35640.892602
[00:28:43] [worker #7] Bootstrap tree #184, logLikelihood: -35529.032015
[00:29:50] [worker #6] Bootstrap tree #199, logLikelihood: -35418.764912
[00:29:54] [worker #7] Bootstrap tree #200, logLikelihood: -35365.442742
[00:31:31] [worker #1] Bootstrap tree #210, logLikelihood: -35673.804400
[00:31:32] [worker #15] Bootstrap tree #208, logLikelihood: -35910.549767
[00:31:33] [worker #8] Bootstrap tree #201, logLikelihood: -35599.810900
[00:31:34] [worker #3] Bootstrap tree #212, logLikelihood: -35447.953753
[00:31:35] [worker #12] Bootstrap tree #205, logLikelihood: -35371.183944
[00:31:36] [worker #0] Bootstrap tree #209, logLikelihood: -35750.930313
[00:31:36] [worker #7] Bootstrap tree #216, logLikelihood: -35437.384590
[00:31:37] [worker #4] Bootstrap tree #213, logLikelihood: -35598.782530
[00:31:38] [worker #10] Bootstrap tree #203, logLikelihood: -35593.189255
[00:31:39] [worker #13] Bootstrap tree #206, logLikelihood: -35364.151145
[00:31:39] [worker #11] Bootstrap tree #204, logLikelihood: -35603.349251
[00:31:40] [worker #6] Bootstrap tree #215, logLikelihood: -35602.039030
[00:31:41] [worker #2] Bootstrap tree #211, logLikelihood: -35667.852954
[00:31:42] [worker #9] Bootstrap tree #202, logLikelihood: -35804.183606
[00:31:43] [worker #14] Bootstrap tree #207, logLikelihood: -35604.190987
[00:31:44] [worker #5] Bootstrap tree #214, logLikelihood: -35700.486906
[00:33:02] [worker #1] Bootstrap tree #226, logLikelihood: -35697.228717
[00:33:06] [worker #0] Bootstrap tree #225, logLikelihood: -35560.254240
[00:33:09] [worker #10] Bootstrap tree #219, logLikelihood: -35402.323004
[00:33:13] [worker #8] Bootstrap tree #217, logLikelihood: -35428.580784
[00:33:13] [worker #14] Bootstrap tree #223, logLikelihood: -35486.715828
[00:33:14] [worker #13] Bootstrap tree #222, logLikelihood: -35494.196544
[00:33:15] [worker #2] Bootstrap tree #227, logLikelihood: -35446.217352
[00:33:15] [worker #4] Bootstrap tree #229, logLikelihood: -35218.342272
[00:33:16] [worker #5] Bootstrap tree #230, logLikelihood: -35559.817932
[00:33:20] [worker #12] Bootstrap tree #221, logLikelihood: -35401.986479
[00:33:20] [worker #11] Bootstrap tree #220, logLikelihood: -35547.026037
[00:33:22] [worker #3] Bootstrap tree #228, logLikelihood: -35268.092188
[00:33:24] [worker #15] Bootstrap tree #224, logLikelihood: -35604.032204
[00:33:26] [worker #7] Bootstrap tree #232, logLikelihood: -35581.702862
[00:33:30] [worker #9] Bootstrap tree #218, logLikelihood: -35437.524588
[00:33:31] [worker #6] Bootstrap tree #231, logLikelihood: -35609.868471
[00:34:37] [worker #1] Bootstrap tree #242, logLikelihood: -35413.556465
[00:34:41] [worker #8] Bootstrap tree #233, logLikelihood: -35511.181925
[00:34:43] [worker #0] Bootstrap tree #241, logLikelihood: -35586.483279
[00:34:46] [worker #2] Bootstrap tree #243, logLikelihood: -35300.989454
[00:34:49] [worker #4] Bootstrap tree #245, logLikelihood: -35263.504700
[00:34:50] [worker #13] Bootstrap tree #238, logLikelihood: -35189.710963
[00:34:52] [worker #11] Bootstrap tree #236, logLikelihood: -35462.658502
[00:34:52] [worker #10] Bootstrap tree #235, logLikelihood: -35629.858289
[00:34:57] [worker #5] Bootstrap tree #246, logLikelihood: -35414.425672
[00:34:59] [worker #15] Bootstrap tree #240, logLikelihood: -35455.418825
[00:34:59] [worker #7] Bootstrap tree #248, logLikelihood: -35342.864235
[00:35:00] [worker #12] Bootstrap tree #237, logLikelihood: -35228.308772
[00:35:03] [worker #14] Bootstrap tree #239, logLikelihood: -35627.434754
[00:35:04] [worker #9] Bootstrap tree #234, logLikelihood: -35689.780637
[00:35:07] [worker #6] Bootstrap tree #247, logLikelihood: -35659.596889
[00:35:09] [worker #3] Bootstrap tree #244, logLikelihood: -35698.163280
[00:35:58] [worker #8] Bootstrap tree #249, logLikelihood: -35409.403813
[00:36:13] [worker #9] Bootstrap tree #250, logLikelihood: -35378.731611
[00:37:45] [worker #15] Bootstrap tree #256, logLikelihood: -35247.937773
[00:37:45] [worker #2] Bootstrap tree #259, logLikelihood: -35345.335919
[00:37:46] [worker #10] Bootstrap tree #251, logLikelihood: -35575.685639
[00:37:47] [worker #5] Bootstrap tree #262, logLikelihood: -35475.323874
[00:37:47] [worker #9] Bootstrap tree #266, logLikelihood: -35598.888842
[00:37:48] [worker #7] Bootstrap tree #264, logLikelihood: -35329.430858
[00:37:49] [worker #0] Bootstrap tree #257, logLikelihood: -35491.197897
[00:37:50] [worker #4] Bootstrap tree #261, logLikelihood: -35728.404718
[00:37:52] [worker #11] Bootstrap tree #252, logLikelihood: -35445.419829
[00:37:52] [worker #1] Bootstrap tree #258, logLikelihood: -35684.041565
[00:37:52] [worker #14] Bootstrap tree #255, logLikelihood: -35744.595838
[00:37:54] [worker #6] Bootstrap tree #263, logLikelihood: -35558.671724
[00:37:55] [worker #12] Bootstrap tree #253, logLikelihood: -35580.451325
[00:37:57] [worker #3] Bootstrap tree #260, logLikelihood: -35572.867925
[00:38:00] [worker #8] Bootstrap tree #265, logLikelihood: -35501.657224
[00:38:18] [worker #13] Bootstrap tree #254, logLikelihood: -35406.581310
[00:39:15] [worker #9] Bootstrap tree #282, logLikelihood: -35506.282031
[00:39:24] [worker #2] Bootstrap tree #275, logLikelihood: -35515.489512
[00:39:25] [worker #0] Bootstrap tree #273, logLikelihood: -35496.820211
[00:39:26] [worker #15] Bootstrap tree #272, logLikelihood: -35593.745503
[00:39:30] [worker #4] Bootstrap tree #277, logLikelihood: -35534.653065
[00:39:33] [worker #12] Bootstrap tree #269, logLikelihood: -35658.186852
[00:39:33] [worker #10] Bootstrap tree #267, logLikelihood: -35629.266869
[00:39:36] [worker #11] Bootstrap tree #268, logLikelihood: -35560.378933
[00:39:36] [worker #5] Bootstrap tree #278, logLikelihood: -35565.222621
[00:39:37] [worker #8] Bootstrap tree #281, logLikelihood: -35492.129421
[00:39:38] [worker #7] Bootstrap tree #280, logLikelihood: -35637.089287
[00:39:44] [worker #14] Bootstrap tree #271, logLikelihood: -35585.332096
[00:39:45] [worker #13] Bootstrap tree #270, logLikelihood: -35404.434331
[00:39:47] [worker #3] Bootstrap tree #276, logLikelihood: -35362.267728
[00:39:50] [worker #6] Bootstrap tree #279, logLikelihood: -35272.191109
[00:39:55] [worker #1] Bootstrap tree #274, logLikelihood: -35390.649972
[00:41:00] [worker #15] Bootstrap tree #288, logLikelihood: -35430.254475
[00:41:04] [worker #10] Bootstrap tree #283, logLikelihood: -35581.942190
[00:41:04] [worker #2] Bootstrap tree #291, logLikelihood: -35440.862205
[00:41:05] [worker #0] Bootstrap tree #289, logLikelihood: -35529.430717
[00:41:06] [worker #9] Bootstrap tree #298, logLikelihood: -35822.962238
[00:41:10] [worker #5] Bootstrap tree #294, logLikelihood: -35886.204888
[00:41:12] [worker #4] Bootstrap tree #293, logLikelihood: -35502.725716
[00:41:13] [worker #13] Bootstrap tree #286, logLikelihood: -35648.565524
[00:41:14] [worker #14] Bootstrap tree #287, logLikelihood: -35544.270562
[00:41:16] [worker #7] Bootstrap tree #296, logLikelihood: -35218.082322
[00:41:17] [worker #8] Bootstrap tree #297, logLikelihood: -35593.481617
[00:41:21] [worker #6] Bootstrap tree #295, logLikelihood: -35402.175544
[00:41:25] [worker #3] Bootstrap tree #292, logLikelihood: -35612.165570
[00:41:25] [worker #12] Bootstrap tree #285, logLikelihood: -35390.216997
[00:41:29] [worker #11] Bootstrap tree #284, logLikelihood: -35618.904683
[00:41:29] [worker #1] Bootstrap tree #290, logLikelihood: -35451.315027
[00:42:30] [worker #10] Bootstrap tree #299, logLikelihood: -35451.703802
[00:42:47] [worker #11] Bootstrap tree #300, logLikelihood: -35315.449726
[00:44:18] [worker #4] Bootstrap tree #309, logLikelihood: -35606.598086
[00:44:19] [worker #14] Bootstrap tree #303, logLikelihood: -35524.366494
[00:44:22] [worker #7] Bootstrap tree #312, logLikelihood: -35650.482068
[00:44:22] [worker #5] Bootstrap tree #310, logLikelihood: -35345.487300
[00:44:23] [worker #2] Bootstrap tree #307, logLikelihood: -35562.125528
[00:44:23] [worker #10] Bootstrap tree #315, logLikelihood: -35648.068319
[00:44:26] [worker #0] Bootstrap tree #305, logLikelihood: -35461.119849
[00:44:28] [worker #15] Bootstrap tree #304, logLikelihood: -35519.869121
[00:44:30] [worker #1] Bootstrap tree #306, logLikelihood: -35341.272342
[00:44:30] [worker #8] Bootstrap tree #313, logLikelihood: -35421.323585
[00:44:33] [worker #3] Bootstrap tree #308, logLikelihood: -35672.392858
[00:44:35] [worker #9] Bootstrap tree #314, logLikelihood: -35401.849266
[00:44:37] [worker #6] Bootstrap tree #311, logLikelihood: -35550.687739
[00:44:43] [worker #12] Bootstrap tree #301, logLikelihood: -35637.755759
[00:44:43] [worker #13] Bootstrap tree #302, logLikelihood: -35457.927320
[00:44:48] [worker #11] Bootstrap tree #316, logLikelihood: -35737.844058
[00:45:51] [worker #4] Bootstrap tree #325, logLikelihood: -35555.746402
[00:45:52] [worker #14] Bootstrap tree #319, logLikelihood: -35477.559529
[00:45:53] [worker #10] Bootstrap tree #331, logLikelihood: -35453.805586
[00:45:53] [worker #2] Bootstrap tree #323, logLikelihood: -35316.198440
[00:45:54] [worker #15] Bootstrap tree #320, logLikelihood: -35699.043997
[00:45:54] [worker #1] Bootstrap tree #322, logLikelihood: -35482.285502
[00:45:59] [worker #5] Bootstrap tree #326, logLikelihood: -35761.239453
[00:46:10] [worker #8] Bootstrap tree #329, logLikelihood: -35540.107722
[00:46:11] [worker #7] Bootstrap tree #328, logLikelihood: -35554.279540
[00:46:13] [worker #3] Bootstrap tree #324, logLikelihood: -35511.357429
[00:46:13] [worker #9] Bootstrap tree #330, logLikelihood: -35396.933888
[00:46:21] [worker #0] Bootstrap tree #321, logLikelihood: -35442.320594
[00:46:21] [worker #12] Bootstrap tree #317, logLikelihood: -35364.839503
[00:46:28] [worker #11] Bootstrap tree #332, logLikelihood: -35549.125401
[00:46:30] [worker #6] Bootstrap tree #327, logLikelihood: -35700.975263
[00:46:36] [worker #13] Bootstrap tree #318, logLikelihood: -35481.618859
[00:47:22] [worker #1] Bootstrap tree #338, logLikelihood: -35288.302771
[00:47:23] [worker #10] Bootstrap tree #347, logLikelihood: -35577.770762
[00:47:24] [worker #2] Bootstrap tree #339, logLikelihood: -35654.552551
[00:47:27] [worker #5] Bootstrap tree #342, logLikelihood: -35482.849692
[00:47:29] [worker #14] Bootstrap tree #335, logLikelihood: -35592.466565
[00:47:33] [worker #7] Bootstrap tree #344, logLikelihood: -35530.897663
[00:47:34] [worker #15] Bootstrap tree #336, logLikelihood: -35331.115589
[00:47:40] [worker #8] Bootstrap tree #345, logLikelihood: -35441.234120
[00:47:43] [worker #9] Bootstrap tree #346, logLikelihood: -35400.183925
[00:47:45] [worker #12] Bootstrap tree #333, logLikelihood: -35623.067002
[00:47:50] [worker #4] Bootstrap tree #341, logLikelihood: -35495.023881
[00:47:55] [worker #3] Bootstrap tree #340, logLikelihood: -35596.136938
[00:47:59] [worker #6] Bootstrap tree #343, logLikelihood: -35381.767700
[00:48:02] [worker #0] Bootstrap tree #337, logLikelihood: -35588.020510
[00:48:08] [worker #13] Bootstrap tree #334, logLikelihood: -35547.530467
[00:48:11] [worker #11] Bootstrap tree #348, logLikelihood: -35340.317270
[00:48:58] [worker #12] Bootstrap tree #349, logLikelihood: -35519.912839
[00:49:27] [worker #13] Bootstrap tree #350, logLikelihood: -35383.820189
[00:51:00] [worker #12] Bootstrap tree #365, logLikelihood: -35460.301646
[00:51:02] [worker #2] Bootstrap tree #355, logLikelihood: -35538.616889
[00:51:02] [worker #9] Bootstrap tree #362, logLikelihood: -35604.568505
[00:51:04] [worker #6] Bootstrap tree #359, logLikelihood: -35293.710721
[00:51:06] [worker #1] Bootstrap tree #354, logLikelihood: -35207.917695
[00:51:06] [worker #7] Bootstrap tree #360, logLikelihood: -35498.572263
[00:51:09] [worker #4] Bootstrap tree #357, logLikelihood: -35531.862598
[00:51:10] [worker #8] Bootstrap tree #361, logLikelihood: -35362.659747
[00:51:12] [worker #14] Bootstrap tree #351, logLikelihood: -35423.128117
[00:51:13] [worker #0] Bootstrap tree #353, logLikelihood: -35595.742781
[00:51:14] [worker #10] Bootstrap tree #363, logLikelihood: -35422.122595
[00:51:14] [worker #5] Bootstrap tree #358, logLikelihood: -35533.988028
[00:51:20] [worker #15] Bootstrap tree #352, logLikelihood: -35331.124081
[00:51:20] [worker #11] Bootstrap tree #364, logLikelihood: -35603.327064
[00:51:26] [worker #3] Bootstrap tree #356, logLikelihood: -35633.626201
[00:51:37] [worker #13] Bootstrap tree #366, logLikelihood: -35609.434356
[00:52:34] [worker #2] Bootstrap tree #371, logLikelihood: -35543.903793
[00:52:35] [worker #12] Bootstrap tree #381, logLikelihood: -35346.980445
[00:52:35] [worker #7] Bootstrap tree #376, logLikelihood: -35533.916884
[00:52:40] [worker #9] Bootstrap tree #378, logLikelihood: -35393.106161
[00:52:41] [worker #6] Bootstrap tree #375, logLikelihood: -35683.094800
[00:52:41] [worker #1] Bootstrap tree #370, logLikelihood: -35501.648628
[00:52:43] [worker #4] Bootstrap tree #373, logLikelihood: -35690.301203
[00:52:48] [worker #14] Bootstrap tree #367, logLikelihood: -35656.685978
[00:52:51] [worker #8] Bootstrap tree #377, logLikelihood: -35497.017964
[00:52:52] [worker #11] Bootstrap tree #380, logLikelihood: -35442.966167
[00:52:58] [worker #0] Bootstrap tree #369, logLikelihood: -35527.258816
[00:53:02] [worker #5] Bootstrap tree #374, logLikelihood: -35911.782144
[00:53:05] [worker #10] Bootstrap tree #379, logLikelihood: -35543.338797
[00:53:13] [worker #15] Bootstrap tree #368, logLikelihood: -35512.646151
[00:53:14] [worker #13] Bootstrap tree #382, logLikelihood: -35466.087465
[00:53:20] [worker #3] Bootstrap tree #372, logLikelihood: -35893.210403
[00:54:06] [worker #12] Bootstrap tree #397, logLikelihood: -35494.495668
[00:54:15] [worker #7] Bootstrap tree #392, logLikelihood: -35650.746659
[00:54:15] [worker #1] Bootstrap tree #386, logLikelihood: -35644.615192
[00:54:17] [worker #6] Bootstrap tree #391, logLikelihood: -35479.688024
[00:54:22] [worker #9] Bootstrap tree #394, logLikelihood: -35437.412666
[00:54:27] [worker #11] Bootstrap tree #396, logLikelihood: -35668.434833
[00:54:32] [worker #5] Bootstrap tree #390, logLikelihood: -35476.542157
[00:54:33] [worker #2] Bootstrap tree #387, logLikelihood: -35426.821789
[00:54:34] [worker #14] Bootstrap tree #383, logLikelihood: -35540.718311
[00:54:36] [worker #4] Bootstrap tree #389, logLikelihood: -35558.191089
[00:54:37] [worker #0] Bootstrap tree #385, logLikelihood: -35376.531312
[00:54:37] [worker #10] Bootstrap tree #395, logLikelihood: -35503.567945
[00:54:42] [worker #8] Bootstrap tree #393, logLikelihood: -35479.168420
[00:54:44] [worker #15] Bootstrap tree #384, logLikelihood: -35584.065145
[00:54:45] [worker #13] Bootstrap tree #398, logLikelihood: -35647.732706
[00:54:47] [worker #3] Bootstrap tree #388, logLikelihood: -35563.516505
[00:55:56] [worker #14] Bootstrap tree #399, logLikelihood: -35420.858626
[00:55:58] [worker #15] Bootstrap tree #400, logLikelihood: -35299.534604
[00:57:25] [worker #1] Bootstrap tree #402, logLikelihood: -35469.943636
[00:57:30] [worker #7] Bootstrap tree #408, logLikelihood: -35507.791460
[00:57:30] [worker #3] Bootstrap tree #404, logLikelihood: -35524.267187
[00:57:31] [worker #0] Bootstrap tree #401, logLikelihood: -35759.298378
[00:57:32] [worker #5] Bootstrap tree #406, logLikelihood: -35583.813645
[00:57:32] [worker #9] Bootstrap tree #410, logLikelihood: -35547.441943
[00:57:34] [worker #12] Bootstrap tree #413, logLikelihood: -35725.844950
[00:57:36] [worker #2] Bootstrap tree #403, logLikelihood: -35512.828365
[00:57:38] [worker #13] Bootstrap tree #414, logLikelihood: -35360.800222
[00:57:39] [worker #6] Bootstrap tree #407, logLikelihood: -35363.652616
[00:57:39] [worker #10] Bootstrap tree #411, logLikelihood: -35610.155372
[00:57:40] [worker #11] Bootstrap tree #412, logLikelihood: -35555.215444
[00:57:41] [worker #8] Bootstrap tree #409, logLikelihood: -35476.708835
[00:57:42] [worker #4] Bootstrap tree #405, logLikelihood: -35595.646661
[00:57:44] [worker #15] Bootstrap tree #416, logLikelihood: -35358.687817
[00:57:51] [worker #14] Bootstrap tree #415, logLikelihood: -35696.740971
[00:58:57] [worker #1] Bootstrap tree #418, logLikelihood: -35430.602007
[00:59:01] [worker #3] Bootstrap tree #420, logLikelihood: -35579.737738
[00:59:03] [worker #2] Bootstrap tree #419, logLikelihood: -35499.774900
[00:59:13] [worker #9] Bootstrap tree #426, logLikelihood: -35362.527643
[00:59:14] [worker #12] Bootstrap tree #429, logLikelihood: -35453.023019
[00:59:15] [worker #7] Bootstrap tree #424, logLikelihood: -35506.525928
[00:59:15] [worker #8] Bootstrap tree #425, logLikelihood: -35405.118022
[00:59:17] [worker #4] Bootstrap tree #421, logLikelihood: -35410.727361
[00:59:17] [worker #11] Bootstrap tree #428, logLikelihood: -35187.056128
[00:59:17] [worker #5] Bootstrap tree #422, logLikelihood: -35170.005121
[00:59:26] [worker #15] Bootstrap tree #432, logLikelihood: -35441.235544
[00:59:27] [worker #14] Bootstrap tree #431, logLikelihood: -35552.603490
[00:59:27] [worker #0] Bootstrap tree #417, logLikelihood: -35739.412328
[00:59:28] [worker #13] Bootstrap tree #430, logLikelihood: -35442.158737
[00:59:35] [worker #10] Bootstrap tree #427, logLikelihood: -35351.611172
[00:59:40] [worker #6] Bootstrap tree #423, logLikelihood: -35700.788249
[01:00:28] [worker #1] Bootstrap tree #434, logLikelihood: -35411.691945
[01:00:30] [worker #3] Bootstrap tree #436, logLikelihood: -35293.061936
[01:00:45] [worker #9] Bootstrap tree #442, logLikelihood: -35708.093116
[01:00:49] [worker #2] Bootstrap tree #435, logLikelihood: -35801.212728
[01:00:50] [worker #7] Bootstrap tree #440, logLikelihood: -35477.054088
[01:00:55] [worker #12] Bootstrap tree #445, logLikelihood: -35564.503245
[01:00:56] [worker #13] Bootstrap tree #446, logLikelihood: -35609.019305
[01:00:58] [worker #11] Bootstrap tree #444, logLikelihood: -35553.942314
[01:00:59] [worker #8] Bootstrap tree #441, logLikelihood: -35733.548882
[01:01:01] [worker #10] Bootstrap tree #443, logLikelihood: -35584.243812
[01:01:01] [worker #0] Bootstrap tree #433, logLikelihood: -35534.453209
[01:01:01] [worker #14] Bootstrap tree #447, logLikelihood: -35502.558508
[01:01:01] [worker #15] Bootstrap tree #448, logLikelihood: -35606.339392
[01:01:07] [worker #6] Bootstrap tree #439, logLikelihood: -35416.006169
[01:01:08] [worker #5] Bootstrap tree #438, logLikelihood: -35483.205532
[01:01:09] [worker #4] Bootstrap tree #437, logLikelihood: -35502.553392
[01:01:47] [worker #1] Bootstrap tree #450, logLikelihood: -35504.614925
[01:02:11] [worker #0] Bootstrap tree #449, logLikelihood: -35159.698504
[01:03:43] [worker #5] Bootstrap tree #454, logLikelihood: -35476.590272
[01:03:44] [worker #13] Bootstrap tree #462, logLikelihood: -35626.935417
[01:03:44] [worker #4] Bootstrap tree #453, logLikelihood: -35542.564872
[01:03:45] [worker #2] Bootstrap tree #451, logLikelihood: -35504.047248
[01:03:45] [worker #3] Bootstrap tree #452, logLikelihood: -35522.533698
[01:03:46] [worker #7] Bootstrap tree #456, logLikelihood: -35508.911859
[01:03:48] [worker #6] Bootstrap tree #455, logLikelihood: -35535.387302
[01:03:50] [worker #11] Bootstrap tree #460, logLikelihood: -35536.644063
[01:03:52] [worker #15] Bootstrap tree #464, logLikelihood: -35565.628815
[01:03:53] [worker #0] Bootstrap tree #465, logLikelihood: -35533.485201
[01:03:56] [worker #9] Bootstrap tree #458, logLikelihood: -35475.442029
[01:03:57] [worker #8] Bootstrap tree #457, logLikelihood: -35454.464831
[01:04:00] [worker #10] Bootstrap tree #459, logLikelihood: -35367.582301
[01:04:01] [worker #14] Bootstrap tree #463, logLikelihood: -35501.891054
[01:04:02] [worker #1] Bootstrap tree #466, logLikelihood: -35632.103006
[01:04:13] [worker #12] Bootstrap tree #461, logLikelihood: -35514.147715
[01:05:16] [worker #4] Bootstrap tree #469, logLikelihood: -35541.075808
[01:05:19] [worker #5] Bootstrap tree #470, logLikelihood: -35450.723291
[01:05:20] [worker #0] Bootstrap tree #481, logLikelihood: -35247.198166
[01:05:22] [worker #7] Bootstrap tree #472, logLikelihood: -35629.125914
[01:05:22] [worker #2] Bootstrap tree #467, logLikelihood: -35686.541500
[01:05:24] [worker #13] Bootstrap tree #478, logLikelihood: -35556.733767
[01:05:26] [worker #6] Bootstrap tree #471, logLikelihood: -35477.172273
[01:05:27] [worker #3] Bootstrap tree #468, logLikelihood: -35512.669130
[01:05:29] [worker #15] Bootstrap tree #480, logLikelihood: -35503.063700
[01:05:32] [worker #11] Bootstrap tree #476, logLikelihood: -35457.784699
[01:05:34] [worker #14] Bootstrap tree #479, logLikelihood: -35474.686860
[01:05:34] [worker #9] Bootstrap tree #474, logLikelihood: -35556.426186
[01:05:40] [worker #10] Bootstrap tree #475, logLikelihood: -35378.200707
[01:05:41] [worker #8] Bootstrap tree #473, logLikelihood: -35603.913176
[01:05:44] [worker #1] Bootstrap tree #482, logLikelihood: -35372.122993
[01:05:48] [worker #12] Bootstrap tree #477, logLikelihood: -35465.492391
[01:06:45] [worker #4] Bootstrap tree #485, logLikelihood: -35546.566261
[01:06:53] [worker #5] Bootstrap tree #486, logLikelihood: -35524.122381
[01:06:57] [worker #7] Bootstrap tree #488, logLikelihood: -35394.635839
[01:06:57] [worker #0] Bootstrap tree #497, logLikelihood: -35704.916979
[01:06:58] [worker #6] Bootstrap tree #487, logLikelihood: -35699.881276
[01:07:00] [worker #2] Bootstrap tree #483, logLikelihood: -35441.884108
[01:07:03] [worker #3] Bootstrap tree #484, logLikelihood: -35528.398222
[01:07:04] [worker #15] Bootstrap tree #496, logLikelihood: -35671.320554
[01:07:07] [worker #14] Bootstrap tree #495, logLikelihood: -35507.398632
[01:07:08] [worker #10] Bootstrap tree #491, logLikelihood: -35477.848753
[01:07:11] [worker #13] Bootstrap tree #494, logLikelihood: -35477.288259
[01:07:11] [worker #11] Bootstrap tree #492, logLikelihood: -35525.332411
[01:07:14] [worker #8] Bootstrap tree #489, logLikelihood: -35170.240070
[01:07:20] [worker #9] Bootstrap tree #490, logLikelihood: -35617.438043
[01:07:25] [worker #1] Bootstrap tree #498, logLikelihood: -35801.558227
[01:07:29] [worker #12] Bootstrap tree #493, logLikelihood: -35479.248792
[01:08:09] [worker #2] Bootstrap tree #499, logLikelihood: -35486.929872
[01:08:17] [worker #3] Bootstrap tree #500, logLikelihood: -35858.487921
[01:09:51] [worker #3] Bootstrap tree #516, logLikelihood: -35667.483370
[01:09:51] [worker #5] Bootstrap tree #502, logLikelihood: -35675.741929
[01:09:53] [worker #14] Bootstrap tree #511, logLikelihood: -35513.108342
[01:09:54] [worker #4] Bootstrap tree #501, logLikelihood: -35574.358783
[01:09:55] [worker #13] Bootstrap tree #510, logLikelihood: -35637.069409
[01:09:57] [worker #10] Bootstrap tree #507, logLikelihood: -35543.691934
[01:09:58] [worker #0] Bootstrap tree #513, logLikelihood: -35499.544037
[01:09:59] [worker #6] Bootstrap tree #503, logLikelihood: -35772.876270
[01:09:59] [worker #1] Bootstrap tree #514, logLikelihood: -35484.240780
[01:10:00] [worker #8] Bootstrap tree #505, logLikelihood: -35651.861429
[01:10:01] [worker #12] Bootstrap tree #509, logLikelihood: -35538.529267
[01:10:01] [worker #9] Bootstrap tree #506, logLikelihood: -35574.457826
[01:10:03] [worker #2] Bootstrap tree #515, logLikelihood: -35483.679551
[01:10:04] [worker #15] Bootstrap tree #512, logLikelihood: -35431.747052
[01:10:12] [worker #11] Bootstrap tree #508, logLikelihood: -35444.205472
[01:10:23] [worker #7] Bootstrap tree #504, logLikelihood: -35640.030895
[01:11:24] [worker #3] Bootstrap tree #532, logLikelihood: -35402.983090
[01:11:24] [worker #13] Bootstrap tree #526, logLikelihood: -35529.222950
[01:11:24] [worker #5] Bootstrap tree #518, logLikelihood: -35548.155080
[01:11:28] [worker #14] Bootstrap tree #527, logLikelihood: -35316.326604
[01:11:29] [worker #4] Bootstrap tree #517, logLikelihood: -35553.398189
[01:11:34] [worker #6] Bootstrap tree #519, logLikelihood: -35456.246502
[01:11:35] [worker #2] Bootstrap tree #531, logLikelihood: -35547.815977
[01:11:35] [worker #1] Bootstrap tree #530, logLikelihood: -35469.282287
[01:11:35] [worker #15] Bootstrap tree #528, logLikelihood: -35437.624028
[01:11:35] [worker #8] Bootstrap tree #521, logLikelihood: -35456.029686
[01:11:36] [worker #10] Bootstrap tree #523, logLikelihood: -35646.069987
[01:11:37] [worker #12] Bootstrap tree #525, logLikelihood: -35445.579987
[01:11:42] [worker #0] Bootstrap tree #529, logLikelihood: -35597.836289
[01:11:51] [worker #11] Bootstrap tree #524, logLikelihood: -35598.604329
[01:11:52] [worker #7] Bootstrap tree #520, logLikelihood: -35470.122089
[01:11:57] [worker #9] Bootstrap tree #522, logLikelihood: -35551.153132
[01:12:55] [worker #5] Bootstrap tree #534, logLikelihood: -35623.510129
[01:13:03] [worker #4] Bootstrap tree #533, logLikelihood: -36012.288403
[01:13:04] [worker #13] Bootstrap tree #542, logLikelihood: -35472.015494
[01:13:07] [worker #15] Bootstrap tree #544, logLikelihood: -35726.645442
[01:13:08] [worker #14] Bootstrap tree #543, logLikelihood: -35582.865608
[01:13:09] [worker #1] Bootstrap tree #546, logLikelihood: -35584.554363
[01:13:10] [worker #10] Bootstrap tree #539, logLikelihood: -35892.213148
[01:13:11] [worker #2] Bootstrap tree #547, logLikelihood: -35725.214196
[01:13:12] [worker #6] Bootstrap tree #535, logLikelihood: -35515.891256
[01:13:12] [worker #8] Bootstrap tree #537, logLikelihood: -35546.055793
[01:13:12] [worker #0] Bootstrap tree #545, logLikelihood: -35517.390837
[01:13:13] [worker #12] Bootstrap tree #541, logLikelihood: -35650.262338
[01:13:16] [worker #3] Bootstrap tree #548, logLikelihood: -35558.157761
[01:13:20] [worker #7] Bootstrap tree #536, logLikelihood: -35533.224286
[01:13:28] [worker #11] Bootstrap tree #540, logLikelihood: -35759.166321
[01:13:30] [worker #9] Bootstrap tree #538, logLikelihood: -35421.489741
[01:14:22] [worker #4] Bootstrap tree #549, logLikelihood: -35386.135637
[01:14:25] [worker #5] Bootstrap tree #550, logLikelihood: -35487.940361
[01:15:57] [worker #14] Bootstrap tree #559, logLikelihood: -35453.003224
[01:16:00] [worker #8] Bootstrap tree #553, logLikelihood: -35465.094331
[01:16:01] [worker #9] Bootstrap tree #554, logLikelihood: -35566.564058
[01:16:01] [worker #15] Bootstrap tree #560, logLikelihood: -35433.936638
[01:16:01] [worker #6] Bootstrap tree #551, logLikelihood: -35250.419513
[01:16:02] [worker #7] Bootstrap tree #552, logLikelihood: -35325.080859
[01:16:02] [worker #3] Bootstrap tree #564, logLikelihood: -35604.583294
[01:16:02] [worker #12] Bootstrap tree #557, logLikelihood: -35419.183772
[01:16:03] [worker #11] Bootstrap tree #556, logLikelihood: -35645.226532
[01:16:03] [worker #1] Bootstrap tree #562, logLikelihood: -35381.775600
[01:16:03] [worker #4] Bootstrap tree #565, logLikelihood: -35838.727798
[01:16:04] [worker #5] Bootstrap tree #566, logLikelihood: -35602.743446
[01:16:04] [worker #10] Bootstrap tree #555, logLikelihood: -35496.364156
[01:16:05] [worker #0] Bootstrap tree #561, logLikelihood: -35537.559872
[01:16:08] [worker #13] Bootstrap tree #558, logLikelihood: -35443.594581
[01:16:16] [worker #2] Bootstrap tree #563, logLikelihood: -35401.288492
[01:17:29] [worker #5] Bootstrap tree #582, logLikelihood: -35586.126050
[01:17:30] [worker #15] Bootstrap tree #576, logLikelihood: -35654.440356
[01:17:30] [worker #11] Bootstrap tree #572, logLikelihood: -35565.439616
[01:17:34] [worker #13] Bootstrap tree #574, logLikelihood: -35461.728817
[01:17:38] [worker #12] Bootstrap tree #573, logLikelihood: -35588.572244
[01:17:38] [worker #9] Bootstrap tree #570, logLikelihood: -35521.723318
[01:17:43] [worker #8] Bootstrap tree #569, logLikelihood: -35525.795600
[01:17:44] [worker #0] Bootstrap tree #577, logLikelihood: -35766.353040
[01:17:48] [worker #3] Bootstrap tree #580, logLikelihood: -35422.559039
[01:17:51] [worker #4] Bootstrap tree #581, logLikelihood: -35451.972095
[01:17:51] [worker #6] Bootstrap tree #567, logLikelihood: -35387.527473
[01:17:53] [worker #10] Bootstrap tree #571, logLikelihood: -35603.149177
[01:17:54] [worker #1] Bootstrap tree #578, logLikelihood: -35599.971748
[01:17:58] [worker #14] Bootstrap tree #575, logLikelihood: -35537.085166
[01:18:04] [worker #7] Bootstrap tree #568, logLikelihood: -35543.116685
[01:18:13] [worker #2] Bootstrap tree #579, logLikelihood: -35565.897950
[01:18:56] [worker #5] Bootstrap tree #598, logLikelihood: -35481.009833
[01:19:02] [worker #11] Bootstrap tree #588, logLikelihood: -35579.908822
[01:19:03] [worker #15] Bootstrap tree #592, logLikelihood: -35379.423337
[01:19:08] [worker #13] Bootstrap tree #590, logLikelihood: -35486.722935
[01:19:09] [worker #8] Bootstrap tree #585, logLikelihood: -35656.765087
[01:19:12] [worker #12] Bootstrap tree #589, logLikelihood: -35718.298681
[01:19:13] [worker #9] Bootstrap tree #586, logLikelihood: -35674.538461
[01:19:20] [worker #4] Bootstrap tree #597, logLikelihood: -35624.445064
[01:19:21] [worker #10] Bootstrap tree #587, logLikelihood: -35624.676543
[01:19:24] [worker #0] Bootstrap tree #593, logLikelihood: -35521.664650
[01:19:29] [worker #7] Bootstrap tree #584, logLikelihood: -35565.941650
[01:19:30] [worker #1] Bootstrap tree #594, logLikelihood: -35587.374183
[01:19:31] [worker #14] Bootstrap tree #591, logLikelihood: -35345.838939
[01:19:31] [worker #3] Bootstrap tree #596, logLikelihood: -35436.919267
[01:19:37] [worker #2] Bootstrap tree #595, logLikelihood: -35374.203132
[01:19:41] [worker #6] Bootstrap tree #583, logLikelihood: -35378.416407
[01:20:39] [worker #7] Bootstrap tree #600, logLikelihood: -35358.636601
[01:21:05] [worker #6] Bootstrap tree #599, logLikelihood: -35564.636691
[01:22:37] [worker #5] Bootstrap tree #614, logLikelihood: -35439.561131
[01:22:39] [worker #4] Bootstrap tree #613, logLikelihood: -35599.972729
[01:22:40] [worker #13] Bootstrap tree #606, logLikelihood: -35516.118674
[01:22:40] [worker #2] Bootstrap tree #611, logLikelihood: -35683.483954
[01:22:40] [worker #7] Bootstrap tree #616, logLikelihood: -35485.043362
[01:22:41] [worker #8] Bootstrap tree #601, logLikelihood: -35224.253015
[01:22:41] [worker #6] Bootstrap tree #615, logLikelihood: -35325.113580
[01:22:44] [worker #1] Bootstrap tree #610, logLikelihood: -35608.332460
[01:22:45] [worker #14] Bootstrap tree #607, logLikelihood: -35671.258116
[01:22:47] [worker #10] Bootstrap tree #603, logLikelihood: -35671.340385
[01:22:48] [worker #0] Bootstrap tree #609, logLikelihood: -35535.558092
[01:22:48] [worker #3] Bootstrap tree #612, logLikelihood: -35516.187083
[01:22:49] [worker #12] Bootstrap tree #605, logLikelihood: -35476.628652
[01:22:53] [worker #11] Bootstrap tree #604, logLikelihood: -35291.370376
[01:22:54] [worker #15] Bootstrap tree #608, logLikelihood: -35421.733138
[01:23:03] [worker #9] Bootstrap tree #602, logLikelihood: -35511.749332
[01:24:04] [worker #5] Bootstrap tree #630, logLikelihood: -35684.223190
[01:24:06] [worker #7] Bootstrap tree #632, logLikelihood: -35673.917752
[01:24:18] [worker #4] Bootstrap tree #629, logLikelihood: -35526.068091
[01:24:18] [worker #6] Bootstrap tree #631, logLikelihood: -35390.995275
[01:24:19] [worker #14] Bootstrap tree #623, logLikelihood: -35609.821520
[01:24:19] [worker #3] Bootstrap tree #628, logLikelihood: -35460.470441
[01:24:20] [worker #13] Bootstrap tree #622, logLikelihood: -35440.722309
[01:24:20] [worker #8] Bootstrap tree #617, logLikelihood: -35623.291189
[01:24:21] [worker #12] Bootstrap tree #621, logLikelihood: -35498.089723
[01:24:23] [worker #2] Bootstrap tree #627, logLikelihood: -35352.266101
[01:24:25] [worker #0] Bootstrap tree #625, logLikelihood: -35509.301892
[01:24:32] [worker #15] Bootstrap tree #624, logLikelihood: -35483.049921
[01:24:32] [worker #11] Bootstrap tree #620, logLikelihood: -35418.348453
[01:24:35] [worker #10] Bootstrap tree #619, logLikelihood: -35265.097130
[01:24:35] [worker #1] Bootstrap tree #626, logLikelihood: -35591.842705
[01:24:40] [worker #9] Bootstrap tree #618, logLikelihood: -35542.177771
[01:25:29] [worker #5] Bootstrap tree #646, logLikelihood: -35666.614284
[01:25:31] [worker #7] Bootstrap tree #648, logLikelihood: -35793.894311
[01:25:54] [worker #2] Bootstrap tree #643, logLikelihood: -35475.905606
[01:25:56] [worker #6] Bootstrap tree #647, logLikelihood: -35494.231319
[01:25:57] [worker #8] Bootstrap tree #633, logLikelihood: -35590.499365
[01:25:57] [worker #13] Bootstrap tree #638, logLikelihood: -35514.176213
[01:25:58] [worker #0] Bootstrap tree #641, logLikelihood: -35504.568977
[01:25:58] [worker #3] Bootstrap tree #644, logLikelihood: -35675.607521
[01:25:59] [worker #4] Bootstrap tree #645, logLikelihood: -35480.978115
[01:26:00] [worker #14] Bootstrap tree #639, logLikelihood: -35543.124308
[01:26:01] [worker #12] Bootstrap tree #637, logLikelihood: -35516.413550
[01:26:05] [worker #15] Bootstrap tree #640, logLikelihood: -35582.859305
[01:26:06] [worker #1] Bootstrap tree #642, logLikelihood: -35589.701877
[01:26:07] [worker #11] Bootstrap tree #636, logLikelihood: -35501.147856
[01:26:08] [worker #10] Bootstrap tree #635, logLikelihood: -35424.491692
[01:26:12] [worker #9] Bootstrap tree #634, logLikelihood: -35449.603998
[01:27:24] [worker #9] Bootstrap tree #650, logLikelihood: -35449.249350
[01:27:26] [worker #8] Bootstrap tree #649, logLikelihood: -35468.453588
[01:28:54] [worker #10] Bootstrap tree #651, logLikelihood: -35794.451959
[01:28:57] [worker #11] Bootstrap tree #652, logLikelihood: -35462.233690
[01:28:59] [worker #8] Bootstrap tree #665, logLikelihood: -35486.295400
[01:29:01] [worker #15] Bootstrap tree #656, logLikelihood: -35398.373266
[01:29:02] [worker #9] Bootstrap tree #666, logLikelihood: -35784.295238
[01:29:03] [worker #4] Bootstrap tree #661, logLikelihood: -35623.120220
[01:29:04] [worker #1] Bootstrap tree #658, logLikelihood: -35507.480777
[01:29:05] [worker #6] Bootstrap tree #663, logLikelihood: -35708.826172
[01:29:07] [worker #14] Bootstrap tree #655, logLikelihood: -35574.413975
[01:29:08] [worker #2] Bootstrap tree #659, logLikelihood: -35682.550065
[01:29:08] [worker #0] Bootstrap tree #657, logLikelihood: -35528.666729
[01:29:09] [worker #13] Bootstrap tree #654, logLikelihood: -35585.477735
[01:29:13] [worker #3] Bootstrap tree #660, logLikelihood: -35422.667046
[01:29:23] [worker #5] Bootstrap tree #662, logLikelihood: -35698.067847
[01:29:27] [worker #7] Bootstrap tree #664, logLikelihood: -35505.868469
[01:29:37] [worker #12] Bootstrap tree #653, logLikelihood: -35460.575880
[01:30:24] [worker #10] Bootstrap tree #667, logLikelihood: -35448.306606
[01:30:29] [worker #4] Bootstrap tree #677, logLikelihood: -35566.661566
[01:30:36] [worker #9] Bootstrap tree #682, logLikelihood: -35519.803493
[01:30:39] [worker #1] Bootstrap tree #674, logLikelihood: -35678.189415
[01:30:40] [worker #11] Bootstrap tree #668, logLikelihood: -35513.031712
[01:30:45] [worker #13] Bootstrap tree #670, logLikelihood: -35503.098927
[01:30:45] [worker #0] Bootstrap tree #673, logLikelihood: -35618.422213
[01:30:46] [worker #2] Bootstrap tree #675, logLikelihood: -35437.381988
[01:30:50] [worker #6] Bootstrap tree #679, logLikelihood: -35356.135734
[01:30:50] [worker #3] Bootstrap tree #676, logLikelihood: -35644.071119
[01:30:52] [worker #15] Bootstrap tree #672, logLikelihood: -35459.843806
[01:30:56] [worker #14] Bootstrap tree #671, logLikelihood: -35523.065658
[01:30:57] [worker #7] Bootstrap tree #680, logLikelihood: -35645.313962
[01:30:59] [worker #8] Bootstrap tree #681, logLikelihood: -35413.306889
[01:31:01] [worker #5] Bootstrap tree #678, logLikelihood: -35556.795899
[01:31:16] [worker #12] Bootstrap tree #669, logLikelihood: -35596.041933
[01:32:00] [worker #10] Bootstrap tree #683, logLikelihood: -35461.723062
[01:32:07] [worker #4] Bootstrap tree #693, logLikelihood: -35546.814474
[01:32:07] [worker #9] Bootstrap tree #698, logLikelihood: -35518.670321
[01:32:09] [worker #11] Bootstrap tree #684, logLikelihood: -35522.034712
[01:32:11] [worker #1] Bootstrap tree #690, logLikelihood: -35622.398257
[01:32:19] [worker #13] Bootstrap tree #686, logLikelihood: -35688.480271
[01:32:20] [worker #0] Bootstrap tree #689, logLikelihood: -35664.314273
[01:32:21] [worker #3] Bootstrap tree #692, logLikelihood: -35598.996582
[01:32:23] [worker #2] Bootstrap tree #691, logLikelihood: -35706.564216
[01:32:26] [worker #8] Bootstrap tree #697, logLikelihood: -35444.992020
[01:32:29] [worker #5] Bootstrap tree #694, logLikelihood: -35746.276629
[01:32:31] [worker #15] Bootstrap tree #688, logLikelihood: -35605.255345
[01:32:32] [worker #7] Bootstrap tree #696, logLikelihood: -35490.666608
[01:32:41] [worker #14] Bootstrap tree #687, logLikelihood: -35577.145304
[01:32:43] [worker #6] Bootstrap tree #695, logLikelihood: -35575.730981
[01:32:52] [worker #12] Bootstrap tree #685, logLikelihood: -35451.192143
[01:33:24] [worker #11] Bootstrap tree #700, logLikelihood: -35420.331166
[01:33:28] [worker #10] Bootstrap tree #699, logLikelihood: -35694.293955
[01:34:57] [worker #8] Bootstrap tree #713, logLikelihood: -35350.190834
[01:35:02] [worker #1] Bootstrap tree #706, logLikelihood: -35368.425300
[01:35:02] [worker #3] Bootstrap tree #708, logLikelihood: -35397.535523
[01:35:02] [worker #5] Bootstrap tree #710, logLikelihood: -35415.309633
[01:35:04] [worker #12] Bootstrap tree #701, logLikelihood: -35398.032811
[01:35:04] [worker #4] Bootstrap tree #709, logLikelihood: -35455.841694
[01:35:05] [worker #11] Bootstrap tree #716, logLikelihood: -35665.545198
[01:35:05] [worker #14] Bootstrap tree #703, logLikelihood: -35469.211178
[01:35:05] [worker #9] Bootstrap tree #714, logLikelihood: -35526.780214
[01:35:06] [worker #0] Bootstrap tree #705, logLikelihood: -35397.836636
[01:35:07] [worker #13] Bootstrap tree #702, logLikelihood: -35704.443022
[01:35:07] [worker #2] Bootstrap tree #707, logLikelihood: -35617.064959
[01:35:09] [worker #10] Bootstrap tree #715, logLikelihood: -35576.731631
[01:35:09] [worker #6] Bootstrap tree #711, logLikelihood: -35299.256457
[01:35:21] [worker #7] Bootstrap tree #712, logLikelihood: -35549.923428
[01:35:32] [worker #15] Bootstrap tree #704, logLikelihood: -35297.827446
[01:36:33] [worker #6] Bootstrap tree #727, logLikelihood: -35278.652448
[01:36:34] [worker #8] Bootstrap tree #729, logLikelihood: -35373.308601
[01:36:34] [worker #3] Bootstrap tree #724, logLikelihood: -35598.091710
[01:36:38] [worker #9] Bootstrap tree #730, logLikelihood: -35624.087775
[01:36:39] [worker #1] Bootstrap tree #722, logLikelihood: -35486.763102
[01:36:41] [worker #14] Bootstrap tree #719, logLikelihood: -35497.791617
[01:36:42] [worker #12] Bootstrap tree #717, logLikelihood: -35323.289639
[01:36:44] [worker #2] Bootstrap tree #723, logLikelihood: -35427.917718
[01:36:47] [worker #11] Bootstrap tree #732, logLikelihood: -35804.230294
[01:36:48] [worker #13] Bootstrap tree #718, logLikelihood: -35606.980480
[01:36:49] [worker #10] Bootstrap tree #731, logLikelihood: -35637.671893
[01:36:51] [worker #0] Bootstrap tree #721, logLikelihood: -35585.328209
[01:36:52] [worker #7] Bootstrap tree #728, logLikelihood: -35563.911490
[01:36:55] [worker #5] Bootstrap tree #726, logLikelihood: -35540.221364
[01:37:00] [worker #4] Bootstrap tree #725, logLikelihood: -35404.653967
[01:37:09] [worker #15] Bootstrap tree #720, logLikelihood: -35728.198838
[01:38:05] [worker #3] Bootstrap tree #740, logLikelihood: -35673.062797
[01:38:06] [worker #8] Bootstrap tree #745, logLikelihood: -35585.439233
[01:38:08] [worker #6] Bootstrap tree #743, logLikelihood: -35462.995115
[01:38:11] [worker #9] Bootstrap tree #746, logLikelihood: -35693.103982
[01:38:17] [worker #12] Bootstrap tree #733, logLikelihood: -35723.850834
[01:38:20] [worker #1] Bootstrap tree #738, logLikelihood: -35500.908409
[01:38:21] [worker #14] Bootstrap tree #735, logLikelihood: -35636.792369
[01:38:22] [worker #2] Bootstrap tree #739, logLikelihood: -35634.315085
[01:38:23] [worker #11] Bootstrap tree #748, logLikelihood: -35478.438026
[01:38:24] [worker #5] Bootstrap tree #742, logLikelihood: -35656.903742
[01:38:26] [worker #13] Bootstrap tree #734, logLikelihood: -35552.493363
[01:38:28] [worker #7] Bootstrap tree #744, logLikelihood: -35533.333335
[01:38:31] [worker #10] Bootstrap tree #747, logLikelihood: -35438.015765
[01:38:31] [worker #4] Bootstrap tree #741, logLikelihood: -35446.378280
[01:38:34] [worker #0] Bootstrap tree #737, logLikelihood: -35337.251800
[01:38:43] [worker #15] Bootstrap tree #736, logLikelihood: -35475.661266
[01:39:35] [worker #12] Bootstrap tree #749, logLikelihood: -35809.909962
[01:39:44] [worker #13] Bootstrap tree #750, logLikelihood: -35533.733941
[01:41:13] [worker #1] Bootstrap tree #754, logLikelihood: -35493.422676
[01:41:13] [worker #7] Bootstrap tree #760, logLikelihood: -35489.731080
[01:41:16] [worker #0] Bootstrap tree #753, logLikelihood: -35612.344655
[01:41:19] [worker #2] Bootstrap tree #755, logLikelihood: -35657.445420
[01:41:19] [worker #5] Bootstrap tree #758, logLikelihood: -35562.875029
[01:41:20] [worker #11] Bootstrap tree #764, logLikelihood: -35505.112598
[01:41:20] [worker #15] Bootstrap tree #752, logLikelihood: -35476.607501
[01:41:23] [worker #3] Bootstrap tree #756, logLikelihood: -35598.230119
[01:41:23] [worker #10] Bootstrap tree #763, logLikelihood: -35738.999247
[01:41:23] [worker #13] Bootstrap tree #766, logLikelihood: -35528.890865
[01:41:24] [worker #9] Bootstrap tree #762, logLikelihood: -35422.858299
[01:41:25] [worker #14] Bootstrap tree #751, logLikelihood: -35484.121457
[01:41:26] [worker #4] Bootstrap tree #757, logLikelihood: -35457.985155
[01:41:30] [worker #6] Bootstrap tree #759, logLikelihood: -35480.376682
[01:41:32] [worker #8] Bootstrap tree #761, logLikelihood: -35581.587800
[01:41:32] [worker #12] Bootstrap tree #765, logLikelihood: -35642.649680
[01:42:46] [worker #7] Bootstrap tree #776, logLikelihood: -35493.485325
[01:42:51] [worker #1] Bootstrap tree #770, logLikelihood: -35865.432996
[01:42:53] [worker #2] Bootstrap tree #771, logLikelihood: -35714.338417
[01:42:54] [worker #15] Bootstrap tree #768, logLikelihood: -35550.947260
[01:42:55] [worker #5] Bootstrap tree #774, logLikelihood: -35276.842714
[01:42:57] [worker #10] Bootstrap tree #779, logLikelihood: -35542.103286
[01:42:58] [worker #8] Bootstrap tree #777, logLikelihood: -35858.790009
[01:42:58] [worker #4] Bootstrap tree #773, logLikelihood: -35281.081103
[01:42:59] [worker #0] Bootstrap tree #769, logLikelihood: -35725.993686
[01:42:59] [worker #11] Bootstrap tree #780, logLikelihood: -35566.624918
[01:43:00] [worker #14] Bootstrap tree #767, logLikelihood: -35453.974238
[01:43:01] [worker #13] Bootstrap tree #782, logLikelihood: -35314.303078
[01:43:02] [worker #9] Bootstrap tree #778, logLikelihood: -35441.069661
[01:43:03] [worker #3] Bootstrap tree #772, logLikelihood: -35282.719625
[01:43:06] [worker #6] Bootstrap tree #775, logLikelihood: -35358.750608
[01:43:07] [worker #12] Bootstrap tree #781, logLikelihood: -35707.446165
[01:44:12] [worker #7] Bootstrap tree #792, logLikelihood: -35423.634235
[01:44:25] [worker #1] Bootstrap tree #786, logLikelihood: -35402.216449
[01:44:29] [worker #0] Bootstrap tree #785, logLikelihood: -35384.816719
[01:44:30] [worker #13] Bootstrap tree #798, logLikelihood: -35548.918504
[01:44:30] [worker #2] Bootstrap tree #787, logLikelihood: -35571.344056
[01:44:33] [worker #8] Bootstrap tree #793, logLikelihood: -35480.504881
[01:44:33] [worker #15] Bootstrap tree #784, logLikelihood: -35643.276347
[01:44:35] [worker #5] Bootstrap tree #790, logLikelihood: -35563.224719
[01:44:35] [worker #14] Bootstrap tree #783, logLikelihood: -35303.438704
[01:44:37] [worker #10] Bootstrap tree #795, logLikelihood: -35577.687189
[01:44:39] [worker #6] Bootstrap tree #791, logLikelihood: -35261.558703
[01:44:41] [worker #4] Bootstrap tree #789, logLikelihood: -35496.060380
[01:44:42] [worker #3] Bootstrap tree #788, logLikelihood: -35701.539290
[01:44:43] [worker #11] Bootstrap tree #796, logLikelihood: -35375.776555
[01:44:44] [worker #9] Bootstrap tree #794, logLikelihood: -35759.381909
[01:44:47] [worker #12] Bootstrap tree #797, logLikelihood: -35636.355276
[01:45:46] [worker #14] Bootstrap tree #799, logLikelihood: -35729.970367
[01:45:47] [worker #15] Bootstrap tree #800, logLikelihood: -35597.755812
[01:47:20] [worker #1] Bootstrap tree #802, logLikelihood: -35453.723932
[01:47:24] [worker #11] Bootstrap tree #812, logLikelihood: -35744.150831
[01:47:25] [worker #12] Bootstrap tree #813, logLikelihood: -35621.717485
[01:47:27] [worker #3] Bootstrap tree #804, logLikelihood: -35411.657245
[01:47:27] [worker #14] Bootstrap tree #815, logLikelihood: -35298.230560
[01:47:28] [worker #13] Bootstrap tree #814, logLikelihood: -35706.350997
[01:47:29] [worker #5] Bootstrap tree #806, logLikelihood: -35492.240084
[01:47:29] [worker #6] Bootstrap tree #807, logLikelihood: -35589.668735
[01:47:30] [worker #10] Bootstrap tree #811, logLikelihood: -35377.228582
[01:47:30] [worker #2] Bootstrap tree #803, logLikelihood: -35550.255851
[01:47:31] [worker #7] Bootstrap tree #808, logLikelihood: -35451.267025
[01:47:31] [worker #4] Bootstrap tree #805, logLikelihood: -35401.754513
[01:47:32] [worker #9] Bootstrap tree #810, logLikelihood: -35592.402066
[01:47:34] [worker #15] Bootstrap tree #816, logLikelihood: -35479.987201
[01:47:36] [worker #8] Bootstrap tree #809, logLikelihood: -35380.749750
[01:47:37] [worker #0] Bootstrap tree #801, logLikelihood: -35644.742182
[01:48:58] [worker #1] Bootstrap tree #818, logLikelihood: -35348.491905
[01:49:02] [worker #14] Bootstrap tree #831, logLikelihood: -35255.963775
[01:49:03] [worker #2] Bootstrap tree #819, logLikelihood: -35609.065055
[01:49:05] [worker #6] Bootstrap tree #823, logLikelihood: -35624.751734
[01:49:07] [worker #10] Bootstrap tree #827, logLikelihood: -35493.946373
[01:49:07] [worker #13] Bootstrap tree #830, logLikelihood: -35679.766617
[01:49:08] [worker #11] Bootstrap tree #828, logLikelihood: -35574.192745
[01:49:09] [worker #4] Bootstrap tree #821, logLikelihood: -35572.733041
[01:49:10] [worker #9] Bootstrap tree #826, logLikelihood: -35391.173394
[01:49:10] [worker #7] Bootstrap tree #824, logLikelihood: -35872.665456
[01:49:11] [worker #15] Bootstrap tree #832, logLikelihood: -35598.496065
[01:49:15] [worker #3] Bootstrap tree #820, logLikelihood: -35854.879776
[01:49:15] [worker #8] Bootstrap tree #825, logLikelihood: -35661.448178
[01:49:16] [worker #12] Bootstrap tree #829, logLikelihood: -35559.192125
[01:49:20] [worker #0] Bootstrap tree #817, logLikelihood: -35405.580129
[01:49:25] [worker #5] Bootstrap tree #822, logLikelihood: -35509.053402
[01:50:31] [worker #1] Bootstrap tree #834, logLikelihood: -35640.368249
[01:50:37] [worker #14] Bootstrap tree #847, logLikelihood: -35247.327702
[01:50:40] [worker #13] Bootstrap tree #846, logLikelihood: -35494.177280
[01:50:42] [worker #4] Bootstrap tree #837, logLikelihood: -35412.324009
[01:50:42] [worker #11] Bootstrap tree #844, logLikelihood: -35522.562902
[01:50:42] [worker #9] Bootstrap tree #842, logLikelihood: -35461.866254
[01:50:45] [worker #7] Bootstrap tree #840, logLikelihood: -35490.572181
[01:50:46] [worker #15] Bootstrap tree #848, logLikelihood: -35718.679271
[01:50:46] [worker #6] Bootstrap tree #839, logLikelihood: -35895.980233
[01:50:47] [worker #3] Bootstrap tree #836, logLikelihood: -35548.669113
[01:50:47] [worker #2] Bootstrap tree #835, logLikelihood: -35825.654615
[01:50:47] [worker #10] Bootstrap tree #843, logLikelihood: -35460.839116
[01:50:51] [worker #8] Bootstrap tree #841, logLikelihood: -35771.153074
[01:50:55] [worker #12] Bootstrap tree #845, logLikelihood: -35841.220425
[01:51:00] [worker #5] Bootstrap tree #838, logLikelihood: -35707.410319
[01:51:01] [worker #0] Bootstrap tree #833, logLikelihood: -35280.600841
[01:51:51] [worker #1] Bootstrap tree #850, logLikelihood: -35572.715358
[01:52:15] [worker #0] Bootstrap tree #849, logLikelihood: -35522.290663
[01:53:47] [worker #13] Bootstrap tree #862, logLikelihood: -35598.915897
[01:53:49] [worker #12] Bootstrap tree #861, logLikelihood: -35528.994622
[01:53:59] [worker #0] Bootstrap tree #865, logLikelihood: -35303.410885
[01:54:01] [worker #5] Bootstrap tree #854, logLikelihood: -35610.837516
[01:54:01] [worker #11] Bootstrap tree #860, logLikelihood: -35558.976692
[01:54:02] [worker #7] Bootstrap tree #856, logLikelihood: -35592.247256
[01:54:03] [worker #15] Bootstrap tree #864, logLikelihood: -35533.570767
[01:54:03] [worker #8] Bootstrap tree #857, logLikelihood: -35676.079353
[01:54:07] [worker #1] Bootstrap tree #866, logLikelihood: -35559.590738
[01:54:07] [worker #2] Bootstrap tree #851, logLikelihood: -35716.612370
[01:54:07] [worker #14] Bootstrap tree #863, logLikelihood: -35569.384579
[01:54:07] [worker #6] Bootstrap tree #855, logLikelihood: -35333.881249
[01:54:12] [worker #4] Bootstrap tree #853, logLikelihood: -35240.684680
[01:54:13] [worker #3] Bootstrap tree #852, logLikelihood: -35638.151601
[01:54:13] [worker #9] Bootstrap tree #858, logLikelihood: -35617.762264
[01:54:34] [worker #10] Bootstrap tree #859, logLikelihood: -35627.201732
[01:55:18] [worker #13] Bootstrap tree #878, logLikelihood: -35393.482323
[01:55:25] [worker #12] Bootstrap tree #877, logLikelihood: -35546.277623
[01:55:38] [worker #1] Bootstrap tree #882, logLikelihood: -35607.469265
[01:55:41] [worker #15] Bootstrap tree #880, logLikelihood: -35268.139520
[01:55:43] [worker #0] Bootstrap tree #881, logLikelihood: -35724.117867
[01:55:46] [worker #7] Bootstrap tree #872, logLikelihood: -35449.262813
[01:55:50] [worker #2] Bootstrap tree #867, logLikelihood: -35303.931530
[01:55:50] [worker #6] Bootstrap tree #871, logLikelihood: -35561.551813
[01:55:55] [worker #14] Bootstrap tree #879, logLikelihood: -35446.568003
[01:55:56] [worker #8] Bootstrap tree #873, logLikelihood: -35560.130119
[01:55:59] [worker #11] Bootstrap tree #876, logLikelihood: -35505.600837
[01:56:03] [worker #5] Bootstrap tree #870, logLikelihood: -35497.948545
[01:56:06] [worker #9] Bootstrap tree #874, logLikelihood: -35552.377013
[01:56:09] [worker #4] Bootstrap tree #869, logLikelihood: -35648.110497
[01:56:17] [worker #3] Bootstrap tree #868, logLikelihood: -35659.754758
[01:56:24] [worker #10] Bootstrap tree #875, logLikelihood: -35505.435006
[01:56:46] [worker #13] Bootstrap tree #894, logLikelihood: -35427.324616
[01:57:03] [worker #12] Bootstrap tree #893, logLikelihood: -35461.131867
[01:57:10] [worker #15] Bootstrap tree #896, logLikelihood: -35558.689056
[01:57:10] [worker #1] Bootstrap tree #898, logLikelihood: -35692.594586
[01:57:15] [worker #0] Bootstrap tree #897, logLikelihood: -35551.934899
[01:57:17] [worker #7] Bootstrap tree #888, logLikelihood: -35545.560623
[01:57:22] [worker #2] Bootstrap tree #883, logLikelihood: -35594.977920
[01:57:28] [worker #9] Bootstrap tree #890, logLikelihood: -35831.771689
[01:57:31] [worker #11] Bootstrap tree #892, logLikelihood: -35362.912668
[01:57:33] [worker #5] Bootstrap tree #886, logLikelihood: -35292.204101
[01:57:34] [worker #8] Bootstrap tree #889, logLikelihood: -35596.033068
[01:57:36] [worker #14] Bootstrap tree #895, logLikelihood: -35640.612889
[01:57:38] [worker #4] Bootstrap tree #885, logLikelihood: -35645.443699
[01:57:42] [worker #10] Bootstrap tree #891, logLikelihood: -35428.878750
[01:57:44] [worker #3] Bootstrap tree #884, logLikelihood: -35675.832282
[01:57:46] [worker #6] Bootstrap tree #887, logLikelihood: -35362.788302
[01:58:30] [worker #2] Bootstrap tree #899, logLikelihood: -35419.600700
[01:58:58] [worker #3] Bootstrap tree #900, logLikelihood: -35443.838382
[02:00:30] [worker #1] Bootstrap tree #914, logLikelihood: -35527.481861
[02:00:32] [worker #13] Bootstrap tree #910, logLikelihood: -35581.982026
[02:00:35] [worker #4] Bootstrap tree #901, logLikelihood: -35590.464604
[02:00:35] [worker #3] Bootstrap tree #916, logLikelihood: -35436.766359
[02:00:40] [worker #2] Bootstrap tree #915, logLikelihood: -35633.674317
[02:00:41] [worker #15] Bootstrap tree #912, logLikelihood: -35556.515029
[02:00:42] [worker #11] Bootstrap tree #908, logLikelihood: -35669.431710
[02:00:43] [worker #5] Bootstrap tree #902, logLikelihood: -35479.968794
[02:00:43] [worker #7] Bootstrap tree #904, logLikelihood: -35667.680867
[02:00:44] [worker #8] Bootstrap tree #905, logLikelihood: -35445.006589
[02:00:45] [worker #12] Bootstrap tree #909, logLikelihood: -35675.172226
[02:00:46] [worker #9] Bootstrap tree #906, logLikelihood: -35486.450259
[02:00:48] [worker #0] Bootstrap tree #913, logLikelihood: -35502.521546
[02:00:53] [worker #6] Bootstrap tree #903, logLikelihood: -35833.622380
[02:00:54] [worker #14] Bootstrap tree #911, logLikelihood: -35564.905477
[02:01:00] [worker #10] Bootstrap tree #907, logLikelihood: -35559.957949
[02:01:58] [worker #13] Bootstrap tree #926, logLikelihood: -35335.909384
[02:02:09] [worker #4] Bootstrap tree #917, logLikelihood: -35558.870635
[02:02:09] [worker #1] Bootstrap tree #930, logLikelihood: -35517.572433
[02:02:15] [worker #15] Bootstrap tree #928, logLikelihood: -35523.765554
[02:02:16] [worker #8] Bootstrap tree #921, logLikelihood: -35639.233434
[02:02:18] [worker #12] Bootstrap tree #925, logLikelihood: -35472.579880
[02:02:19] [worker #11] Bootstrap tree #924, logLikelihood: -35439.141257
[02:02:20] [worker #2] Bootstrap tree #931, logLikelihood: -35564.383360
[02:02:20] [worker #7] Bootstrap tree #920, logLikelihood: -35633.047723
[02:02:20] [worker #5] Bootstrap tree #918, logLikelihood: -35412.238581
[02:02:21] [worker #0] Bootstrap tree #929, logLikelihood: -35902.609509
[02:02:23] [worker #3] Bootstrap tree #932, logLikelihood: -35830.160136
[02:02:30] [worker #9] Bootstrap tree #922, logLikelihood: -35494.205641
[02:02:32] [worker #6] Bootstrap tree #919, logLikelihood: -35418.322599
[02:02:34] [worker #14] Bootstrap tree #927, logLikelihood: -35502.779266
[02:02:35] [worker #10] Bootstrap tree #923, logLikelihood: -35458.240085
[02:03:35] [worker #13] Bootstrap tree #942, logLikelihood: -35533.494779
[02:03:36] [worker #4] Bootstrap tree #933, logLikelihood: -35554.331979
[02:03:38] [worker #1] Bootstrap tree #946, logLikelihood: -35426.061551
[02:03:46] [worker #5] Bootstrap tree #934, logLikelihood: -35597.023294
[02:03:47] [worker #15] Bootstrap tree #944, logLikelihood: -35529.099425
[02:03:52] [worker #8] Bootstrap tree #937, logLikelihood: -35542.127953
[02:03:53] [worker #2] Bootstrap tree #947, logLikelihood: -35578.969490
[02:03:54] [worker #7] Bootstrap tree #936, logLikelihood: -35412.144691
[02:03:56] [worker #11] Bootstrap tree #940, logLikelihood: -35357.366103
[02:03:57] [worker #12] Bootstrap tree #941, logLikelihood: -35493.838637
[02:03:58] [worker #0] Bootstrap tree #945, logLikelihood: -35580.504647
[02:04:04] [worker #9] Bootstrap tree #938, logLikelihood: -35571.257971
[02:04:04] [worker #3] Bootstrap tree #948, logLikelihood: -35454.895069
[02:04:06] [worker #6] Bootstrap tree #935, logLikelihood: -35659.101022
[02:04:06] [worker #10] Bootstrap tree #939, logLikelihood: -35583.646143
[02:04:17] [worker #14] Bootstrap tree #943, logLikelihood: -35711.765042
[02:04:49] [worker #4] Bootstrap tree #949, logLikelihood: -35559.334873
[02:04:56] [worker #5] Bootstrap tree #950, logLikelihood: -35418.656202
[02:06:26] [worker #5] Bootstrap tree #966, logLikelihood: -35544.183368
[02:06:28] [worker #14] Bootstrap tree #959, logLikelihood: -35541.201347
[02:06:31] [worker #1] Bootstrap tree #962, logLikelihood: -35558.135530
[02:06:31] [worker #7] Bootstrap tree #952, logLikelihood: -35463.935502
[02:06:33] [worker #10] Bootstrap tree #955, logLikelihood: -35362.784246
[02:06:34] [worker #6] Bootstrap tree #951, logLikelihood: -35640.486279
[02:06:34] [worker #9] Bootstrap tree #954, logLikelihood: -35500.772899
[02:06:34] [worker #11] Bootstrap tree #956, logLikelihood: -35551.105986
[02:06:34] [worker #4] Bootstrap tree #965, logLikelihood: -35568.064546
[02:06:34] [worker #12] Bootstrap tree #957, logLikelihood: -35640.112814
[02:06:35] [worker #15] Bootstrap tree #960, logLikelihood: -35545.247971
[02:06:36] [worker #0] Bootstrap tree #961, logLikelihood: -35439.996647
[02:06:40] [worker #2] Bootstrap tree #963, logLikelihood: -35657.227694
[02:06:41] [worker #3] Bootstrap tree #964, logLikelihood: -35460.803655
[02:06:43] [worker #13] Bootstrap tree #958, logLikelihood: -35688.599551
[02:06:44] [worker #8] Bootstrap tree #953, logLikelihood: -35393.330710
[02:07:57] [worker #5] Bootstrap tree #982, logLikelihood: -35429.865861
[02:07:58] [worker #7] Bootstrap tree #968, logLikelihood: -35685.078758
[02:08:06] [worker #15] Bootstrap tree #976, logLikelihood: -35571.877892
[02:08:06] [worker #11] Bootstrap tree #972, logLikelihood: -35563.655228
[02:08:10] [worker #0] Bootstrap tree #977, logLikelihood: -35457.521260
[02:08:11] [worker #14] Bootstrap tree #975, logLikelihood: -35478.055505
[02:08:12] [worker #10] Bootstrap tree #971, logLikelihood: -35524.439558
[02:08:13] [worker #12] Bootstrap tree #973, logLikelihood: -35563.702680
[02:08:16] [worker #4] Bootstrap tree #981, logLikelihood: -35264.722325
[02:08:16] [worker #2] Bootstrap tree #979, logLikelihood: -35439.512593
[02:08:21] [worker #6] Bootstrap tree #967, logLikelihood: -35640.989540
[02:08:23] [worker #8] Bootstrap tree #969, logLikelihood: -35388.674957
[02:08:23] [worker #1] Bootstrap tree #978, logLikelihood: -35503.164376
[02:08:25] [worker #9] Bootstrap tree #970, logLikelihood: -35268.588438
[02:08:28] [worker #13] Bootstrap tree #974, logLikelihood: -35813.248147
[02:08:38] [worker #3] Bootstrap tree #980, logLikelihood: -35606.271914
[02:09:30] [worker #7] Bootstrap tree #984, logLikelihood: -35636.334754
[02:09:34] [worker #5] Bootstrap tree #998, logLikelihood: -35265.721787
[02:09:40] [worker #14] Bootstrap tree #991, logLikelihood: -35443.171648
[02:09:46] [worker #11] Bootstrap tree #988, logLikelihood: -35444.745061
[02:09:48] [worker #2] Bootstrap tree #995, logLikelihood: -35782.968282
[02:09:48] [worker #10] Bootstrap tree #987, logLikelihood: -35407.149039
[02:09:53] [worker #0] Bootstrap tree #993, logLikelihood: -35409.417567
[02:09:53] [worker #4] Bootstrap tree #997, logLikelihood: -35310.787254
[02:09:55] [worker #6] Bootstrap tree #983, logLikelihood: -35620.918694
[02:10:00] [worker #13] Bootstrap tree #990, logLikelihood: -35427.119900
[02:10:02] [worker #15] Bootstrap tree #992, logLikelihood: -35587.148424
[02:10:02] [worker #8] Bootstrap tree #985, logLikelihood: -35600.949356
[02:10:05] [worker #1] Bootstrap tree #994, logLikelihood: -35600.002894
[02:10:06] [worker #12] Bootstrap tree #989, logLikelihood: -35379.651183
[02:10:07] [worker #3] Bootstrap tree #996, logLikelihood: -35632.765740
[02:10:17] [worker #9] Bootstrap tree #986, logLikelihood: -35768.829146
[02:10:45] [worker #7] Bootstrap tree #1000, logLikelihood: -35509.407796
[02:11:22] [worker #6] Bootstrap tree #999, logLikelihood: -35599.422678

Optimized model parameters:

   Partition 0: noname
   Rate heterogeneity: GAMMA (4 cats, mean),  alpha: 99.861185 (ML),  weights&rates: (0.250000,0.875822) (0.250000,0.964713) (0.250000,1.029568) (0.250000,1.129898) 
   Base frequencies (ML): 0.191157 0.312182 0.302799 0.193862 
   Substitution rates (ML): 0.969267 2.082828 0.705523 0.095613 2.095848 1.000000 


Final LogLikelihood: -35686.522008

AIC score: 72193.044015 / AICc score: 72276.609599 / BIC score: 74816.761177
Free parameters (model + branch lengths): 410

WARNING: Best ML tree contains 51 near-zero branches!

Best ML tree with collapsed near-zero branches saved to: /home/light/pestis_work/raxml/raxml_final_with_projection_rise386/full_tree_alignment_1000bs_ML_all_production_run_fullqc_projected_pileup.raxml.bestTreeCollapsed
Best ML tree saved to: /home/light/pestis_work/raxml/raxml_final_with_projection_rise386/full_tree_alignment_1000bs_ML_all_production_run_fullqc_projected_pileup.raxml.bestTree
All ML trees saved to: /home/light/pestis_work/raxml/raxml_final_with_projection_rise386/full_tree_alignment_1000bs_ML_all_production_run_fullqc_projected_pileup.raxml.mlTrees
Best ML tree with Felsenstein bootstrap (FBP) support values saved to: /home/light/pestis_work/raxml/raxml_final_with_projection_rise386/full_tree_alignment_1000bs_ML_all_production_run_fullqc_projected_pileup.raxml.support
Optimized model saved to: /home/light/pestis_work/raxml/raxml_final_with_projection_rise386/full_tree_alignment_1000bs_ML_all_production_run_fullqc_projected_pileup.raxml.bestModel
Bootstrap trees saved to: /home/light/pestis_work/raxml/raxml_final_with_projection_rise386/full_tree_alignment_1000bs_ML_all_production_run_fullqc_projected_pileup.raxml.bootstraps

Execution log saved to: /home/light/pestis_work/raxml/raxml_final_with_projection_rise386/full_tree_alignment_1000bs_ML_all_production_run_fullqc_projected_pileup.raxml.log

Analysis started: 17-Dec-2024 13:12:59 / finished: 17-Dec-2024 15:24:22

Elapsed time: 7883.411 seconds

